<?xml version="1.0" encoding="UTF-8"?>
<coverage generated="1763979333453" clover="3.2.0">
  <project timestamp="1763979333453" name="All files">
    <metrics statements="1555" coveredstatements="1362" conditionals="352" coveredconditionals="325" methods="92" coveredmethods="51" elements="1999" coveredelements="1738" complexity="0" loc="1555" ncloc="1555" packages="7" files="20" classes="20"/>
    <package name="before">
      <metrics statements="5" coveredstatements="0" conditionals="1" coveredconditionals="0" methods="1" coveredmethods="0"/>
      <file name="postcss.config.js" path="/Users/summer/Documents/Repositories/front_7th_chapter3-1/packages/before/postcss.config.js">
        <metrics statements="5" coveredstatements="0" conditionals="1" coveredconditionals="0" methods="1" coveredmethods="0"/>
        <line num="1" count="0" type="cond" truecount="0" falsecount="1"/>
        <line num="2" count="0" type="stmt"/>
        <line num="3" count="0" type="stmt"/>
        <line num="4" count="0" type="stmt"/>
        <line num="5" count="0" type="stmt"/>
      </file>
    </package>
    <package name="before.src">
      <metrics statements="19" coveredstatements="0" conditionals="2" coveredconditionals="0" methods="2" coveredmethods="0"/>
      <file name="App.tsx" path="/Users/summer/Documents/Repositories/front_7th_chapter3-1/packages/before/src/App.tsx">
        <metrics statements="10" coveredstatements="0" conditionals="1" coveredconditionals="0" methods="1" coveredmethods="0"/>
        <line num="1" count="0" type="cond" truecount="0" falsecount="1"/>
        <line num="6" count="0" type="stmt"/>
        <line num="7" count="0" type="stmt"/>
        <line num="8" count="0" type="stmt"/>
        <line num="9" count="0" type="stmt"/>
        <line num="10" count="0" type="stmt"/>
        <line num="11" count="0" type="stmt"/>
        <line num="12" count="0" type="stmt"/>
        <line num="13" count="0" type="stmt"/>
        <line num="15" count="0" type="stmt"/>
      </file>
      <file name="main.tsx" path="/Users/summer/Documents/Repositories/front_7th_chapter3-1/packages/before/src/main.tsx">
        <metrics statements="9" coveredstatements="0" conditionals="1" coveredconditionals="0" methods="1" coveredmethods="0"/>
        <line num="1" count="0" type="cond" truecount="0" falsecount="1"/>
        <line num="2" count="0" type="stmt"/>
        <line num="3" count="0" type="stmt"/>
        <line num="4" count="0" type="stmt"/>
        <line num="6" count="0" type="stmt"/>
        <line num="7" count="0" type="stmt"/>
        <line num="8" count="0" type="stmt"/>
        <line num="9" count="0" type="stmt"/>
        <line num="10" count="0" type="stmt"/>
      </file>
    </package>
    <package name="before.src.components.atoms">
      <metrics statements="168" coveredstatements="168" conditionals="54" coveredconditionals="54" methods="2" coveredmethods="2"/>
      <file name="Badge.tsx" path="/Users/summer/Documents/Repositories/front_7th_chapter3-1/packages/before/src/components/atoms/Badge.tsx">
        <metrics statements="105" coveredstatements="105" conditionals="26" coveredconditionals="26" methods="1" coveredmethods="1"/>
        <line num="1" count="1" type="stmt"/>
        <line num="16" count="1" type="cond" truecount="1" falsecount="0"/>
        <line num="17" count="617" type="stmt"/>
        <line num="18" count="617" type="stmt"/>
        <line num="19" count="617" type="stmt"/>
        <line num="20" count="617" type="stmt"/>
        <line num="21" count="617" type="stmt"/>
        <line num="22" count="617" type="stmt"/>
        <line num="23" count="617" type="stmt"/>
        <line num="24" count="617" type="stmt"/>
        <line num="25" count="617" type="stmt"/>
        <line num="26" count="617" type="stmt"/>
        <line num="29" count="617" type="stmt"/>
        <line num="30" count="617" type="stmt"/>
        <line num="32" count="617" type="cond" truecount="1" falsecount="0"/>
        <line num="33" count="297" type="stmt"/>
        <line num="34" count="297" type="cond" truecount="1" falsecount="0"/>
        <line num="35" count="204" type="stmt"/>
        <line num="36" count="204" type="cond" truecount="1" falsecount="0"/>
        <line num="37" count="204" type="stmt"/>
        <line num="38" count="297" type="cond" truecount="1" falsecount="0"/>
        <line num="39" count="12" type="stmt"/>
        <line num="40" count="12" type="stmt"/>
        <line num="41" count="12" type="stmt"/>
        <line num="42" count="297" type="cond" truecount="1" falsecount="0"/>
        <line num="43" count="10" type="stmt"/>
        <line num="44" count="10" type="stmt"/>
        <line num="45" count="10" type="stmt"/>
        <line num="46" count="297" type="cond" truecount="1" falsecount="0"/>
        <line num="47" count="1" type="stmt"/>
        <line num="48" count="1" type="stmt"/>
        <line num="49" count="1" type="stmt"/>
        <line num="50" count="297" type="cond" truecount="1" falsecount="0"/>
        <line num="51" count="70" type="stmt"/>
        <line num="52" count="70" type="stmt"/>
        <line num="53" count="70" type="stmt"/>
        <line num="54" count="297" type="stmt"/>
        <line num="55" count="297" type="stmt"/>
        <line num="57" count="617" type="cond" truecount="1" falsecount="0"/>
        <line num="58" count="252" type="stmt"/>
        <line num="59" count="252" type="cond" truecount="1" falsecount="0"/>
        <line num="60" count="60" type="stmt"/>
        <line num="61" count="60" type="cond" truecount="1" falsecount="0"/>
        <line num="62" count="60" type="stmt"/>
        <line num="63" count="252" type="cond" truecount="1" falsecount="0"/>
        <line num="64" count="55" type="stmt"/>
        <line num="65" count="55" type="stmt"/>
        <line num="66" count="55" type="stmt"/>
        <line num="67" count="252" type="cond" truecount="1" falsecount="0"/>
        <line num="68" count="136" type="stmt"/>
        <line num="69" count="136" type="stmt"/>
        <line num="70" count="136" type="stmt"/>
        <line num="71" count="252" type="cond" truecount="1" falsecount="0"/>
        <line num="72" count="1" type="stmt"/>
        <line num="73" count="1" type="stmt"/>
        <line num="74" count="1" type="stmt"/>
        <line num="75" count="252" type="stmt"/>
        <line num="76" count="252" type="stmt"/>
        <line num="78" count="617" type="cond" truecount="1" falsecount="0"/>
        <line num="79" count="5" type="stmt"/>
        <line num="80" count="5" type="cond" truecount="1" falsecount="0"/>
        <line num="81" count="3" type="stmt"/>
        <line num="82" count="3" type="cond" truecount="1" falsecount="0"/>
        <line num="83" count="3" type="stmt"/>
        <line num="84" count="5" type="cond" truecount="1" falsecount="0"/>
        <line num="85" count="1" type="stmt"/>
        <line num="86" count="1" type="stmt"/>
        <line num="87" count="1" type="stmt"/>
        <line num="88" count="5" type="cond" truecount="1" falsecount="0"/>
        <line num="89" count="1" type="stmt"/>
        <line num="90" count="1" type="stmt"/>
        <line num="91" count="1" type="stmt"/>
        <line num="92" count="5" type="stmt"/>
        <line num="93" count="5" type="stmt"/>
        <line num="95" count="617" type="cond" truecount="1" falsecount="0"/>
        <line num="96" count="6" type="stmt"/>
        <line num="97" count="6" type="cond" truecount="1" falsecount="0"/>
        <line num="98" count="3" type="stmt"/>
        <line num="99" count="3" type="cond" truecount="1" falsecount="0"/>
        <line num="100" count="3" type="stmt"/>
        <line num="101" count="6" type="cond" truecount="1" falsecount="0"/>
        <line num="102" count="1" type="stmt"/>
        <line num="103" count="1" type="stmt"/>
        <line num="104" count="1" type="stmt"/>
        <line num="105" count="6" type="cond" truecount="1" falsecount="0"/>
        <line num="106" count="1" type="stmt"/>
        <line num="107" count="1" type="stmt"/>
        <line num="108" count="1" type="stmt"/>
        <line num="109" count="6" type="cond" truecount="1" falsecount="0"/>
        <line num="110" count="1" type="stmt"/>
        <line num="111" count="1" type="stmt"/>
        <line num="112" count="1" type="stmt"/>
        <line num="113" count="6" type="stmt"/>
        <line num="114" count="6" type="stmt"/>
        <line num="116" count="617" type="stmt"/>
        <line num="117" count="617" type="stmt"/>
        <line num="118" count="617" type="stmt"/>
        <line num="119" count="617" type="stmt"/>
        <line num="120" count="617" type="cond" truecount="1" falsecount="0"/>
        <line num="121" count="617" type="stmt"/>
        <line num="123" count="617" type="stmt"/>
        <line num="124" count="617" type="stmt"/>
        <line num="125" count="617" type="stmt"/>
        <line num="126" count="617" type="stmt"/>
        <line num="128" count="617" type="stmt"/>
      </file>
      <file name="Button.tsx" path="/Users/summer/Documents/Repositories/front_7th_chapter3-1/packages/before/src/components/atoms/Button.tsx">
        <metrics statements="62" coveredstatements="62" conditionals="28" coveredconditionals="28" methods="1" coveredmethods="1"/>
        <line num="1" count="1" type="stmt"/>
        <line num="19" count="1" type="cond" truecount="1" falsecount="0"/>
        <line num="20" count="800" type="stmt"/>
        <line num="21" count="800" type="stmt"/>
        <line num="22" count="800" type="stmt"/>
        <line num="23" count="800" type="stmt"/>
        <line num="24" count="800" type="stmt"/>
        <line num="25" count="800" type="stmt"/>
        <line num="26" count="800" type="stmt"/>
        <line num="27" count="800" type="stmt"/>
        <line num="28" count="800" type="stmt"/>
        <line num="29" count="800" type="stmt"/>
        <line num="30" count="800" type="stmt"/>
        <line num="32" count="800" type="stmt"/>
        <line num="33" count="800" type="stmt"/>
        <line num="34" count="800" type="stmt"/>
        <line num="36" count="800" type="cond" truecount="3" falsecount="0"/>
        <line num="38" count="18" type="cond" truecount="3" falsecount="0"/>
        <line num="39" count="1" type="stmt"/>
        <line num="40" count="1" type="stmt"/>
        <line num="43" count="18" type="cond" truecount="3" falsecount="0"/>
        <line num="44" count="1" type="stmt"/>
        <line num="45" count="1" type="stmt"/>
        <line num="48" count="18" type="cond" truecount="3" falsecount="0"/>
        <line num="49" count="1" type="stmt"/>
        <line num="50" count="1" type="stmt"/>
        <line num="53" count="18" type="cond" truecount="1" falsecount="0"/>
        <line num="54" count="8" type="cond" truecount="1" falsecount="0"/>
        <line num="55" count="2" type="cond" truecount="2" falsecount="0"/>
        <line num="56" count="8" type="cond" truecount="2" falsecount="0"/>
        <line num="57" count="2" type="stmt"/>
        <line num="58" count="6" type="cond" truecount="2" falsecount="0"/>
        <line num="59" count="2" type="stmt"/>
        <line num="60" count="2" type="cond" truecount="1" falsecount="0"/>
        <line num="61" count="1" type="stmt"/>
        <line num="62" count="1" type="stmt"/>
        <line num="63" count="1" type="stmt"/>
        <line num="64" count="1" type="stmt"/>
        <line num="65" count="8" type="stmt"/>
        <line num="68" count="18" type="cond" truecount="1" falsecount="0"/>
        <line num="69" count="6" type="stmt"/>
        <line num="70" count="18" type="cond" truecount="2" falsecount="0"/>
        <line num="71" count="4" type="stmt"/>
        <line num="72" count="12" type="cond" truecount="2" falsecount="0"/>
        <line num="73" count="3" type="stmt"/>
        <line num="74" count="3" type="stmt"/>
        <line num="75" count="18" type="stmt"/>
        <line num="77" count="800" type="stmt"/>
        <line num="78" count="800" type="stmt"/>
        <line num="79" count="800" type="stmt"/>
        <line num="80" count="800" type="stmt"/>
        <line num="81" count="800" type="cond" truecount="1" falsecount="0"/>
        <line num="82" count="800" type="stmt"/>
        <line num="84" count="800" type="stmt"/>
        <line num="85" count="800" type="stmt"/>
        <line num="86" count="800" type="stmt"/>
        <line num="87" count="800" type="stmt"/>
        <line num="88" count="800" type="stmt"/>
        <line num="89" count="800" type="stmt"/>
        <line num="91" count="800" type="stmt"/>
        <line num="92" count="800" type="stmt"/>
        <line num="94" count="800" type="stmt"/>
      </file>
      <file name="index.ts" path="/Users/summer/Documents/Repositories/front_7th_chapter3-1/packages/before/src/components/atoms/index.ts">
        <metrics statements="1" coveredstatements="1" conditionals="0" coveredconditionals="0" methods="0" coveredmethods="0"/>
        <line num="1" count="1" type="stmt"/>
      </file>
    </package>
    <package name="before.src.components.molecules">
      <metrics statements="210" coveredstatements="210" conditionals="68" coveredconditionals="68" methods="10" coveredmethods="10"/>
      <file name="FormCheckbox.tsx" path="/Users/summer/Documents/Repositories/front_7th_chapter3-1/packages/before/src/components/molecules/FormCheckbox.tsx">
        <metrics statements="41" coveredstatements="41" conditionals="13" coveredconditionals="13" methods="3" coveredmethods="3"/>
        <line num="1" count="1" type="stmt"/>
        <line num="14" count="1" type="cond" truecount="1" falsecount="0"/>
        <line num="15" count="37" type="stmt"/>
        <line num="16" count="37" type="stmt"/>
        <line num="17" count="37" type="stmt"/>
        <line num="18" count="37" type="stmt"/>
        <line num="19" count="37" type="stmt"/>
        <line num="20" count="37" type="stmt"/>
        <line num="21" count="37" type="stmt"/>
        <line num="22" count="37" type="stmt"/>
        <line num="23" count="37" type="cond" truecount="1" falsecount="0"/>
        <line num="24" count="37" type="cond" truecount="2" falsecount="0"/>
        <line num="25" count="37" type="cond" truecount="1" falsecount="0"/>
        <line num="26" count="37" type="cond" truecount="2" falsecount="0"/>
        <line num="28" count="37" type="cond" truecount="1" falsecount="0"/>
        <line num="29" count="7" type="cond" truecount="1" falsecount="0"/>
        <line num="30" count="6" type="stmt"/>
        <line num="31" count="6" type="stmt"/>
        <line num="32" count="7" type="stmt"/>
        <line num="34" count="37" type="stmt"/>
        <line num="35" count="37" type="stmt"/>
        <line num="36" count="37" type="stmt"/>
        <line num="37" count="37" type="stmt"/>
        <line num="38" count="37" type="stmt"/>
        <line num="39" count="37" type="stmt"/>
        <line num="40" count="37" type="stmt"/>
        <line num="41" count="37" type="stmt"/>
        <line num="42" count="37" type="cond" truecount="1" falsecount="0"/>
        <line num="43" count="37" type="stmt"/>
        <line num="44" count="37" type="stmt"/>
        <line num="45" count="37" type="stmt"/>
        <line num="46" count="37" type="stmt"/>
        <line num="47" count="37" type="stmt"/>
        <line num="48" count="37" type="stmt"/>
        <line num="49" count="37" type="stmt"/>
        <line num="50" count="37" type="stmt"/>
        <line num="51" count="37" type="stmt"/>
        <line num="53" count="37" type="cond" truecount="1" falsecount="0"/>
        <line num="54" count="37" type="cond" truecount="2" falsecount="0"/>
        <line num="55" count="37" type="stmt"/>
        <line num="57" count="37" type="stmt"/>
      </file>
      <file name="FormInput.tsx" path="/Users/summer/Documents/Repositories/front_7th_chapter3-1/packages/before/src/components/molecules/FormInput.tsx">
        <metrics statements="89" coveredstatements="89" conditionals="36" coveredconditionals="36" methods="3" coveredmethods="3"/>
        <line num="1" count="1" type="stmt"/>
        <line num="23" count="1" type="cond" truecount="1" falsecount="0"/>
        <line num="24" count="215" type="stmt"/>
        <line num="25" count="215" type="stmt"/>
        <line num="26" count="215" type="stmt"/>
        <line num="27" count="215" type="stmt"/>
        <line num="28" count="215" type="stmt"/>
        <line num="29" count="215" type="stmt"/>
        <line num="30" count="215" type="stmt"/>
        <line num="31" count="215" type="stmt"/>
        <line num="32" count="215" type="stmt"/>
        <line num="33" count="215" type="stmt"/>
        <line num="34" count="215" type="stmt"/>
        <line num="35" count="215" type="stmt"/>
        <line num="36" count="215" type="stmt"/>
        <line num="37" count="215" type="stmt"/>
        <line num="38" count="215" type="stmt"/>
        <line num="39" count="215" type="stmt"/>
        <line num="42" count="215" type="cond" truecount="1" falsecount="0"/>
        <line num="43" count="119" type="stmt"/>
        <line num="45" count="119" type="cond" truecount="2" falsecount="0"/>
        <line num="48" count="119" type="cond" truecount="1" falsecount="0"/>
        <line num="49" count="27" type="cond" truecount="1" falsecount="0"/>
        <line num="50" count="13" type="stmt"/>
        <line num="51" count="27" type="cond" truecount="2" falsecount="0"/>
        <line num="52" count="1" type="stmt"/>
        <line num="53" count="14" type="cond" truecount="2" falsecount="0"/>
        <line num="54" count="1" type="stmt"/>
        <line num="55" count="1" type="stmt"/>
        <line num="58" count="27" type="cond" truecount="1" falsecount="0"/>
        <line num="59" count="5" type="stmt"/>
        <line num="60" count="5" type="stmt"/>
        <line num="61" count="5" type="stmt"/>
        <line num="62" count="5" type="stmt"/>
        <line num="63" count="5" type="stmt"/>
        <line num="64" count="119" type="cond" truecount="2" falsecount="0"/>
        <line num="65" count="78" type="cond" truecount="1" falsecount="0"/>
        <line num="66" count="70" type="stmt"/>
        <line num="67" count="70" type="stmt"/>
        <line num="70" count="78" type="cond" truecount="2" falsecount="0"/>
        <line num="71" count="16" type="cond" truecount="2" falsecount="0"/>
        <line num="72" count="14" type="stmt"/>
        <line num="73" count="14" type="stmt"/>
        <line num="74" count="16" type="stmt"/>
        <line num="75" count="90" type="cond" truecount="2" falsecount="0"/>
        <line num="76" count="7" type="cond" truecount="1" falsecount="0"/>
        <line num="77" count="1" type="stmt"/>
        <line num="78" count="7" type="cond" truecount="2" falsecount="0"/>
        <line num="79" count="1" type="stmt"/>
        <line num="80" count="1" type="stmt"/>
        <line num="83" count="7" type="cond" truecount="2" falsecount="0"/>
        <line num="84" count="5" type="stmt"/>
        <line num="85" count="5" type="cond" truecount="1" falsecount="0"/>
        <line num="86" count="5" type="cond" truecount="1" falsecount="0"/>
        <line num="87" count="4" type="stmt"/>
        <line num="88" count="4" type="stmt"/>
        <line num="89" count="5" type="stmt"/>
        <line num="90" count="7" type="stmt"/>
        <line num="91" count="119" type="stmt"/>
        <line num="93" count="215" type="cond" truecount="1" falsecount="0"/>
        <line num="94" count="119" type="stmt"/>
        <line num="95" count="119" type="stmt"/>
        <line num="96" count="119" type="stmt"/>
        <line num="97" count="119" type="stmt"/>
        <line num="99" count="215" type="cond" truecount="1" falsecount="0"/>
        <line num="100" count="215" type="cond" truecount="1" falsecount="0"/>
        <line num="101" count="215" type="cond" truecount="1" falsecount="0"/>
        <line num="103" count="215" type="stmt"/>
        <line num="104" count="215" type="stmt"/>
        <line num="105" count="215" type="cond" truecount="1" falsecount="0"/>
        <line num="106" count="97" type="stmt"/>
        <line num="107" count="97" type="stmt"/>
        <line num="108" count="97" type="cond" truecount="1" falsecount="0"/>
        <line num="109" count="97" type="stmt"/>
        <line num="112" count="215" type="stmt"/>
        <line num="113" count="215" type="stmt"/>
        <line num="114" count="215" type="stmt"/>
        <line num="115" count="215" type="stmt"/>
        <line num="116" count="215" type="stmt"/>
        <line num="117" count="215" type="stmt"/>
        <line num="118" count="215" type="stmt"/>
        <line num="119" count="215" type="stmt"/>
        <line num="120" count="215" type="stmt"/>
        <line num="121" count="215" type="stmt"/>
        <line num="122" count="215" type="stmt"/>
        <line num="124" count="215" type="cond" truecount="1" falsecount="0"/>
        <line num="125" count="215" type="cond" truecount="2" falsecount="0"/>
        <line num="126" count="215" type="stmt"/>
        <line num="128" count="215" type="stmt"/>
      </file>
      <file name="FormSelect.tsx" path="/Users/summer/Documents/Repositories/front_7th_chapter3-1/packages/before/src/components/molecules/FormSelect.tsx">
        <metrics statements="43" coveredstatements="43" conditionals="10" coveredconditionals="10" methods="2" coveredmethods="2"/>
        <line num="1" count="1" type="stmt"/>
        <line num="23" count="1" type="cond" truecount="1" falsecount="0"/>
        <line num="24" count="126" type="stmt"/>
        <line num="25" count="126" type="stmt"/>
        <line num="26" count="126" type="stmt"/>
        <line num="27" count="126" type="stmt"/>
        <line num="28" count="126" type="stmt"/>
        <line num="29" count="126" type="stmt"/>
        <line num="30" count="126" type="stmt"/>
        <line num="31" count="126" type="stmt"/>
        <line num="32" count="126" type="stmt"/>
        <line num="33" count="126" type="stmt"/>
        <line num="34" count="126" type="stmt"/>
        <line num="35" count="126" type="stmt"/>
        <line num="37" count="126" type="cond" truecount="1" falsecount="0"/>
        <line num="38" count="126" type="cond" truecount="1" falsecount="0"/>
        <line num="40" count="126" type="stmt"/>
        <line num="41" count="126" type="stmt"/>
        <line num="42" count="126" type="cond" truecount="1" falsecount="0"/>
        <line num="43" count="97" type="stmt"/>
        <line num="44" count="97" type="stmt"/>
        <line num="45" count="97" type="cond" truecount="1" falsecount="0"/>
        <line num="46" count="97" type="stmt"/>
        <line num="49" count="126" type="stmt"/>
        <line num="50" count="126" type="stmt"/>
        <line num="51" count="126" type="stmt"/>
        <line num="52" count="126" type="cond" truecount="1" falsecount="0"/>
        <line num="53" count="126" type="stmt"/>
        <line num="54" count="126" type="stmt"/>
        <line num="55" count="126" type="stmt"/>
        <line num="57" count="126" type="stmt"/>
        <line num="58" count="126" type="stmt"/>
        <line num="59" count="126" type="stmt"/>
        <line num="60" count="126" type="cond" truecount="1" falsecount="0"/>
        <line num="61" count="375" type="stmt"/>
        <line num="62" count="375" type="stmt"/>
        <line num="63" count="375" type="stmt"/>
        <line num="64" count="126" type="stmt"/>
        <line num="65" count="126" type="stmt"/>
        <line num="67" count="126" type="cond" truecount="1" falsecount="0"/>
        <line num="68" count="126" type="cond" truecount="2" falsecount="0"/>
        <line num="69" count="126" type="stmt"/>
        <line num="71" count="126" type="stmt"/>
      </file>
      <file name="FormTextarea.tsx" path="/Users/summer/Documents/Repositories/front_7th_chapter3-1/packages/before/src/components/molecules/FormTextarea.tsx">
        <metrics statements="36" coveredstatements="36" conditionals="9" coveredconditionals="9" methods="2" coveredmethods="2"/>
        <line num="1" count="1" type="stmt"/>
        <line num="17" count="1" type="cond" truecount="1" falsecount="0"/>
        <line num="18" count="29" type="stmt"/>
        <line num="19" count="29" type="stmt"/>
        <line num="20" count="29" type="stmt"/>
        <line num="21" count="29" type="stmt"/>
        <line num="22" count="29" type="stmt"/>
        <line num="23" count="29" type="stmt"/>
        <line num="24" count="29" type="stmt"/>
        <line num="25" count="29" type="stmt"/>
        <line num="26" count="29" type="stmt"/>
        <line num="27" count="29" type="stmt"/>
        <line num="28" count="29" type="stmt"/>
        <line num="29" count="29" type="cond" truecount="1" falsecount="0"/>
        <line num="30" count="29" type="cond" truecount="1" falsecount="0"/>
        <line num="32" count="29" type="stmt"/>
        <line num="33" count="29" type="stmt"/>
        <line num="34" count="29" type="cond" truecount="1" falsecount="0"/>
        <line num="35" count="3" type="stmt"/>
        <line num="36" count="3" type="stmt"/>
        <line num="37" count="3" type="cond" truecount="1" falsecount="0"/>
        <line num="38" count="3" type="stmt"/>
        <line num="41" count="29" type="stmt"/>
        <line num="42" count="29" type="stmt"/>
        <line num="43" count="29" type="stmt"/>
        <line num="44" count="29" type="cond" truecount="1" falsecount="0"/>
        <line num="45" count="29" type="stmt"/>
        <line num="46" count="29" type="stmt"/>
        <line num="47" count="29" type="stmt"/>
        <line num="48" count="29" type="stmt"/>
        <line num="49" count="29" type="stmt"/>
        <line num="50" count="29" type="stmt"/>
        <line num="52" count="29" type="cond" truecount="1" falsecount="0"/>
        <line num="53" count="29" type="cond" truecount="2" falsecount="0"/>
        <line num="54" count="29" type="stmt"/>
        <line num="56" count="29" type="stmt"/>
      </file>
      <file name="index.ts" path="/Users/summer/Documents/Repositories/front_7th_chapter3-1/packages/before/src/components/molecules/index.ts">
        <metrics statements="1" coveredstatements="1" conditionals="0" coveredconditionals="0" methods="0" coveredmethods="0"/>
        <line num="1" count="1" type="stmt"/>
      </file>
    </package>
    <package name="before.src.components.organisms">
      <metrics statements="412" coveredstatements="412" conditionals="127" coveredconditionals="126" methods="21" coveredmethods="17"/>
      <file name="Alert.tsx" path="/Users/summer/Documents/Repositories/front_7th_chapter3-1/packages/before/src/components/organisms/Alert.tsx">
        <metrics statements="30" coveredstatements="30" conditionals="10" coveredconditionals="10" methods="2" coveredmethods="2"/>
        <line num="1" count="1" type="stmt"/>
        <line num="12" count="1" type="cond" truecount="1" falsecount="0"/>
        <line num="13" count="76" type="stmt"/>
        <line num="14" count="76" type="stmt"/>
        <line num="15" count="76" type="stmt"/>
        <line num="16" count="76" type="stmt"/>
        <line num="17" count="76" type="stmt"/>
        <line num="18" count="76" type="stmt"/>
        <line num="19" count="76" type="cond" truecount="1" falsecount="0"/>
        <line num="20" count="69" type="stmt"/>
        <line num="21" count="69" type="cond" truecount="1" falsecount="0"/>
        <line num="22" count="69" type="cond" truecount="1" falsecount="0"/>
        <line num="23" count="69" type="cond" truecount="1" falsecount="0"/>
        <line num="24" count="69" type="cond" truecount="1" falsecount="0"/>
        <line num="25" count="69" type="cond" truecount="1" falsecount="0"/>
        <line num="26" count="69" type="stmt"/>
        <line num="27" count="69" type="stmt"/>
        <line num="29" count="76" type="stmt"/>
        <line num="31" count="76" type="stmt"/>
        <line num="32" count="76" type="stmt"/>
        <line num="33" count="76" type="cond" truecount="1" falsecount="0"/>
        <line num="34" count="76" type="stmt"/>
        <line num="35" count="76" type="cond" truecount="1" falsecount="0"/>
        <line num="36" count="76" type="stmt"/>
        <line num="37" count="76" type="stmt"/>
        <line num="38" count="76" type="cond" truecount="1" falsecount="0"/>
        <line num="39" count="30" type="stmt"/>
        <line num="41" count="30" type="stmt"/>
        <line num="43" count="76" type="stmt"/>
        <line num="45" count="76" type="stmt"/>
      </file>
      <file name="Card.tsx" path="/Users/summer/Documents/Repositories/front_7th_chapter3-1/packages/before/src/components/organisms/Card.tsx">
        <metrics statements="22" coveredstatements="22" conditionals="7" coveredconditionals="7" methods="1" coveredmethods="1"/>
        <line num="1" count="1" type="stmt"/>
        <line num="11" count="1" type="cond" truecount="1" falsecount="0"/>
        <line num="12" count="30" type="stmt"/>
        <line num="13" count="30" type="stmt"/>
        <line num="14" count="30" type="stmt"/>
        <line num="15" count="30" type="stmt"/>
        <line num="16" count="30" type="stmt"/>
        <line num="17" count="30" type="stmt"/>
        <line num="18" count="30" type="stmt"/>
        <line num="20" count="30" type="stmt"/>
        <line num="21" count="30" type="stmt"/>
        <line num="22" count="30" type="cond" truecount="3" falsecount="0"/>
        <line num="23" count="17" type="stmt"/>
        <line num="24" count="17" type="stmt"/>
        <line num="25" count="17" type="cond" truecount="1" falsecount="0"/>
        <line num="26" count="17" type="cond" truecount="1" falsecount="0"/>
        <line num="27" count="17" type="stmt"/>
        <line num="28" count="17" type="cond" truecount="1" falsecount="0"/>
        <line num="29" count="17" type="stmt"/>
        <line num="31" count="30" type="stmt"/>
        <line num="32" count="30" type="stmt"/>
        <line num="34" count="30" type="stmt"/>
      </file>
      <file name="Header.tsx" path="/Users/summer/Documents/Repositories/front_7th_chapter3-1/packages/before/src/components/organisms/Header.tsx">
        <metrics statements="94" coveredstatements="94" conditionals="1" coveredconditionals="1" methods="1" coveredmethods="1"/>
        <line num="1" count="1" type="stmt"/>
        <line num="3" count="1" type="cond" truecount="1" falsecount="0"/>
        <line num="4" count="24" type="stmt"/>
        <line num="5" count="24" type="stmt"/>
        <line num="6" count="24" type="stmt"/>
        <line num="7" count="24" type="stmt"/>
        <line num="8" count="24" type="stmt"/>
        <line num="9" count="24" type="stmt"/>
        <line num="10" count="24" type="stmt"/>
        <line num="11" count="24" type="stmt"/>
        <line num="12" count="24" type="stmt"/>
        <line num="13" count="24" type="stmt"/>
        <line num="14" count="24" type="stmt"/>
        <line num="15" count="24" type="stmt"/>
        <line num="16" count="24" type="stmt"/>
        <line num="17" count="24" type="stmt"/>
        <line num="18" count="24" type="stmt"/>
        <line num="19" count="24" type="stmt"/>
        <line num="20" count="24" type="stmt"/>
        <line num="21" count="24" type="stmt"/>
        <line num="23" count="24" type="stmt"/>
        <line num="24" count="24" type="stmt"/>
        <line num="25" count="24" type="stmt"/>
        <line num="26" count="24" type="stmt"/>
        <line num="27" count="24" type="stmt"/>
        <line num="28" count="24" type="stmt"/>
        <line num="29" count="24" type="stmt"/>
        <line num="30" count="24" type="stmt"/>
        <line num="31" count="24" type="stmt"/>
        <line num="32" count="24" type="stmt"/>
        <line num="33" count="24" type="stmt"/>
        <line num="34" count="24" type="stmt"/>
        <line num="35" count="24" type="stmt"/>
        <line num="36" count="24" type="stmt"/>
        <line num="37" count="24" type="stmt"/>
        <line num="38" count="24" type="stmt"/>
        <line num="39" count="24" type="stmt"/>
        <line num="41" count="24" type="stmt"/>
        <line num="42" count="24" type="stmt"/>
        <line num="43" count="24" type="stmt"/>
        <line num="44" count="24" type="stmt"/>
        <line num="45" count="24" type="stmt"/>
        <line num="46" count="24" type="stmt"/>
        <line num="47" count="24" type="stmt"/>
        <line num="48" count="24" type="stmt"/>
        <line num="49" count="24" type="stmt"/>
        <line num="51" count="24" type="stmt"/>
        <line num="52" count="24" type="stmt"/>
        <line num="53" count="24" type="stmt"/>
        <line num="54" count="24" type="stmt"/>
        <line num="55" count="24" type="stmt"/>
        <line num="56" count="24" type="stmt"/>
        <line num="57" count="24" type="stmt"/>
        <line num="58" count="24" type="stmt"/>
        <line num="60" count="24" type="stmt"/>
        <line num="61" count="24" type="stmt"/>
        <line num="62" count="24" type="stmt"/>
        <line num="66" count="24" type="stmt"/>
        <line num="67" count="24" type="stmt"/>
        <line num="68" count="24" type="stmt"/>
        <line num="69" count="24" type="stmt"/>
        <line num="70" count="24" type="stmt"/>
        <line num="71" count="24" type="stmt"/>
        <line num="72" count="24" type="stmt"/>
        <line num="73" count="24" type="stmt"/>
        <line num="74" count="24" type="stmt"/>
        <line num="75" count="24" type="stmt"/>
        <line num="76" count="24" type="stmt"/>
        <line num="77" count="24" type="stmt"/>
        <line num="78" count="24" type="stmt"/>
        <line num="80" count="24" type="stmt"/>
        <line num="81" count="24" type="stmt"/>
        <line num="82" count="24" type="stmt"/>
        <line num="83" count="24" type="stmt"/>
        <line num="84" count="24" type="stmt"/>
        <line num="86" count="24" type="stmt"/>
        <line num="87" count="24" type="stmt"/>
        <line num="88" count="24" type="stmt"/>
        <line num="89" count="24" type="stmt"/>
        <line num="90" count="24" type="stmt"/>
        <line num="91" count="24" type="stmt"/>
        <line num="92" count="24" type="stmt"/>
        <line num="93" count="24" type="stmt"/>
        <line num="94" count="24" type="stmt"/>
        <line num="95" count="24" type="stmt"/>
        <line num="96" count="24" type="stmt"/>
        <line num="97" count="24" type="stmt"/>
        <line num="98" count="24" type="stmt"/>
        <line num="99" count="24" type="stmt"/>
        <line num="101" count="24" type="stmt"/>
        <line num="102" count="24" type="stmt"/>
        <line num="103" count="24" type="stmt"/>
        <line num="104" count="24" type="stmt"/>
        <line num="106" count="24" type="stmt"/>
      </file>
      <file name="Modal.tsx" path="/Users/summer/Documents/Repositories/front_7th_chapter3-1/packages/before/src/components/organisms/Modal.tsx">
        <metrics statements="41" coveredstatements="41" conditionals="12" coveredconditionals="12" methods="2" coveredmethods="2"/>
        <line num="1" count="1" type="stmt"/>
        <line num="13" count="1" type="cond" truecount="1" falsecount="0"/>
        <line num="14" count="159" type="stmt"/>
        <line num="15" count="159" type="stmt"/>
        <line num="16" count="159" type="stmt"/>
        <line num="17" count="159" type="stmt"/>
        <line num="18" count="159" type="stmt"/>
        <line num="19" count="159" type="stmt"/>
        <line num="20" count="159" type="stmt"/>
        <line num="21" count="159" type="stmt"/>
        <line num="22" count="159" type="cond" truecount="1" falsecount="0"/>
        <line num="23" count="49" type="cond" truecount="1" falsecount="0"/>
        <line num="24" count="38" type="stmt"/>
        <line num="25" count="49" type="cond" truecount="1" falsecount="0"/>
        <line num="26" count="11" type="stmt"/>
        <line num="27" count="11" type="stmt"/>
        <line num="28" count="49" type="cond" truecount="1" falsecount="0"/>
        <line num="29" count="49" type="stmt"/>
        <line num="30" count="49" type="stmt"/>
        <line num="31" count="159" type="stmt"/>
        <line num="33" count="159" type="cond" truecount="3" falsecount="0"/>
        <line num="35" count="83" type="stmt"/>
        <line num="37" count="83" type="stmt"/>
        <line num="38" count="83" type="stmt"/>
        <line num="39" count="83" type="cond" truecount="1" falsecount="0"/>
        <line num="40" count="83" type="cond" truecount="1" falsecount="0"/>
        <line num="41" count="54" type="stmt"/>
        <line num="42" count="54" type="stmt"/>
        <line num="43" count="54" type="stmt"/>
        <line num="45" count="54" type="stmt"/>
        <line num="46" count="54" type="stmt"/>
        <line num="48" count="159" type="stmt"/>
        <line num="49" count="159" type="stmt"/>
        <line num="50" count="159" type="stmt"/>
        <line num="51" count="159" type="cond" truecount="2" falsecount="0"/>
        <line num="52" count="52" type="stmt"/>
        <line num="53" count="52" type="stmt"/>
        <line num="54" count="52" type="stmt"/>
        <line num="56" count="159" type="stmt"/>
        <line num="57" count="159" type="stmt"/>
        <line num="59" count="159" type="stmt"/>
      </file>
      <file name="Table.tsx" path="/Users/summer/Documents/Repositories/front_7th_chapter3-1/packages/before/src/components/organisms/Table.tsx">
        <metrics statements="224" coveredstatements="224" conditionals="97" coveredconditionals="96" methods="15" coveredmethods="11"/>
        <line num="1" count="1" type="stmt"/>
        <line num="33" count="1" type="cond" truecount="1" falsecount="0"/>
        <line num="34" count="169" type="stmt"/>
        <line num="35" count="169" type="stmt"/>
        <line num="36" count="169" type="stmt"/>
        <line num="37" count="169" type="stmt"/>
        <line num="38" count="169" type="stmt"/>
        <line num="39" count="169" type="stmt"/>
        <line num="40" count="169" type="stmt"/>
        <line num="41" count="169" type="stmt"/>
        <line num="42" count="169" type="stmt"/>
        <line num="43" count="169" type="stmt"/>
        <line num="44" count="169" type="stmt"/>
        <line num="45" count="169" type="stmt"/>
        <line num="46" count="169" type="stmt"/>
        <line num="47" count="169" type="stmt"/>
        <line num="48" count="169" type="stmt"/>
        <line num="49" count="169" type="stmt"/>
        <line num="50" count="169" type="stmt"/>
        <line num="51" count="169" type="stmt"/>
        <line num="52" count="169" type="stmt"/>
        <line num="53" count="169" type="stmt"/>
        <line num="54" count="169" type="stmt"/>
        <line num="56" count="169" type="cond" truecount="1" falsecount="0"/>
        <line num="57" count="68" type="stmt"/>
        <line num="58" count="169" type="stmt"/>
        <line num="60" count="169" type="cond" truecount="1" falsecount="0"/>
        <line num="61" count="9" type="cond" truecount="0" falsecount="1"/>
        <line num="63" count="9" type="cond" truecount="3" falsecount="0"/>
        <line num="64" count="9" type="stmt"/>
        <line num="65" count="9" type="stmt"/>
        <line num="67" count="9" type="cond" truecount="1" falsecount="0"/>
        <line num="68" count="96" type="stmt"/>
        <line num="69" count="96" type="stmt"/>
        <line num="71" count="96" type="cond" truecount="2" falsecount="0"/>
        <line num="72" count="8" type="cond" truecount="2" falsecount="0"/>
        <line num="73" count="8" type="cond" truecount="1" falsecount="0"/>
        <line num="75" count="88" type="cond" truecount="1" falsecount="0"/>
        <line num="76" count="84" type="cond" truecount="1" falsecount="0"/>
        <line num="77" count="4" type="stmt"/>
        <line num="78" count="9" type="stmt"/>
        <line num="80" count="9" type="stmt"/>
        <line num="81" count="9" type="stmt"/>
        <line num="83" count="169" type="cond" truecount="2" falsecount="0"/>
        <line num="84" count="23" type="cond" truecount="1" falsecount="0"/>
        <line num="85" count="245" type="cond" truecount="1" falsecount="0"/>
        <line num="86" count="566" type="stmt"/>
        <line num="87" count="245" type="stmt"/>
        <line num="88" count="23" type="cond" truecount="1" falsecount="0"/>
        <line num="89" count="146" type="stmt"/>
        <line num="91" count="169" type="stmt"/>
        <line num="92" count="169" type="stmt"/>
        <line num="93" count="169" type="stmt"/>
        <line num="94" count="169" type="stmt"/>
        <line num="96" count="169" type="stmt"/>
        <line num="98" count="169" type="stmt"/>
        <line num="99" count="169" type="stmt"/>
        <line num="100" count="169" type="cond" truecount="1" falsecount="0"/>
        <line num="101" count="169" type="cond" truecount="1" falsecount="0"/>
        <line num="102" count="169" type="cond" truecount="1" falsecount="0"/>
        <line num="103" count="169" type="stmt"/>
        <line num="105" count="169" type="cond" truecount="4" falsecount="0"/>
        <line num="108" count="169" type="cond" truecount="1" falsecount="0"/>
        <line num="109" count="2266" type="stmt"/>
        <line num="112" count="2266" type="cond" truecount="1" falsecount="0"/>
        <line num="113" count="2077" type="cond" truecount="1" falsecount="0"/>
        <line num="114" count="260" type="stmt"/>
        <line num="115" count="260" type="cond" truecount="1" falsecount="0"/>
        <line num="116" count="2077" type="cond" truecount="1" falsecount="0"/>
        <line num="118" count="260" type="stmt"/>
        <line num="119" count="260" type="cond" truecount="2" falsecount="0"/>
        <line num="120" count="71" type="cond" truecount="2" falsecount="0"/>
        <line num="121" count="260" type="stmt"/>
        <line num="122" count="260" type="cond" truecount="1" falsecount="0"/>
        <line num="123" count="2077" type="cond" truecount="1" falsecount="0"/>
        <line num="124" count="257" type="cond" truecount="1" falsecount="0"/>
        <line num="125" count="257" type="cond" truecount="1" falsecount="0"/>
        <line num="126" count="2077" type="cond" truecount="1" falsecount="0"/>
        <line num="127" count="259" type="stmt"/>
        <line num="128" count="259" type="stmt"/>
        <line num="129" count="259" type="cond" truecount="1" falsecount="0"/>
        <line num="131" count="259" type="stmt"/>
        <line num="132" count="259" type="cond" truecount="1" falsecount="0"/>
        <line num="134" count="259" type="stmt"/>
        <line num="135" count="259" type="stmt"/>
        <line num="137" count="259" type="stmt"/>
        <line num="138" count="2077" type="cond" truecount="1" falsecount="0"/>
        <line num="140" count="2266" type="cond" truecount="1" falsecount="0"/>
        <line num="141" count="189" type="cond" truecount="1" falsecount="0"/>
        <line num="142" count="30" type="stmt"/>
        <line num="143" count="30" type="cond" truecount="2" falsecount="0"/>
        <line num="144" count="19" type="cond" truecount="2" falsecount="0"/>
        <line num="145" count="10" type="cond" truecount="2" falsecount="0"/>
        <line num="146" count="1" type="stmt"/>
        <line num="147" count="30" type="stmt"/>
        <line num="148" count="30" type="cond" truecount="1" falsecount="0"/>
        <line num="149" count="189" type="cond" truecount="1" falsecount="0"/>
        <line num="150" count="29" type="stmt"/>
        <line num="151" count="29" type="cond" truecount="1" falsecount="0"/>
        <line num="152" count="189" type="cond" truecount="1" falsecount="0"/>
        <line num="153" count="30" type="cond" truecount="2" falsecount="0"/>
        <line num="154" count="30" type="cond" truecount="1" falsecount="0"/>
        <line num="155" count="189" type="cond" truecount="1" falsecount="0"/>
        <line num="156" count="30" type="stmt"/>
        <line num="157" count="30" type="stmt"/>
        <line num="158" count="30" type="stmt"/>
        <line num="160" count="30" type="stmt"/>
        <line num="161" count="30" type="cond" truecount="1" falsecount="0"/>
        <line num="162" count="9" type="stmt"/>
        <line num="163" count="9" type="stmt"/>
        <line num="164" count="9" type="stmt"/>
        <line num="165" count="9" type="cond" truecount="1" falsecount="0"/>
        <line num="166" count="9" type="stmt"/>
        <line num="168" count="9" type="stmt"/>
        <line num="170" count="30" type="cond" truecount="1" falsecount="0"/>
        <line num="171" count="11" type="stmt"/>
        <line num="172" count="11" type="stmt"/>
        <line num="173" count="11" type="stmt"/>
        <line num="174" count="11" type="stmt"/>
        <line num="175" count="11" type="stmt"/>
        <line num="177" count="11" type="stmt"/>
        <line num="179" count="30" type="cond" truecount="1" falsecount="0"/>
        <line num="180" count="9" type="stmt"/>
        <line num="181" count="9" type="stmt"/>
        <line num="182" count="9" type="stmt"/>
        <line num="183" count="9" type="stmt"/>
        <line num="184" count="9" type="stmt"/>
        <line num="186" count="9" type="stmt"/>
        <line num="188" count="30" type="stmt"/>
        <line num="190" count="30" type="stmt"/>
        <line num="191" count="30" type="stmt"/>
        <line num="193" count="30" type="stmt"/>
        <line num="194" count="189" type="cond" truecount="1" falsecount="0"/>
        <line num="197" count="2266" type="cond" truecount="1" falsecount="0"/>
        <line num="198" count="1" type="stmt"/>
        <line num="199" count="1" type="cond" truecount="1" falsecount="0"/>
        <line num="201" count="1110" type="stmt"/>
        <line num="202" count="2266" type="stmt"/>
        <line num="204" count="169" type="stmt"/>
        <line num="205" count="169" type="stmt"/>
        <line num="206" count="169" type="cond" truecount="1" falsecount="0"/>
        <line num="207" count="29" type="stmt"/>
        <line num="208" count="29" type="stmt"/>
        <line num="209" count="29" type="stmt"/>
        <line num="210" count="29" type="stmt"/>
        <line num="211" count="29" type="stmt"/>
        <line num="212" count="29" type="cond" truecount="1" falsecount="0"/>
        <line num="213" count="29" type="stmt"/>
        <line num="214" count="29" type="stmt"/>
        <line num="215" count="29" type="stmt"/>
        <line num="216" count="29" type="stmt"/>
        <line num="217" count="29" type="stmt"/>
        <line num="218" count="29" type="stmt"/>
        <line num="219" count="29" type="stmt"/>
        <line num="220" count="29" type="stmt"/>
        <line num="223" count="169" type="stmt"/>
        <line num="224" count="169" type="stmt"/>
        <line num="225" count="169" type="stmt"/>
        <line num="226" count="169" type="cond" truecount="1" falsecount="0"/>
        <line num="227" count="916" type="stmt"/>
        <line num="228" count="916" type="stmt"/>
        <line num="229" count="916" type="cond" truecount="2" falsecount="0"/>
        <line num="230" count="916" type="cond" truecount="2" falsecount="0"/>
        <line num="232" count="916" type="cond" truecount="2" falsecount="0"/>
        <line num="233" count="916" type="stmt"/>
        <line num="234" count="916" type="cond" truecount="2" falsecount="0"/>
        <line num="235" count="14" type="cond" truecount="2" falsecount="0"/>
        <line num="237" count="916" type="stmt"/>
        <line num="238" count="916" type="stmt"/>
        <line num="239" count="169" type="stmt"/>
        <line num="240" count="169" type="stmt"/>
        <line num="241" count="169" type="stmt"/>
        <line num="242" count="169" type="stmt"/>
        <line num="243" count="169" type="cond" truecount="1" falsecount="0"/>
        <line num="244" count="685" type="stmt"/>
        <line num="245" count="685" type="stmt"/>
        <line num="246" count="685" type="cond" truecount="2" falsecount="0"/>
        <line num="247" count="685" type="cond" truecount="2" falsecount="0"/>
        <line num="249" count="685" type="cond" truecount="1" falsecount="0"/>
        <line num="250" count="3670" type="stmt"/>
        <line num="251" count="3670" type="cond" truecount="2" falsecount="0"/>
        <line num="252" count="3670" type="stmt"/>
        <line num="253" count="685" type="stmt"/>
        <line num="254" count="685" type="stmt"/>
        <line num="255" count="169" type="stmt"/>
        <line num="256" count="169" type="stmt"/>
        <line num="257" count="169" type="stmt"/>
        <line num="259" count="169" type="cond" truecount="1" falsecount="0"/>
        <line num="260" count="24" type="stmt"/>
        <line num="261" count="24" type="stmt"/>
        <line num="262" count="24" type="stmt"/>
        <line num="263" count="24" type="stmt"/>
        <line num="264" count="24" type="stmt"/>
        <line num="265" count="24" type="stmt"/>
        <line num="266" count="24" type="stmt"/>
        <line num="267" count="24" type="cond" truecount="2" falsecount="0"/>
        <line num="268" count="24" type="stmt"/>
        <line num="269" count="24" type="stmt"/>
        <line num="270" count="24" type="stmt"/>
        <line num="271" count="24" type="stmt"/>
        <line num="272" count="24" type="stmt"/>
        <line num="273" count="24" type="stmt"/>
        <line num="274" count="24" type="cond" truecount="2" falsecount="0"/>
        <line num="275" count="24" type="stmt"/>
        <line num="276" count="24" type="stmt"/>
        <line num="278" count="24" type="stmt"/>
        <line num="279" count="24" type="stmt"/>
        <line num="280" count="24" type="stmt"/>
        <line num="281" count="24" type="stmt"/>
        <line num="282" count="24" type="stmt"/>
        <line num="283" count="24" type="cond" truecount="2" falsecount="0"/>
        <line num="284" count="24" type="stmt"/>
        <line num="285" count="24" type="stmt"/>
        <line num="286" count="24" type="stmt"/>
        <line num="287" count="24" type="stmt"/>
        <line num="288" count="24" type="stmt"/>
        <line num="289" count="24" type="stmt"/>
        <line num="290" count="24" type="cond" truecount="2" falsecount="0"/>
        <line num="291" count="24" type="stmt"/>
        <line num="292" count="24" type="stmt"/>
        <line num="294" count="24" type="stmt"/>
        <line num="295" count="24" type="stmt"/>
        <line num="297" count="169" type="stmt"/>
        <line num="299" count="169" type="stmt"/>
      </file>
      <file name="index.ts" path="/Users/summer/Documents/Repositories/front_7th_chapter3-1/packages/before/src/components/organisms/index.ts">
        <metrics statements="1" coveredstatements="1" conditionals="0" coveredconditionals="0" methods="0" coveredmethods="0"/>
        <line num="1" count="1" type="stmt"/>
      </file>
    </package>
    <package name="before.src.pages">
      <metrics statements="574" coveredstatements="498" conditionals="74" coveredconditionals="59" methods="37" coveredmethods="14"/>
      <file name="ManagementPage.tsx" path="/Users/summer/Documents/Repositories/front_7th_chapter3-1/packages/before/src/pages/ManagementPage.tsx">
        <metrics statements="574" coveredstatements="498" conditionals="74" coveredconditionals="59" methods="37" coveredmethods="14"/>
        <line num="1" count="1" type="stmt"/>
        <line num="14" count="1" type="cond" truecount="1" falsecount="0"/>
        <line num="15" count="59" type="stmt"/>
        <line num="16" count="59" type="stmt"/>
        <line num="17" count="59" type="stmt"/>
        <line num="18" count="59" type="stmt"/>
        <line num="19" count="59" type="stmt"/>
        <line num="20" count="59" type="stmt"/>
        <line num="21" count="59" type="stmt"/>
        <line num="22" count="59" type="stmt"/>
        <line num="23" count="59" type="stmt"/>
        <line num="25" count="59" type="stmt"/>
        <line num="27" count="59" type="cond" truecount="1" falsecount="0"/>
        <line num="28" count="3" type="stmt"/>
        <line num="29" count="3" type="stmt"/>
        <line num="30" count="3" type="stmt"/>
        <line num="31" count="3" type="stmt"/>
        <line num="32" count="3" type="stmt"/>
        <line num="33" count="59" type="stmt"/>
        <line num="35" count="59" type="cond" truecount="1" falsecount="0"/>
        <line num="36" count="6" type="stmt"/>
        <line num="37" count="6" type="stmt"/>
        <line num="39" count="6" type="cond" truecount="1" falsecount="0"/>
        <line num="40" count="4" type="stmt"/>
        <line num="41" count="6" type="cond" truecount="1" falsecount="0"/>
        <line num="42" count="2" type="stmt"/>
        <line num="43" count="2" type="stmt"/>
        <line num="45" count="6" type="stmt"/>
        <line num="46" count="6" type="cond" truecount="0" falsecount="1"/>
        <line num="47" count="0" type="stmt"/>
        <line num="48" count="0" type="stmt"/>
        <line num="49" count="0" type="stmt"/>
        <line num="50" count="6" type="stmt"/>
        <line num="52" count="59" type="cond" truecount="1" falsecount="0"/>
        <line num="53" count="1" type="stmt"/>
        <line num="54" count="1" type="stmt"/>
        <line num="55" count="1" type="stmt"/>
        <line num="56" count="1" type="stmt"/>
        <line num="57" count="1" type="stmt"/>
        <line num="58" count="1" type="cond" truecount="0" falsecount="1"/>
        <line num="59" count="1" type="stmt"/>
        <line num="60" count="1" type="stmt"/>
        <line num="61" count="1" type="cond" truecount="0" falsecount="1"/>
        <line num="62" count="0" type="stmt"/>
        <line num="63" count="0" type="stmt"/>
        <line num="64" count="0" type="stmt"/>
        <line num="65" count="0" type="stmt"/>
        <line num="66" count="0" type="stmt"/>
        <line num="67" count="0" type="stmt"/>
        <line num="68" count="0" type="stmt"/>
        <line num="69" count="0" type="stmt"/>
        <line num="71" count="1" type="stmt"/>
        <line num="72" count="1" type="stmt"/>
        <line num="73" count="1" type="stmt"/>
        <line num="74" count="1" type="cond" truecount="0" falsecount="1"/>
        <line num="75" count="1" type="stmt"/>
        <line num="76" count="1" type="cond" truecount="0" falsecount="1"/>
        <line num="77" count="0" type="stmt"/>
        <line num="78" count="0" type="stmt"/>
        <line num="79" count="0" type="stmt"/>
        <line num="80" count="1" type="stmt"/>
        <line num="82" count="59" type="cond" truecount="1" falsecount="0"/>
        <line num="83" count="1" type="stmt"/>
        <line num="85" count="1" type="stmt"/>
        <line num="86" count="1" type="stmt"/>
        <line num="87" count="1" type="stmt"/>
        <line num="88" count="1" type="stmt"/>
        <line num="89" count="1" type="stmt"/>
        <line num="90" count="1" type="stmt"/>
        <line num="91" count="1" type="stmt"/>
        <line num="92" count="1" type="stmt"/>
        <line num="93" count="1" type="cond" truecount="0" falsecount="1"/>
        <line num="94" count="0" type="stmt"/>
        <line num="95" count="0" type="stmt"/>
        <line num="96" count="0" type="stmt"/>
        <line num="97" count="0" type="stmt"/>
        <line num="98" count="0" type="stmt"/>
        <line num="99" count="0" type="stmt"/>
        <line num="100" count="0" type="stmt"/>
        <line num="101" count="0" type="stmt"/>
        <line num="102" count="0" type="stmt"/>
        <line num="104" count="1" type="stmt"/>
        <line num="105" count="1" type="stmt"/>
        <line num="107" count="59" type="cond" truecount="1" falsecount="0"/>
        <line num="108" count="1" type="cond" truecount="0" falsecount="1"/>
        <line num="110" count="1" type="stmt"/>
        <line num="111" count="1" type="stmt"/>
        <line num="112" count="1" type="stmt"/>
        <line num="113" count="1" type="cond" truecount="0" falsecount="1"/>
        <line num="114" count="0" type="stmt"/>
        <line num="115" count="0" type="stmt"/>
        <line num="117" count="1" type="stmt"/>
        <line num="118" count="1" type="stmt"/>
        <line num="119" count="1" type="stmt"/>
        <line num="120" count="1" type="stmt"/>
        <line num="121" count="1" type="cond" truecount="0" falsecount="1"/>
        <line num="122" count="1" type="stmt"/>
        <line num="123" count="1" type="cond" truecount="0" falsecount="1"/>
        <line num="124" count="0" type="stmt"/>
        <line num="125" count="0" type="stmt"/>
        <line num="126" count="0" type="stmt"/>
        <line num="127" count="1" type="stmt"/>
        <line num="129" count="59" type="cond" truecount="1" falsecount="0"/>
        <line num="130" count="1" type="cond" truecount="0" falsecount="1"/>
        <line num="132" count="1" type="stmt"/>
        <line num="133" count="1" type="stmt"/>
        <line num="134" count="1" type="stmt"/>
        <line num="135" count="1" type="cond" truecount="0" falsecount="1"/>
        <line num="136" count="0" type="stmt"/>
        <line num="137" count="0" type="stmt"/>
        <line num="139" count="1" type="stmt"/>
        <line num="140" count="1" type="stmt"/>
        <line num="141" count="1" type="stmt"/>
        <line num="142" count="1" type="cond" truecount="0" falsecount="1"/>
        <line num="143" count="0" type="stmt"/>
        <line num="144" count="0" type="stmt"/>
        <line num="145" count="0" type="stmt"/>
        <line num="146" count="1" type="stmt"/>
        <line num="148" count="59" type="stmt"/>
        <line num="149" count="0" type="stmt"/>
        <line num="151" count="0" type="stmt"/>
        <line num="152" count="0" type="stmt"/>
        <line num="153" count="0" type="stmt"/>
        <line num="154" count="0" type="stmt"/>
        <line num="155" count="0" type="stmt"/>
        <line num="156" count="0" type="stmt"/>
        <line num="157" count="0" type="stmt"/>
        <line num="158" count="0" type="stmt"/>
        <line num="160" count="0" type="stmt"/>
        <line num="161" count="0" type="stmt"/>
        <line num="162" count="0" type="stmt"/>
        <line num="163" count="0" type="stmt"/>
        <line num="164" count="0" type="stmt"/>
        <line num="165" count="0" type="stmt"/>
        <line num="166" count="0" type="stmt"/>
        <line num="167" count="0" type="stmt"/>
        <line num="168" count="0" type="stmt"/>
        <line num="169" count="0" type="stmt"/>
        <line num="170" count="0" type="stmt"/>
        <line num="171" count="0" type="stmt"/>
        <line num="173" count="59" type="cond" truecount="1" falsecount="0"/>
        <line num="174" count="59" type="cond" truecount="1" falsecount="0"/>
        <line num="175" count="53" type="stmt"/>
        <line num="176" count="53" type="stmt"/>
        <line num="177" count="53" type="stmt"/>
        <line num="178" count="53" type="cond" truecount="1" falsecount="0"/>
        <line num="179" count="53" type="cond" truecount="1" falsecount="0"/>
        <line num="180" count="53" type="cond" truecount="1" falsecount="0"/>
        <line num="181" count="53" type="cond" truecount="1" falsecount="0"/>
        <line num="182" count="53" type="stmt"/>
        <line num="183" count="59" type="cond" truecount="1" falsecount="0"/>
        <line num="184" count="6" type="stmt"/>
        <line num="185" count="6" type="stmt"/>
        <line num="186" count="6" type="stmt"/>
        <line num="187" count="6" type="cond" truecount="1" falsecount="0"/>
        <line num="188" count="6" type="cond" truecount="1" falsecount="0"/>
        <line num="189" count="6" type="cond" truecount="1" falsecount="0"/>
        <line num="190" count="6" type="cond" truecount="1" falsecount="0"/>
        <line num="191" count="6" type="stmt"/>
        <line num="192" count="6" type="stmt"/>
        <line num="193" count="59" type="stmt"/>
        <line num="196" count="59" type="cond" truecount="1" falsecount="0"/>
        <line num="197" count="59" type="cond" truecount="1" falsecount="0"/>
        <line num="198" count="53" type="stmt"/>
        <line num="199" count="53" type="stmt"/>
        <line num="200" count="53" type="stmt"/>
        <line num="201" count="53" type="stmt"/>
        <line num="202" count="53" type="stmt"/>
        <line num="203" count="53" type="stmt"/>
        <line num="204" count="53" type="stmt"/>
        <line num="205" count="53" type="stmt"/>
        <line num="206" count="53" type="stmt"/>
        <line num="207" count="53" type="stmt"/>
        <line num="208" count="59" type="cond" truecount="1" falsecount="0"/>
        <line num="209" count="6" type="stmt"/>
        <line num="210" count="6" type="stmt"/>
        <line num="211" count="6" type="stmt"/>
        <line num="212" count="6" type="stmt"/>
        <line num="213" count="6" type="stmt"/>
        <line num="214" count="6" type="stmt"/>
        <line num="215" count="6" type="stmt"/>
        <line num="216" count="6" type="stmt"/>
        <line num="217" count="6" type="stmt"/>
        <line num="218" count="6" type="stmt"/>
        <line num="219" count="6" type="stmt"/>
        <line num="220" count="59" type="stmt"/>
        <line num="222" count="59" type="stmt"/>
        <line num="224" count="59" type="stmt"/>
        <line num="225" count="59" type="stmt"/>
        <line num="226" count="59" type="stmt"/>
        <line num="227" count="59" type="stmt"/>
        <line num="228" count="59" type="stmt"/>
        <line num="229" count="59" type="stmt"/>
        <line num="230" count="59" type="stmt"/>
        <line num="231" count="59" type="stmt"/>
        <line num="232" count="59" type="stmt"/>
        <line num="233" count="59" type="stmt"/>
        <line num="235" count="59" type="stmt"/>
        <line num="236" count="59" type="stmt"/>
        <line num="238" count="59" type="stmt"/>
        <line num="239" count="59" type="stmt"/>
        <line num="241" count="59" type="stmt"/>
        <line num="242" count="59" type="stmt"/>
        <line num="243" count="59" type="stmt"/>
        <line num="244" count="59" type="stmt"/>
        <line num="245" count="59" type="stmt"/>
        <line num="246" count="59" type="stmt"/>
        <line num="247" count="59" type="stmt"/>
        <line num="248" count="59" type="stmt"/>
        <line num="249" count="59" type="stmt"/>
        <line num="250" count="59" type="stmt"/>
        <line num="251" count="59" type="stmt"/>
        <line num="252" count="59" type="stmt"/>
        <line num="253" count="59" type="stmt"/>
        <line num="254" count="59" type="stmt"/>
        <line num="255" count="59" type="stmt"/>
        <line num="256" count="59" type="stmt"/>
        <line num="257" count="59" type="cond" truecount="2" falsecount="0"/>
        <line num="258" count="59" type="stmt"/>
        <line num="259" count="59" type="cond" truecount="2" falsecount="0"/>
        <line num="260" count="59" type="cond" truecount="2" falsecount="0"/>
        <line num="261" count="59" type="stmt"/>
        <line num="262" count="59" type="stmt"/>
        <line num="263" count="59" type="stmt"/>
        <line num="264" count="59" type="stmt"/>
        <line num="266" count="59" type="stmt"/>
        <line num="267" count="59" type="stmt"/>
        <line num="268" count="59" type="cond" truecount="1" falsecount="0"/>
        <line num="269" count="59" type="stmt"/>
        <line num="270" count="59" type="stmt"/>
        <line num="271" count="59" type="stmt"/>
        <line num="272" count="59" type="cond" truecount="2" falsecount="0"/>
        <line num="273" count="59" type="stmt"/>
        <line num="274" count="59" type="cond" truecount="2" falsecount="0"/>
        <line num="275" count="59" type="cond" truecount="2" falsecount="0"/>
        <line num="276" count="59" type="stmt"/>
        <line num="277" count="59" type="stmt"/>
        <line num="278" count="59" type="stmt"/>
        <line num="279" count="59" type="stmt"/>
        <line num="281" count="59" type="stmt"/>
        <line num="282" count="59" type="stmt"/>
        <line num="284" count="59" type="stmt"/>
        <line num="285" count="59" type="stmt"/>
        <line num="286" count="59" type="cond" truecount="1" falsecount="0"/>
        <line num="288" count="59" type="stmt"/>
        <line num="289" count="59" type="stmt"/>
        <line num="291" count="59" type="cond" truecount="1" falsecount="0"/>
        <line num="292" count="24" type="stmt"/>
        <line num="293" count="24" type="stmt"/>
        <line num="294" count="24" type="stmt"/>
        <line num="295" count="24" type="stmt"/>
        <line num="296" count="24" type="stmt"/>
        <line num="298" count="24" type="stmt"/>
        <line num="299" count="24" type="stmt"/>
        <line num="300" count="24" type="stmt"/>
        <line num="303" count="59" type="cond" truecount="0" falsecount="1"/>
        <line num="304" count="0" type="stmt"/>
        <line num="305" count="0" type="stmt"/>
        <line num="306" count="0" type="stmt"/>
        <line num="307" count="0" type="stmt"/>
        <line num="308" count="0" type="stmt"/>
        <line num="310" count="0" type="stmt"/>
        <line num="311" count="0" type="stmt"/>
        <line num="312" count="0" type="stmt"/>
        <line num="315" count="59" type="stmt"/>
        <line num="316" count="59" type="stmt"/>
        <line num="317" count="59" type="stmt"/>
        <line num="318" count="59" type="stmt"/>
        <line num="319" count="59" type="stmt"/>
        <line num="320" count="59" type="stmt"/>
        <line num="321" count="59" type="stmt"/>
        <line num="322" count="59" type="stmt"/>
        <line num="323" count="59" type="stmt"/>
        <line num="324" count="59" type="stmt"/>
        <line num="325" count="59" type="stmt"/>
        <line num="326" count="59" type="stmt"/>
        <line num="327" count="59" type="stmt"/>
        <line num="328" count="59" type="stmt"/>
        <line num="329" count="59" type="stmt"/>
        <line num="331" count="59" type="stmt"/>
        <line num="332" count="59" type="stmt"/>
        <line num="333" count="59" type="stmt"/>
        <line num="334" count="59" type="stmt"/>
        <line num="335" count="59" type="stmt"/>
        <line num="336" count="59" type="stmt"/>
        <line num="337" count="59" type="stmt"/>
        <line num="338" count="59" type="stmt"/>
        <line num="339" count="59" type="stmt"/>
        <line num="341" count="59" type="stmt"/>
        <line num="342" count="59" type="stmt"/>
        <line num="343" count="59" type="stmt"/>
        <line num="344" count="59" type="stmt"/>
        <line num="345" count="59" type="stmt"/>
        <line num="346" count="59" type="stmt"/>
        <line num="347" count="59" type="stmt"/>
        <line num="348" count="59" type="stmt"/>
        <line num="349" count="59" type="stmt"/>
        <line num="351" count="59" type="stmt"/>
        <line num="352" count="59" type="stmt"/>
        <line num="353" count="59" type="stmt"/>
        <line num="354" count="59" type="stmt"/>
        <line num="355" count="59" type="stmt"/>
        <line num="356" count="59" type="stmt"/>
        <line num="357" count="59" type="stmt"/>
        <line num="358" count="59" type="stmt"/>
        <line num="359" count="59" type="stmt"/>
        <line num="361" count="59" type="stmt"/>
        <line num="362" count="59" type="stmt"/>
        <line num="363" count="59" type="stmt"/>
        <line num="364" count="59" type="stmt"/>
        <line num="365" count="59" type="stmt"/>
        <line num="366" count="59" type="stmt"/>
        <line num="367" count="59" type="stmt"/>
        <line num="368" count="59" type="stmt"/>
        <line num="369" count="59" type="stmt"/>
        <line num="370" count="59" type="stmt"/>
        <line num="372" count="59" type="stmt"/>
        <line num="373" count="59" type="stmt"/>
        <line num="374" count="59" type="stmt"/>
        <line num="375" count="59" type="stmt"/>
        <line num="376" count="59" type="stmt"/>
        <line num="377" count="59" type="stmt"/>
        <line num="378" count="59" type="stmt"/>
        <line num="379" count="59" type="stmt"/>
        <line num="380" count="59" type="stmt"/>
        <line num="381" count="59" type="stmt"/>
        <line num="382" count="59" type="stmt"/>
        <line num="383" count="59" type="stmt"/>
        <line num="384" count="59" type="stmt"/>
        <line num="385" count="59" type="stmt"/>
        <line num="386" count="59" type="stmt"/>
        <line num="387" count="59" type="stmt"/>
        <line num="389" count="59" type="stmt"/>
        <line num="391" count="59" type="stmt"/>
        <line num="392" count="59" type="stmt"/>
        <line num="393" count="59" type="stmt"/>
        <line num="394" count="0" type="stmt"/>
        <line num="395" count="0" type="stmt"/>
        <line num="396" count="0" type="stmt"/>
        <line num="397" count="59" type="cond" truecount="2" falsecount="0"/>
        <line num="398" count="59" type="stmt"/>
        <line num="399" count="59" type="stmt"/>
        <line num="400" count="59" type="stmt"/>
        <line num="401" count="59" type="stmt"/>
        <line num="402" count="59" type="stmt"/>
        <line num="403" count="0" type="stmt"/>
        <line num="404" count="0" type="stmt"/>
        <line num="405" count="0" type="stmt"/>
        <line num="407" count="59" type="stmt"/>
        <line num="408" count="59" type="stmt"/>
        <line num="410" count="59" type="stmt"/>
        <line num="411" count="59" type="stmt"/>
        <line num="414" count="59" type="stmt"/>
        <line num="415" count="59" type="cond" truecount="1" falsecount="0"/>
        <line num="416" count="53" type="stmt"/>
        <line num="417" count="53" type="stmt"/>
        <line num="418" count="53" type="stmt"/>
        <line num="419" count="53" type="cond" truecount="1" falsecount="0"/>
        <line num="420" count="53" type="cond" truecount="1" falsecount="0"/>
        <line num="421" count="53" type="stmt"/>
        <line num="422" count="53" type="stmt"/>
        <line num="423" count="53" type="stmt"/>
        <line num="424" count="53" type="stmt"/>
        <line num="425" count="53" type="stmt"/>
        <line num="426" count="53" type="stmt"/>
        <line num="427" count="53" type="stmt"/>
        <line num="428" count="53" type="stmt"/>
        <line num="429" count="53" type="cond" truecount="1" falsecount="0"/>
        <line num="430" count="53" type="cond" truecount="1" falsecount="0"/>
        <line num="431" count="53" type="stmt"/>
        <line num="432" count="53" type="stmt"/>
        <line num="433" count="53" type="stmt"/>
        <line num="434" count="53" type="stmt"/>
        <line num="435" count="53" type="stmt"/>
        <line num="436" count="53" type="stmt"/>
        <line num="437" count="53" type="stmt"/>
        <line num="438" count="53" type="stmt"/>
        <line num="439" count="53" type="stmt"/>
        <line num="440" count="53" type="stmt"/>
        <line num="441" count="53" type="cond" truecount="1" falsecount="0"/>
        <line num="442" count="53" type="cond" truecount="1" falsecount="0"/>
        <line num="443" count="53" type="stmt"/>
        <line num="444" count="53" type="stmt"/>
        <line num="445" count="53" type="stmt"/>
        <line num="446" count="53" type="stmt"/>
        <line num="447" count="53" type="stmt"/>
        <line num="448" count="53" type="stmt"/>
        <line num="449" count="53" type="stmt"/>
        <line num="450" count="53" type="stmt"/>
        <line num="451" count="53" type="stmt"/>
        <line num="452" count="53" type="stmt"/>
        <line num="453" count="53" type="cond" truecount="1" falsecount="0"/>
        <line num="454" count="53" type="stmt"/>
        <line num="455" count="53" type="stmt"/>
        <line num="456" count="53" type="stmt"/>
        <line num="457" count="53" type="stmt"/>
        <line num="458" count="53" type="stmt"/>
        <line num="459" count="53" type="stmt"/>
        <line num="460" count="53" type="stmt"/>
        <line num="461" count="53" type="stmt"/>
        <line num="462" count="53" type="stmt"/>
        <line num="463" count="53" type="stmt"/>
        <line num="464" count="53" type="cond" truecount="1" falsecount="0"/>
        <line num="466" count="6" type="stmt"/>
        <line num="467" count="6" type="stmt"/>
        <line num="468" count="6" type="stmt"/>
        <line num="469" count="6" type="stmt"/>
        <line num="470" count="6" type="stmt"/>
        <line num="471" count="6" type="stmt"/>
        <line num="472" count="6" type="stmt"/>
        <line num="473" count="6" type="stmt"/>
        <line num="474" count="6" type="stmt"/>
        <line num="475" count="6" type="stmt"/>
        <line num="476" count="6" type="stmt"/>
        <line num="477" count="6" type="stmt"/>
        <line num="478" count="6" type="stmt"/>
        <line num="479" count="6" type="stmt"/>
        <line num="480" count="6" type="stmt"/>
        <line num="481" count="6" type="stmt"/>
        <line num="482" count="6" type="stmt"/>
        <line num="483" count="6" type="stmt"/>
        <line num="484" count="6" type="stmt"/>
        <line num="485" count="6" type="stmt"/>
        <line num="486" count="6" type="stmt"/>
        <line num="487" count="6" type="stmt"/>
        <line num="488" count="6" type="stmt"/>
        <line num="489" count="6" type="stmt"/>
        <line num="490" count="6" type="stmt"/>
        <line num="491" count="6" type="stmt"/>
        <line num="492" count="6" type="stmt"/>
        <line num="493" count="6" type="stmt"/>
        <line num="494" count="6" type="stmt"/>
        <line num="495" count="6" type="stmt"/>
        <line num="496" count="6" type="stmt"/>
        <line num="497" count="6" type="stmt"/>
        <line num="498" count="6" type="stmt"/>
        <line num="499" count="6" type="stmt"/>
        <line num="500" count="6" type="stmt"/>
        <line num="501" count="6" type="stmt"/>
        <line num="502" count="6" type="stmt"/>
        <line num="503" count="6" type="stmt"/>
        <line num="504" count="6" type="stmt"/>
        <line num="505" count="6" type="stmt"/>
        <line num="506" count="6" type="stmt"/>
        <line num="507" count="6" type="stmt"/>
        <line num="508" count="6" type="stmt"/>
        <line num="509" count="6" type="stmt"/>
        <line num="511" count="59" type="stmt"/>
        <line num="512" count="59" type="stmt"/>
        <line num="514" count="59" type="stmt"/>
        <line num="515" count="59" type="stmt"/>
        <line num="516" count="59" type="stmt"/>
        <line num="517" count="0" type="stmt"/>
        <line num="518" count="0" type="stmt"/>
        <line num="519" count="0" type="stmt"/>
        <line num="520" count="0" type="stmt"/>
        <line num="521" count="59" type="cond" truecount="2" falsecount="0"/>
        <line num="522" count="59" type="stmt"/>
        <line num="523" count="59" type="stmt"/>
        <line num="524" count="59" type="stmt"/>
        <line num="525" count="59" type="stmt"/>
        <line num="526" count="59" type="stmt"/>
        <line num="527" count="0" type="stmt"/>
        <line num="528" count="0" type="stmt"/>
        <line num="529" count="0" type="stmt"/>
        <line num="530" count="0" type="stmt"/>
        <line num="532" count="59" type="stmt"/>
        <line num="533" count="59" type="stmt"/>
        <line num="535" count="59" type="stmt"/>
        <line num="536" count="59" type="stmt"/>
        <line num="539" count="59" type="stmt"/>
        <line num="540" count="59" type="cond" truecount="1" falsecount="0"/>
        <line num="541" count="21" type="stmt"/>
        <line num="542" count="21" type="stmt"/>
        <line num="543" count="21" type="cond" truecount="0" falsecount="1"/>
        <line num="544" count="21" type="stmt"/>
        <line num="547" count="59" type="cond" truecount="1" falsecount="0"/>
        <line num="548" count="53" type="stmt"/>
        <line num="549" count="53" type="stmt"/>
        <line num="550" count="53" type="stmt"/>
        <line num="551" count="53" type="cond" truecount="1" falsecount="0"/>
        <line num="552" count="53" type="stmt"/>
        <line num="553" count="53" type="stmt"/>
        <line num="554" count="53" type="stmt"/>
        <line num="555" count="53" type="stmt"/>
        <line num="556" count="53" type="stmt"/>
        <line num="557" count="53" type="stmt"/>
        <line num="558" count="53" type="stmt"/>
        <line num="559" count="53" type="stmt"/>
        <line num="560" count="53" type="stmt"/>
        <line num="561" count="53" type="cond" truecount="1" falsecount="0"/>
        <line num="562" count="53" type="cond" truecount="1" falsecount="0"/>
        <line num="563" count="53" type="stmt"/>
        <line num="564" count="53" type="stmt"/>
        <line num="565" count="53" type="stmt"/>
        <line num="566" count="53" type="stmt"/>
        <line num="567" count="53" type="stmt"/>
        <line num="568" count="53" type="stmt"/>
        <line num="569" count="53" type="stmt"/>
        <line num="570" count="53" type="stmt"/>
        <line num="571" count="53" type="stmt"/>
        <line num="572" count="53" type="stmt"/>
        <line num="573" count="53" type="cond" truecount="1" falsecount="0"/>
        <line num="574" count="53" type="stmt"/>
        <line num="575" count="53" type="stmt"/>
        <line num="576" count="53" type="stmt"/>
        <line num="577" count="53" type="stmt"/>
        <line num="578" count="53" type="stmt"/>
        <line num="579" count="53" type="stmt"/>
        <line num="580" count="53" type="stmt"/>
        <line num="581" count="53" type="stmt"/>
        <line num="582" count="53" type="stmt"/>
        <line num="583" count="53" type="stmt"/>
        <line num="584" count="53" type="stmt"/>
        <line num="585" count="53" type="cond" truecount="1" falsecount="0"/>
        <line num="586" count="53" type="stmt"/>
        <line num="587" count="53" type="stmt"/>
        <line num="588" count="53" type="stmt"/>
        <line num="589" count="53" type="stmt"/>
        <line num="590" count="53" type="stmt"/>
        <line num="591" count="53" type="stmt"/>
        <line num="592" count="53" type="stmt"/>
        <line num="593" count="53" type="stmt"/>
        <line num="594" count="53" type="stmt"/>
        <line num="595" count="53" type="stmt"/>
        <line num="596" count="53" type="cond" truecount="1" falsecount="0"/>
        <line num="598" count="6" type="stmt"/>
        <line num="599" count="6" type="stmt"/>
        <line num="600" count="6" type="stmt"/>
        <line num="601" count="6" type="stmt"/>
        <line num="602" count="6" type="stmt"/>
        <line num="603" count="6" type="stmt"/>
        <line num="604" count="6" type="stmt"/>
        <line num="605" count="6" type="stmt"/>
        <line num="606" count="6" type="stmt"/>
        <line num="607" count="6" type="stmt"/>
        <line num="608" count="6" type="stmt"/>
        <line num="609" count="6" type="stmt"/>
        <line num="610" count="6" type="stmt"/>
        <line num="611" count="6" type="stmt"/>
        <line num="612" count="6" type="stmt"/>
        <line num="613" count="6" type="stmt"/>
        <line num="614" count="6" type="stmt"/>
        <line num="615" count="6" type="stmt"/>
        <line num="616" count="6" type="stmt"/>
        <line num="617" count="6" type="stmt"/>
        <line num="618" count="6" type="stmt"/>
        <line num="619" count="6" type="stmt"/>
        <line num="620" count="6" type="stmt"/>
        <line num="621" count="6" type="stmt"/>
        <line num="622" count="6" type="stmt"/>
        <line num="623" count="6" type="stmt"/>
        <line num="624" count="6" type="stmt"/>
        <line num="625" count="6" type="stmt"/>
        <line num="626" count="6" type="stmt"/>
        <line num="627" count="6" type="stmt"/>
        <line num="628" count="6" type="stmt"/>
        <line num="629" count="6" type="stmt"/>
        <line num="630" count="6" type="stmt"/>
        <line num="631" count="6" type="stmt"/>
        <line num="632" count="6" type="stmt"/>
        <line num="633" count="6" type="stmt"/>
        <line num="634" count="6" type="stmt"/>
        <line num="635" count="6" type="stmt"/>
        <line num="636" count="6" type="stmt"/>
        <line num="637" count="6" type="stmt"/>
        <line num="638" count="6" type="stmt"/>
        <line num="639" count="6" type="stmt"/>
        <line num="640" count="6" type="stmt"/>
        <line num="641" count="6" type="stmt"/>
        <line num="643" count="59" type="stmt"/>
        <line num="644" count="59" type="stmt"/>
        <line num="645" count="59" type="stmt"/>
        <line num="647" count="59" type="stmt"/>
      </file>
    </package>
    <package name="before.src.services">
      <metrics statements="167" coveredstatements="74" conditionals="26" coveredconditionals="18" methods="19" coveredmethods="8"/>
      <file name="postService.ts" path="/Users/summer/Documents/Repositories/front_7th_chapter3-1/packages/before/src/services/postService.ts">
        <metrics statements="96" coveredstatements="24" conditionals="3" coveredconditionals="2" methods="10" coveredmethods="2"/>
        <line num="13" count="1" type="stmt"/>
        <line num="15" count="1" type="cond" truecount="1" falsecount="0"/>
        <line num="16" count="2" type="stmt"/>
        <line num="17" count="2" type="cond" truecount="0" falsecount="1"/>
        <line num="18" count="2" type="stmt"/>
        <line num="19" count="2" type="stmt"/>
        <line num="20" count="2" type="stmt"/>
        <line num="21" count="2" type="stmt"/>
        <line num="22" count="2" type="stmt"/>
        <line num="23" count="2" type="stmt"/>
        <line num="24" count="2" type="stmt"/>
        <line num="26" count="1" type="stmt"/>
        <line num="27" count="0" type="stmt"/>
        <line num="28" count="0" type="stmt"/>
        <line num="30" count="1" type="stmt"/>
        <line num="31" count="1" type="cond" truecount="1" falsecount="0"/>
        <line num="32" count="2" type="stmt"/>
        <line num="33" count="2" type="stmt"/>
        <line num="35" count="1" type="stmt"/>
        <line num="36" count="0" type="stmt"/>
        <line num="37" count="0" type="stmt"/>
        <line num="38" count="0" type="stmt"/>
        <line num="40" count="1" type="stmt"/>
        <line num="42" count="0" type="stmt"/>
        <line num="44" count="0" type="stmt"/>
        <line num="45" count="0" type="stmt"/>
        <line num="46" count="0" type="stmt"/>
        <line num="48" count="0" type="stmt"/>
        <line num="49" count="0" type="stmt"/>
        <line num="50" count="0" type="stmt"/>
        <line num="51" count="0" type="stmt"/>
        <line num="52" count="0" type="stmt"/>
        <line num="53" count="0" type="stmt"/>
        <line num="55" count="0" type="stmt"/>
        <line num="56" count="0" type="stmt"/>
        <line num="57" count="0" type="stmt"/>
        <line num="58" count="0" type="stmt"/>
        <line num="60" count="1" type="stmt"/>
        <line num="61" count="0" type="stmt"/>
        <line num="62" count="0" type="stmt"/>
        <line num="64" count="0" type="stmt"/>
        <line num="65" count="0" type="stmt"/>
        <line num="66" count="0" type="stmt"/>
        <line num="68" count="0" type="stmt"/>
        <line num="69" count="0" type="stmt"/>
        <line num="70" count="0" type="stmt"/>
        <line num="71" count="0" type="stmt"/>
        <line num="72" count="0" type="stmt"/>
        <line num="73" count="0" type="stmt"/>
        <line num="74" count="0" type="stmt"/>
        <line num="75" count="0" type="stmt"/>
        <line num="77" count="1" type="stmt"/>
        <line num="78" count="0" type="stmt"/>
        <line num="79" count="0" type="stmt"/>
        <line num="81" count="0" type="stmt"/>
        <line num="82" count="0" type="stmt"/>
        <line num="83" count="0" type="stmt"/>
        <line num="85" count="0" type="stmt"/>
        <line num="86" count="0" type="stmt"/>
        <line num="88" count="1" type="stmt"/>
        <line num="89" count="0" type="stmt"/>
        <line num="90" count="0" type="stmt"/>
        <line num="92" count="0" type="stmt"/>
        <line num="93" count="0" type="stmt"/>
        <line num="94" count="0" type="stmt"/>
        <line num="96" count="0" type="stmt"/>
        <line num="97" count="0" type="stmt"/>
        <line num="98" count="0" type="stmt"/>
        <line num="100" count="0" type="stmt"/>
        <line num="101" count="0" type="stmt"/>
        <line num="102" count="0" type="stmt"/>
        <line num="103" count="0" type="stmt"/>
        <line num="105" count="1" type="stmt"/>
        <line num="106" count="0" type="stmt"/>
        <line num="107" count="0" type="stmt"/>
        <line num="109" count="0" type="stmt"/>
        <line num="110" count="0" type="stmt"/>
        <line num="111" count="0" type="stmt"/>
        <line num="113" count="0" type="stmt"/>
        <line num="114" count="0" type="stmt"/>
        <line num="115" count="0" type="stmt"/>
        <line num="116" count="0" type="stmt"/>
        <line num="118" count="1" type="stmt"/>
        <line num="119" count="0" type="stmt"/>
        <line num="120" count="0" type="stmt"/>
        <line num="122" count="0" type="stmt"/>
        <line num="123" count="0" type="stmt"/>
        <line num="124" count="0" type="stmt"/>
        <line num="126" count="0" type="stmt"/>
        <line num="127" count="0" type="stmt"/>
        <line num="128" count="0" type="stmt"/>
        <line num="130" count="0" type="stmt"/>
        <line num="131" count="0" type="stmt"/>
        <line num="132" count="0" type="stmt"/>
        <line num="133" count="0" type="stmt"/>
        <line num="134" count="1" type="stmt"/>
      </file>
      <file name="userService.ts" path="/Users/summer/Documents/Repositories/front_7th_chapter3-1/packages/before/src/services/userService.ts">
        <metrics statements="71" coveredstatements="50" conditionals="23" coveredconditionals="16" methods="9" coveredmethods="6"/>
        <line num="11" count="1" type="stmt"/>
        <line num="13" count="1" type="cond" truecount="1" falsecount="0"/>
        <line num="14" count="7" type="stmt"/>
        <line num="15" count="7" type="cond" truecount="2" falsecount="0"/>
        <line num="16" count="2" type="stmt"/>
        <line num="17" count="2" type="stmt"/>
        <line num="18" count="2" type="stmt"/>
        <line num="19" count="2" type="stmt"/>
        <line num="20" count="2" type="stmt"/>
        <line num="21" count="7" type="stmt"/>
        <line num="23" count="1" type="cond" truecount="1" falsecount="0"/>
        <line num="24" count="3" type="stmt"/>
        <line num="25" count="3" type="stmt"/>
        <line num="27" count="1" type="stmt"/>
        <line num="28" count="1" type="cond" truecount="1" falsecount="0"/>
        <line num="29" count="4" type="stmt"/>
        <line num="30" count="4" type="stmt"/>
        <line num="32" count="1" type="stmt"/>
        <line num="33" count="0" type="stmt"/>
        <line num="34" count="0" type="stmt"/>
        <line num="35" count="0" type="stmt"/>
        <line num="37" count="1" type="cond" truecount="1" falsecount="0"/>
        <line num="39" count="1" type="stmt"/>
        <line num="41" count="1" type="cond" truecount="1" falsecount="1"/>
        <line num="42" count="0" type="stmt"/>
        <line num="43" count="0" type="stmt"/>
        <line num="45" count="1" type="cond" truecount="1" falsecount="1"/>
        <line num="46" count="0" type="stmt"/>
        <line num="47" count="0" type="stmt"/>
        <line num="49" count="1" type="stmt"/>
        <line num="50" count="1" type="cond" truecount="1" falsecount="0"/>
        <line num="51" count="1" type="stmt"/>
        <line num="52" count="1" type="stmt"/>
        <line num="53" count="1" type="stmt"/>
        <line num="55" count="1" type="stmt"/>
        <line num="56" count="1" type="stmt"/>
        <line num="57" count="1" type="stmt"/>
        <line num="58" count="1" type="stmt"/>
        <line num="60" count="1" type="cond" truecount="1" falsecount="0"/>
        <line num="61" count="1" type="stmt"/>
        <line num="62" count="1" type="cond" truecount="1" falsecount="0"/>
        <line num="64" count="1" type="cond" truecount="0" falsecount="1"/>
        <line num="65" count="0" type="stmt"/>
        <line num="66" count="0" type="stmt"/>
        <line num="68" count="1" type="cond" truecount="2" falsecount="1"/>
        <line num="69" count="0" type="stmt"/>
        <line num="70" count="0" type="stmt"/>
        <line num="72" count="1" type="cond" truecount="1" falsecount="2"/>
        <line num="73" count="0" type="stmt"/>
        <line num="74" count="0" type="stmt"/>
        <line num="76" count="1" type="stmt"/>
        <line num="77" count="1" type="stmt"/>
        <line num="78" count="1" type="stmt"/>
        <line num="79" count="1" type="stmt"/>
        <line num="81" count="1" type="cond" truecount="1" falsecount="0"/>
        <line num="82" count="1" type="stmt"/>
        <line num="83" count="1" type="cond" truecount="1" falsecount="0"/>
        <line num="85" count="1" type="cond" truecount="0" falsecount="1"/>
        <line num="86" count="0" type="stmt"/>
        <line num="87" count="0" type="stmt"/>
        <line num="89" count="1" type="stmt"/>
        <line num="90" count="1" type="stmt"/>
        <line num="92" count="1" type="stmt"/>
        <line num="93" count="0" type="stmt"/>
        <line num="94" count="0" type="stmt"/>
        <line num="95" count="0" type="stmt"/>
        <line num="97" count="1" type="stmt"/>
        <line num="98" count="0" type="stmt"/>
        <line num="99" count="0" type="stmt"/>
        <line num="100" count="0" type="stmt"/>
        <line num="101" count="1" type="stmt"/>
      </file>
    </package>
  </project>
</coverage>
