{"/Users/summer/Documents/Repositories/front_7th_chapter3-1/packages/before/postcss.config.js": {"path":"/Users/summer/Documents/Repositories/front_7th_chapter3-1/packages/before/postcss.config.js","all":true,"statementMap":{"0":{"start":{"line":1,"column":0},"end":{"line":1,"column":16}},"1":{"start":{"line":2,"column":0},"end":{"line":2,"column":12}},"2":{"start":{"line":3,"column":0},"end":{"line":3,"column":21}},"3":{"start":{"line":4,"column":0},"end":{"line":4,"column":4}},"4":{"start":{"line":5,"column":0},"end":{"line":5,"column":1}}},"s":{"0":0,"1":0,"2":0,"3":0,"4":0},"branchMap":{"0":{"type":"branch","line":1,"loc":{"start":{"line":1,"column":0},"end":{"line":5,"column":-11}},"locations":[{"start":{"line":1,"column":0},"end":{"line":5,"column":-11}}]}},"b":{"0":[0]},"fnMap":{"0":{"name":"(empty-report)","decl":{"start":{"line":1,"column":0},"end":{"line":5,"column":-11}},"loc":{"start":{"line":1,"column":0},"end":{"line":5,"column":-11}},"line":1}},"f":{"0":0}}
,"/Users/summer/Documents/Repositories/front_7th_chapter3-1/packages/before/src/App.tsx": {"path":"/Users/summer/Documents/Repositories/front_7th_chapter3-1/packages/before/src/App.tsx","all":true,"statementMap":{"0":{"start":{"line":1,"column":0},"end":{"line":1,"column":25}},"5":{"start":{"line":6,"column":0},"end":{"line":6,"column":36}},"6":{"start":{"line":7,"column":0},"end":{"line":7,"column":10}},"7":{"start":{"line":8,"column":0},"end":{"line":8,"column":68}},"8":{"start":{"line":9,"column":0},"end":{"line":9,"column":16}},"9":{"start":{"line":10,"column":0},"end":{"line":10,"column":12}},"10":{"start":{"line":11,"column":0},"end":{"line":11,"column":26}},"11":{"start":{"line":12,"column":0},"end":{"line":12,"column":13}},"12":{"start":{"line":13,"column":0},"end":{"line":13,"column":10}},"14":{"start":{"line":15,"column":0},"end":{"line":15,"column":2}}},"s":{"0":0,"5":0,"6":0,"7":0,"8":0,"9":0,"10":0,"11":0,"12":0,"14":0},"branchMap":{"0":{"type":"branch","line":1,"loc":{"start":{"line":1,"column":370},"end":{"line":15,"column":2}},"locations":[{"start":{"line":1,"column":370},"end":{"line":15,"column":2}}]}},"b":{"0":[0]},"fnMap":{"0":{"name":"(empty-report)","decl":{"start":{"line":1,"column":370},"end":{"line":15,"column":2}},"loc":{"start":{"line":1,"column":370},"end":{"line":15,"column":2}},"line":1}},"f":{"0":0}}
,"/Users/summer/Documents/Repositories/front_7th_chapter3-1/packages/before/src/main.tsx": {"path":"/Users/summer/Documents/Repositories/front_7th_chapter3-1/packages/before/src/main.tsx","all":true,"statementMap":{"0":{"start":{"line":1,"column":0},"end":{"line":1,"column":34}},"1":{"start":{"line":2,"column":0},"end":{"line":2,"column":45}},"2":{"start":{"line":3,"column":0},"end":{"line":3,"column":27}},"3":{"start":{"line":4,"column":0},"end":{"line":4,"column":32}},"5":{"start":{"line":6,"column":0},"end":{"line":6,"column":52}},"6":{"start":{"line":7,"column":0},"end":{"line":7,"column":14}},"7":{"start":{"line":8,"column":0},"end":{"line":8,"column":11}},"8":{"start":{"line":9,"column":0},"end":{"line":9,"column":16}},"9":{"start":{"line":10,"column":0},"end":{"line":10,"column":1}}},"s":{"0":0,"1":0,"2":0,"3":0,"5":0,"6":0,"7":0,"8":0,"9":0},"branchMap":{"0":{"type":"branch","line":1,"loc":{"start":{"line":1,"column":241},"end":{"line":10,"column":1}},"locations":[{"start":{"line":1,"column":241},"end":{"line":10,"column":1}}]}},"b":{"0":[0]},"fnMap":{"0":{"name":"(empty-report)","decl":{"start":{"line":1,"column":241},"end":{"line":10,"column":1}},"loc":{"start":{"line":1,"column":241},"end":{"line":10,"column":1}},"line":1}},"f":{"0":0}}
,"/Users/summer/Documents/Repositories/front_7th_chapter3-1/packages/before/src/components/atoms/Badge.tsx": {"path":"/Users/summer/Documents/Repositories/front_7th_chapter3-1/packages/before/src/components/atoms/Badge.tsx","all":false,"statementMap":{"0":{"start":{"line":1,"column":0},"end":{"line":1,"column":26}},"15":{"start":{"line":16,"column":0},"end":{"line":16,"column":45}},"16":{"start":{"line":17,"column":0},"end":{"line":17,"column":11}},"17":{"start":{"line":18,"column":0},"end":{"line":18,"column":19}},"18":{"start":{"line":19,"column":0},"end":{"line":19,"column":18}},"19":{"start":{"line":20,"column":0},"end":{"line":20,"column":15}},"20":{"start":{"line":21,"column":0},"end":{"line":21,"column":9}},"21":{"start":{"line":22,"column":0},"end":{"line":22,"column":11}},"22":{"start":{"line":23,"column":0},"end":{"line":23,"column":11}},"23":{"start":{"line":24,"column":0},"end":{"line":24,"column":16}},"24":{"start":{"line":25,"column":0},"end":{"line":25,"column":19}},"25":{"start":{"line":26,"column":0},"end":{"line":26,"column":7}},"28":{"start":{"line":29,"column":0},"end":{"line":29,"column":24}},"29":{"start":{"line":30,"column":0},"end":{"line":30,"column":31}},"31":{"start":{"line":32,"column":0},"end":{"line":32,"column":15}},"32":{"start":{"line":33,"column":0},"end":{"line":33,"column":21}},"33":{"start":{"line":34,"column":0},"end":{"line":34,"column":23}},"34":{"start":{"line":35,"column":0},"end":{"line":35,"column":31}},"35":{"start":{"line":36,"column":0},"end":{"line":36,"column":47}},"36":{"start":{"line":37,"column":0},"end":{"line":37,"column":14}},"37":{"start":{"line":38,"column":0},"end":{"line":38,"column":19}},"38":{"start":{"line":39,"column":0},"end":{"line":39,"column":31}},"39":{"start":{"line":40,"column":0},"end":{"line":40,"column":48}},"40":{"start":{"line":41,"column":0},"end":{"line":41,"column":14}},"41":{"start":{"line":42,"column":0},"end":{"line":42,"column":22}},"42":{"start":{"line":43,"column":0},"end":{"line":43,"column":33}},"43":{"start":{"line":44,"column":0},"end":{"line":44,"column":47}},"44":{"start":{"line":45,"column":0},"end":{"line":45,"column":14}},"45":{"start":{"line":46,"column":0},"end":{"line":46,"column":21}},"46":{"start":{"line":47,"column":0},"end":{"line":47,"column":28}},"47":{"start":{"line":48,"column":0},"end":{"line":48,"column":47}},"48":{"start":{"line":49,"column":0},"end":{"line":49,"column":14}},"49":{"start":{"line":50,"column":0},"end":{"line":50,"column":22}},"50":{"start":{"line":51,"column":0},"end":{"line":51,"column":30}},"51":{"start":{"line":52,"column":0},"end":{"line":52,"column":47}},"52":{"start":{"line":53,"column":0},"end":{"line":53,"column":14}},"53":{"start":{"line":54,"column":0},"end":{"line":54,"column":5}},"54":{"start":{"line":55,"column":0},"end":{"line":55,"column":3}},"56":{"start":{"line":57,"column":0},"end":{"line":57,"column":17}},"57":{"start":{"line":58,"column":0},"end":{"line":58,"column":23}},"58":{"start":{"line":59,"column":0},"end":{"line":59,"column":19}},"59":{"start":{"line":60,"column":0},"end":{"line":60,"column":30}},"60":{"start":{"line":61,"column":0},"end":{"line":61,"column":47}},"61":{"start":{"line":62,"column":0},"end":{"line":62,"column":14}},"62":{"start":{"line":63,"column":0},"end":{"line":63,"column":23}},"63":{"start":{"line":64,"column":0},"end":{"line":64,"column":31}},"64":{"start":{"line":65,"column":0},"end":{"line":65,"column":47}},"65":{"start":{"line":66,"column":0},"end":{"line":66,"column":14}},"66":{"start":{"line":67,"column":0},"end":{"line":67,"column":18}},"67":{"start":{"line":68,"column":0},"end":{"line":68,"column":31}},"68":{"start":{"line":69,"column":0},"end":{"line":69,"column":47}},"69":{"start":{"line":70,"column":0},"end":{"line":70,"column":14}},"70":{"start":{"line":71,"column":0},"end":{"line":71,"column":19}},"71":{"start":{"line":72,"column":0},"end":{"line":72,"column":33}},"72":{"start":{"line":73,"column":0},"end":{"line":73,"column":47}},"73":{"start":{"line":74,"column":0},"end":{"line":74,"column":14}},"74":{"start":{"line":75,"column":0},"end":{"line":75,"column":5}},"75":{"start":{"line":76,"column":0},"end":{"line":76,"column":3}},"77":{"start":{"line":78,"column":0},"end":{"line":78,"column":17}},"78":{"start":{"line":79,"column":0},"end":{"line":79,"column":23}},"79":{"start":{"line":80,"column":0},"end":{"line":80,"column":18}},"80":{"start":{"line":81,"column":0},"end":{"line":81,"column":30}},"81":{"start":{"line":82,"column":0},"end":{"line":82,"column":46}},"82":{"start":{"line":83,"column":0},"end":{"line":83,"column":14}},"83":{"start":{"line":84,"column":0},"end":{"line":84,"column":20}},"84":{"start":{"line":85,"column":0},"end":{"line":85,"column":31}},"85":{"start":{"line":86,"column":0},"end":{"line":86,"column":46}},"86":{"start":{"line":87,"column":0},"end":{"line":87,"column":14}},"87":{"start":{"line":88,"column":0},"end":{"line":88,"column":17}},"88":{"start":{"line":89,"column":0},"end":{"line":89,"column":28}},"89":{"start":{"line":90,"column":0},"end":{"line":90,"column":46}},"90":{"start":{"line":91,"column":0},"end":{"line":91,"column":14}},"91":{"start":{"line":92,"column":0},"end":{"line":92,"column":5}},"92":{"start":{"line":93,"column":0},"end":{"line":93,"column":3}},"94":{"start":{"line":95,"column":0},"end":{"line":95,"column":22}},"95":{"start":{"line":96,"column":0},"end":{"line":96,"column":28}},"96":{"start":{"line":97,"column":0},"end":{"line":97,"column":18}},"97":{"start":{"line":98,"column":0},"end":{"line":98,"column":31}},"98":{"start":{"line":99,"column":0},"end":{"line":99,"column":48}},"99":{"start":{"line":100,"column":0},"end":{"line":100,"column":14}},"100":{"start":{"line":101,"column":0},"end":{"line":101,"column":21}},"101":{"start":{"line":102,"column":0},"end":{"line":102,"column":31}},"102":{"start":{"line":103,"column":0},"end":{"line":103,"column":48}},"103":{"start":{"line":104,"column":0},"end":{"line":104,"column":14}},"104":{"start":{"line":105,"column":0},"end":{"line":105,"column":20}},"105":{"start":{"line":106,"column":0},"end":{"line":106,"column":30}},"106":{"start":{"line":107,"column":0},"end":{"line":107,"column":48}},"107":{"start":{"line":108,"column":0},"end":{"line":108,"column":14}},"108":{"start":{"line":109,"column":0},"end":{"line":109,"column":22}},"109":{"start":{"line":110,"column":0},"end":{"line":110,"column":33}},"110":{"start":{"line":111,"column":0},"end":{"line":111,"column":47}},"111":{"start":{"line":112,"column":0},"end":{"line":112,"column":14}},"112":{"start":{"line":113,"column":0},"end":{"line":113,"column":5}},"113":{"start":{"line":114,"column":0},"end":{"line":114,"column":3}},"115":{"start":{"line":116,"column":0},"end":{"line":116,"column":19}},"116":{"start":{"line":117,"column":0},"end":{"line":117,"column":12}},"117":{"start":{"line":118,"column":0},"end":{"line":118,"column":26}},"118":{"start":{"line":119,"column":0},"end":{"line":119,"column":20}},"119":{"start":{"line":120,"column":0},"end":{"line":120,"column":25}},"120":{"start":{"line":121,"column":0},"end":{"line":121,"column":30}},"122":{"start":{"line":123,"column":0},"end":{"line":123,"column":10}},"123":{"start":{"line":124,"column":0},"end":{"line":124,"column":30}},"124":{"start":{"line":125,"column":0},"end":{"line":125,"column":21}},"125":{"start":{"line":126,"column":0},"end":{"line":126,"column":11}},"127":{"start":{"line":128,"column":0},"end":{"line":128,"column":2}}},"s":{"0":1,"15":1,"16":617,"17":617,"18":617,"19":617,"20":617,"21":617,"22":617,"23":617,"24":617,"25":617,"28":617,"29":617,"31":617,"32":297,"33":297,"34":204,"35":204,"36":204,"37":297,"38":12,"39":12,"40":12,"41":297,"42":10,"43":10,"44":10,"45":297,"46":1,"47":1,"48":1,"49":297,"50":70,"51":70,"52":70,"53":297,"54":297,"56":617,"57":252,"58":252,"59":60,"60":60,"61":60,"62":252,"63":55,"64":55,"65":55,"66":252,"67":136,"68":136,"69":136,"70":252,"71":1,"72":1,"73":1,"74":252,"75":252,"77":617,"78":5,"79":5,"80":3,"81":3,"82":3,"83":5,"84":1,"85":1,"86":1,"87":5,"88":1,"89":1,"90":1,"91":5,"92":5,"94":617,"95":6,"96":6,"97":3,"98":3,"99":3,"100":6,"101":1,"102":1,"103":1,"104":6,"105":1,"106":1,"107":1,"108":6,"109":1,"110":1,"111":1,"112":6,"113":6,"115":617,"116":617,"117":617,"118":617,"119":617,"120":617,"122":617,"123":617,"124":617,"125":617,"127":617},"branchMap":{"0":{"type":"branch","line":16,"loc":{"start":{"line":16,"column":43},"end":{"line":128,"column":2}},"locations":[{"start":{"line":16,"column":43},"end":{"line":128,"column":2}}]},"1":{"type":"branch","line":32,"loc":{"start":{"line":32,"column":14},"end":{"line":55,"column":3}},"locations":[{"start":{"line":32,"column":14},"end":{"line":55,"column":3}}]},"2":{"type":"branch","line":34,"loc":{"start":{"line":34,"column":6},"end":{"line":37,"column":14}},"locations":[{"start":{"line":34,"column":6},"end":{"line":37,"column":14}}]},"3":{"type":"branch","line":36,"loc":{"start":{"line":36,"column":24},"end":{"line":36,"column":47}},"locations":[{"start":{"line":36,"column":24},"end":{"line":36,"column":47}}]},"4":{"type":"branch","line":38,"loc":{"start":{"line":38,"column":6},"end":{"line":41,"column":14}},"locations":[{"start":{"line":38,"column":6},"end":{"line":41,"column":14}}]},"5":{"type":"branch","line":42,"loc":{"start":{"line":42,"column":6},"end":{"line":45,"column":14}},"locations":[{"start":{"line":42,"column":6},"end":{"line":45,"column":14}}]},"6":{"type":"branch","line":46,"loc":{"start":{"line":46,"column":6},"end":{"line":49,"column":14}},"locations":[{"start":{"line":46,"column":6},"end":{"line":49,"column":14}}]},"7":{"type":"branch","line":50,"loc":{"start":{"line":50,"column":6},"end":{"line":53,"column":14}},"locations":[{"start":{"line":50,"column":6},"end":{"line":53,"column":14}}]},"8":{"type":"branch","line":57,"loc":{"start":{"line":57,"column":16},"end":{"line":76,"column":3}},"locations":[{"start":{"line":57,"column":16},"end":{"line":76,"column":3}}]},"9":{"type":"branch","line":59,"loc":{"start":{"line":59,"column":6},"end":{"line":62,"column":14}},"locations":[{"start":{"line":59,"column":6},"end":{"line":62,"column":14}}]},"10":{"type":"branch","line":61,"loc":{"start":{"line":61,"column":24},"end":{"line":61,"column":47}},"locations":[{"start":{"line":61,"column":24},"end":{"line":61,"column":47}}]},"11":{"type":"branch","line":63,"loc":{"start":{"line":63,"column":6},"end":{"line":66,"column":14}},"locations":[{"start":{"line":63,"column":6},"end":{"line":66,"column":14}}]},"12":{"type":"branch","line":67,"loc":{"start":{"line":67,"column":6},"end":{"line":70,"column":14}},"locations":[{"start":{"line":67,"column":6},"end":{"line":70,"column":14}}]},"13":{"type":"branch","line":71,"loc":{"start":{"line":71,"column":6},"end":{"line":74,"column":14}},"locations":[{"start":{"line":71,"column":6},"end":{"line":74,"column":14}}]},"14":{"type":"branch","line":78,"loc":{"start":{"line":78,"column":16},"end":{"line":93,"column":3}},"locations":[{"start":{"line":78,"column":16},"end":{"line":93,"column":3}}]},"15":{"type":"branch","line":80,"loc":{"start":{"line":80,"column":6},"end":{"line":83,"column":14}},"locations":[{"start":{"line":80,"column":6},"end":{"line":83,"column":14}}]},"16":{"type":"branch","line":82,"loc":{"start":{"line":82,"column":24},"end":{"line":82,"column":46}},"locations":[{"start":{"line":82,"column":24},"end":{"line":82,"column":46}}]},"17":{"type":"branch","line":84,"loc":{"start":{"line":84,"column":6},"end":{"line":87,"column":14}},"locations":[{"start":{"line":84,"column":6},"end":{"line":87,"column":14}}]},"18":{"type":"branch","line":88,"loc":{"start":{"line":88,"column":6},"end":{"line":91,"column":14}},"locations":[{"start":{"line":88,"column":6},"end":{"line":91,"column":14}}]},"19":{"type":"branch","line":95,"loc":{"start":{"line":95,"column":21},"end":{"line":114,"column":3}},"locations":[{"start":{"line":95,"column":21},"end":{"line":114,"column":3}}]},"20":{"type":"branch","line":97,"loc":{"start":{"line":97,"column":6},"end":{"line":100,"column":14}},"locations":[{"start":{"line":97,"column":6},"end":{"line":100,"column":14}}]},"21":{"type":"branch","line":99,"loc":{"start":{"line":99,"column":24},"end":{"line":99,"column":48}},"locations":[{"start":{"line":99,"column":24},"end":{"line":99,"column":48}}]},"22":{"type":"branch","line":101,"loc":{"start":{"line":101,"column":6},"end":{"line":104,"column":14}},"locations":[{"start":{"line":101,"column":6},"end":{"line":104,"column":14}}]},"23":{"type":"branch","line":105,"loc":{"start":{"line":105,"column":6},"end":{"line":108,"column":14}},"locations":[{"start":{"line":105,"column":6},"end":{"line":108,"column":14}}]},"24":{"type":"branch","line":109,"loc":{"start":{"line":109,"column":6},"end":{"line":112,"column":14}},"locations":[{"start":{"line":109,"column":6},"end":{"line":112,"column":14}}]},"25":{"type":"branch","line":120,"loc":{"start":{"line":120,"column":4},"end":{"line":120,"column":25}},"locations":[{"start":{"line":120,"column":4},"end":{"line":120,"column":25}}]}},"b":{"0":[617],"1":[297],"2":[204],"3":[202],"4":[12],"5":[10],"6":[1],"7":[70],"8":[252],"9":[60],"10":[58],"11":[55],"12":[136],"13":[1],"14":[5],"15":[3],"16":[1],"17":[1],"18":[1],"19":[6],"20":[3],"21":[1],"22":[1],"23":[1],"24":[1],"25":[33]},"fnMap":{"0":{"name":"Badge","decl":{"start":{"line":16,"column":43},"end":{"line":128,"column":2}},"loc":{"start":{"line":16,"column":43},"end":{"line":128,"column":2}},"line":16}},"f":{"0":617}}
,"/Users/summer/Documents/Repositories/front_7th_chapter3-1/packages/before/src/components/atoms/Button.tsx": {"path":"/Users/summer/Documents/Repositories/front_7th_chapter3-1/packages/before/src/components/atoms/Button.tsx","all":false,"statementMap":{"0":{"start":{"line":1,"column":0},"end":{"line":1,"column":26}},"18":{"start":{"line":19,"column":0},"end":{"line":19,"column":47}},"19":{"start":{"line":20,"column":0},"end":{"line":20,"column":11}},"20":{"start":{"line":21,"column":0},"end":{"line":21,"column":10}},"21":{"start":{"line":22,"column":0},"end":{"line":22,"column":18}},"22":{"start":{"line":23,"column":0},"end":{"line":23,"column":19}},"23":{"start":{"line":24,"column":0},"end":{"line":24,"column":22}},"24":{"start":{"line":25,"column":0},"end":{"line":25,"column":14}},"25":{"start":{"line":26,"column":0},"end":{"line":26,"column":20}},"26":{"start":{"line":27,"column":0},"end":{"line":27,"column":13}},"27":{"start":{"line":28,"column":0},"end":{"line":28,"column":9}},"28":{"start":{"line":29,"column":0},"end":{"line":29,"column":9}},"29":{"start":{"line":30,"column":0},"end":{"line":30,"column":7}},"31":{"start":{"line":32,"column":0},"end":{"line":32,"column":32}},"32":{"start":{"line":33,"column":0},"end":{"line":33,"column":30}},"33":{"start":{"line":34,"column":0},"end":{"line":34,"column":32}},"35":{"start":{"line":36,"column":0},"end":{"line":36,"column":39}},"37":{"start":{"line":38,"column":0},"end":{"line":38,"column":82}},"38":{"start":{"line":39,"column":0},"end":{"line":39,"column":28}},"39":{"start":{"line":40,"column":0},"end":{"line":40,"column":5}},"42":{"start":{"line":43,"column":0},"end":{"line":43,"column":89}},"43":{"start":{"line":44,"column":0},"end":{"line":44,"column":28}},"44":{"start":{"line":45,"column":0},"end":{"line":45,"column":5}},"47":{"start":{"line":48,"column":0},"end":{"line":48,"column":89}},"48":{"start":{"line":49,"column":0},"end":{"line":49,"column":28}},"49":{"start":{"line":50,"column":0},"end":{"line":50,"column":5}},"52":{"start":{"line":53,"column":0},"end":{"line":53,"column":20}},"53":{"start":{"line":54,"column":0},"end":{"line":54,"column":32}},"54":{"start":{"line":55,"column":0},"end":{"line":55,"column":74}},"55":{"start":{"line":56,"column":0},"end":{"line":56,"column":37}},"56":{"start":{"line":57,"column":0},"end":{"line":57,"column":30}},"57":{"start":{"line":58,"column":0},"end":{"line":58,"column":39}},"58":{"start":{"line":59,"column":0},"end":{"line":59,"column":30}},"59":{"start":{"line":60,"column":0},"end":{"line":60,"column":40}},"60":{"start":{"line":61,"column":0},"end":{"line":61,"column":30}},"61":{"start":{"line":62,"column":0},"end":{"line":62,"column":40}},"62":{"start":{"line":63,"column":0},"end":{"line":63,"column":30}},"63":{"start":{"line":64,"column":0},"end":{"line":64,"column":7}},"64":{"start":{"line":65,"column":0},"end":{"line":65,"column":5}},"67":{"start":{"line":68,"column":0},"end":{"line":68,"column":30}},"68":{"start":{"line":69,"column":0},"end":{"line":69,"column":31}},"69":{"start":{"line":70,"column":0},"end":{"line":70,"column":38}},"70":{"start":{"line":71,"column":0},"end":{"line":71,"column":32}},"71":{"start":{"line":72,"column":0},"end":{"line":72,"column":38}},"72":{"start":{"line":73,"column":0},"end":{"line":73,"column":34}},"73":{"start":{"line":74,"column":0},"end":{"line":74,"column":5}},"74":{"start":{"line":75,"column":0},"end":{"line":75,"column":3}},"76":{"start":{"line":77,"column":0},"end":{"line":77,"column":19}},"77":{"start":{"line":78,"column":0},"end":{"line":78,"column":10}},"78":{"start":{"line":79,"column":0},"end":{"line":79,"column":27}},"79":{"start":{"line":80,"column":0},"end":{"line":80,"column":18}},"80":{"start":{"line":81,"column":0},"end":{"line":81,"column":33}},"81":{"start":{"line":82,"column":0},"end":{"line":82,"column":30}},"83":{"start":{"line":84,"column":0},"end":{"line":84,"column":10}},"84":{"start":{"line":85,"column":0},"end":{"line":85,"column":11}},"85":{"start":{"line":86,"column":0},"end":{"line":86,"column":17}},"86":{"start":{"line":87,"column":0},"end":{"line":87,"column":23}},"87":{"start":{"line":88,"column":0},"end":{"line":88,"column":31}},"88":{"start":{"line":89,"column":0},"end":{"line":89,"column":25}},"90":{"start":{"line":91,"column":0},"end":{"line":91,"column":22}},"91":{"start":{"line":92,"column":0},"end":{"line":92,"column":13}},"93":{"start":{"line":94,"column":0},"end":{"line":94,"column":2}}},"s":{"0":1,"18":1,"19":800,"20":800,"21":800,"22":800,"23":800,"24":800,"25":800,"26":800,"27":800,"28":800,"29":800,"31":800,"32":800,"33":800,"35":800,"37":18,"38":1,"39":1,"42":18,"43":1,"44":1,"47":18,"48":1,"49":1,"52":18,"53":8,"54":2,"55":8,"56":2,"57":6,"58":2,"59":2,"60":1,"61":1,"62":1,"63":1,"64":8,"67":18,"68":6,"69":18,"70":4,"71":12,"72":3,"73":3,"74":18,"76":800,"77":800,"78":800,"79":800,"80":800,"81":800,"83":800,"84":800,"85":800,"86":800,"87":800,"88":800,"90":800,"91":800,"93":800},"branchMap":{"0":{"type":"branch","line":19,"loc":{"start":{"line":19,"column":45},"end":{"line":94,"column":2}},"locations":[{"start":{"line":19,"column":45},"end":{"line":94,"column":2}}]},"1":{"type":"branch","line":36,"loc":{"start":{"line":36,"column":6},"end":{"line":36,"column":30}},"locations":[{"start":{"line":36,"column":6},"end":{"line":36,"column":30}}]},"2":{"type":"branch","line":36,"loc":{"start":{"line":36,"column":20},"end":{"line":36,"column":38}},"locations":[{"start":{"line":36,"column":20},"end":{"line":36,"column":38}}]},"3":{"type":"branch","line":36,"loc":{"start":{"line":36,"column":38},"end":{"line":75,"column":3}},"locations":[{"start":{"line":36,"column":38},"end":{"line":75,"column":3}}]},"4":{"type":"branch","line":38,"loc":{"start":{"line":38,"column":23},"end":{"line":38,"column":56}},"locations":[{"start":{"line":38,"column":23},"end":{"line":38,"column":56}}]},"5":{"type":"branch","line":38,"loc":{"start":{"line":38,"column":44},"end":{"line":38,"column":81}},"locations":[{"start":{"line":38,"column":44},"end":{"line":38,"column":81}}]},"6":{"type":"branch","line":38,"loc":{"start":{"line":38,"column":81},"end":{"line":40,"column":5}},"locations":[{"start":{"line":38,"column":81},"end":{"line":40,"column":5}}]},"7":{"type":"branch","line":43,"loc":{"start":{"line":43,"column":23},"end":{"line":43,"column":57}},"locations":[{"start":{"line":43,"column":23},"end":{"line":43,"column":57}}]},"8":{"type":"branch","line":43,"loc":{"start":{"line":43,"column":44},"end":{"line":43,"column":88}},"locations":[{"start":{"line":43,"column":44},"end":{"line":43,"column":88}}]},"9":{"type":"branch","line":43,"loc":{"start":{"line":43,"column":88},"end":{"line":45,"column":5}},"locations":[{"start":{"line":43,"column":88},"end":{"line":45,"column":5}}]},"10":{"type":"branch","line":48,"loc":{"start":{"line":48,"column":23},"end":{"line":48,"column":57}},"locations":[{"start":{"line":48,"column":23},"end":{"line":48,"column":57}}]},"11":{"type":"branch","line":48,"loc":{"start":{"line":48,"column":44},"end":{"line":48,"column":88}},"locations":[{"start":{"line":48,"column":44},"end":{"line":48,"column":88}}]},"12":{"type":"branch","line":48,"loc":{"start":{"line":48,"column":88},"end":{"line":50,"column":5}},"locations":[{"start":{"line":48,"column":88},"end":{"line":50,"column":5}}]},"13":{"type":"branch","line":53,"loc":{"start":{"line":53,"column":19},"end":{"line":65,"column":5}},"locations":[{"start":{"line":53,"column":19},"end":{"line":65,"column":5}}]},"14":{"type":"branch","line":54,"loc":{"start":{"line":54,"column":31},"end":{"line":56,"column":17}},"locations":[{"start":{"line":54,"column":31},"end":{"line":56,"column":17}}]},"15":{"type":"branch","line":55,"loc":{"start":{"line":55,"column":45},"end":{"line":55,"column":62}},"locations":[{"start":{"line":55,"column":45},"end":{"line":55,"column":62}}]},"16":{"type":"branch","line":55,"loc":{"start":{"line":55,"column":54},"end":{"line":55,"column":67}},"locations":[{"start":{"line":55,"column":54},"end":{"line":55,"column":67}}]},"17":{"type":"branch","line":56,"loc":{"start":{"line":56,"column":6},"end":{"line":64,"column":7}},"locations":[{"start":{"line":56,"column":6},"end":{"line":64,"column":7}}]},"18":{"type":"branch","line":56,"loc":{"start":{"line":56,"column":36},"end":{"line":58,"column":17}},"locations":[{"start":{"line":56,"column":36},"end":{"line":58,"column":17}}]},"19":{"type":"branch","line":58,"loc":{"start":{"line":58,"column":6},"end":{"line":64,"column":7}},"locations":[{"start":{"line":58,"column":6},"end":{"line":64,"column":7}}]},"20":{"type":"branch","line":58,"loc":{"start":{"line":58,"column":38},"end":{"line":64,"column":7}},"locations":[{"start":{"line":58,"column":38},"end":{"line":64,"column":7}}]},"21":{"type":"branch","line":60,"loc":{"start":{"line":60,"column":39},"end":{"line":64,"column":7}},"locations":[{"start":{"line":60,"column":39},"end":{"line":64,"column":7}}]},"22":{"type":"branch","line":68,"loc":{"start":{"line":68,"column":29},"end":{"line":70,"column":15}},"locations":[{"start":{"line":68,"column":29},"end":{"line":70,"column":15}}]},"23":{"type":"branch","line":70,"loc":{"start":{"line":70,"column":4},"end":{"line":74,"column":5}},"locations":[{"start":{"line":70,"column":4},"end":{"line":74,"column":5}}]},"24":{"type":"branch","line":70,"loc":{"start":{"line":70,"column":37},"end":{"line":72,"column":15}},"locations":[{"start":{"line":70,"column":37},"end":{"line":72,"column":15}}]},"25":{"type":"branch","line":72,"loc":{"start":{"line":72,"column":4},"end":{"line":74,"column":5}},"locations":[{"start":{"line":72,"column":4},"end":{"line":74,"column":5}}]},"26":{"type":"branch","line":72,"loc":{"start":{"line":72,"column":37},"end":{"line":74,"column":5}},"locations":[{"start":{"line":72,"column":37},"end":{"line":74,"column":5}}]},"27":{"type":"branch","line":81,"loc":{"start":{"line":81,"column":4},"end":{"line":81,"column":33}},"locations":[{"start":{"line":81,"column":4},"end":{"line":81,"column":33}}]}},"b":{"0":[800],"1":[18],"2":[18],"3":[18],"4":[6],"5":[4],"6":[1],"7":[12],"8":[4],"9":[1],"10":[12],"11":[3],"12":[1],"13":[8],"14":[2],"15":[1],"16":[1],"17":[6],"18":[2],"19":[4],"20":[2],"21":[1],"22":[6],"23":[12],"24":[4],"25":[8],"26":[3],"27":[2]},"fnMap":{"0":{"name":"Button","decl":{"start":{"line":19,"column":45},"end":{"line":94,"column":2}},"loc":{"start":{"line":19,"column":45},"end":{"line":94,"column":2}},"line":19}},"f":{"0":800}}
,"/Users/summer/Documents/Repositories/front_7th_chapter3-1/packages/before/src/components/atoms/index.ts": {"path":"/Users/summer/Documents/Repositories/front_7th_chapter3-1/packages/before/src/components/atoms/index.ts","all":false,"statementMap":{"0":{"start":{"line":1,"column":0},"end":{"line":1,"column":34}}},"s":{"0":1},"branchMap":{},"b":{},"fnMap":{},"f":{}}
,"/Users/summer/Documents/Repositories/front_7th_chapter3-1/packages/before/src/components/molecules/FormCheckbox.tsx": {"path":"/Users/summer/Documents/Repositories/front_7th_chapter3-1/packages/before/src/components/molecules/FormCheckbox.tsx","all":false,"statementMap":{"0":{"start":{"line":1,"column":0},"end":{"line":1,"column":26}},"13":{"start":{"line":14,"column":0},"end":{"line":14,"column":59}},"14":{"start":{"line":15,"column":0},"end":{"line":15,"column":7}},"15":{"start":{"line":16,"column":0},"end":{"line":16,"column":10}},"16":{"start":{"line":17,"column":0},"end":{"line":17,"column":11}},"17":{"start":{"line":18,"column":0},"end":{"line":18,"column":8}},"18":{"start":{"line":19,"column":0},"end":{"line":19,"column":19}},"19":{"start":{"line":20,"column":0},"end":{"line":20,"column":8}},"20":{"start":{"line":21,"column":0},"end":{"line":21,"column":7}},"21":{"start":{"line":22,"column":0},"end":{"line":22,"column":7}},"22":{"start":{"line":23,"column":0},"end":{"line":23,"column":96}},"23":{"start":{"line":24,"column":0},"end":{"line":24,"column":116}},"24":{"start":{"line":25,"column":0},"end":{"line":25,"column":98}},"25":{"start":{"line":26,"column":0},"end":{"line":26,"column":110}},"27":{"start":{"line":28,"column":0},"end":{"line":28,"column":29}},"28":{"start":{"line":29,"column":0},"end":{"line":29,"column":20}},"29":{"start":{"line":30,"column":0},"end":{"line":30,"column":25}},"30":{"start":{"line":31,"column":0},"end":{"line":31,"column":5}},"31":{"start":{"line":32,"column":0},"end":{"line":32,"column":4}},"33":{"start":{"line":34,"column":0},"end":{"line":34,"column":10}},"34":{"start":{"line":35,"column":0},"end":{"line":35,"column":9}},"35":{"start":{"line":36,"column":0},"end":{"line":36,"column":60}},"36":{"start":{"line":37,"column":0},"end":{"line":37,"column":44}},"37":{"start":{"line":38,"column":0},"end":{"line":38,"column":16}},"38":{"start":{"line":39,"column":0},"end":{"line":39,"column":27}},"39":{"start":{"line":40,"column":0},"end":{"line":40,"column":23}},"40":{"start":{"line":41,"column":0},"end":{"line":41,"column":29}},"41":{"start":{"line":42,"column":0},"end":{"line":42,"column":53}},"42":{"start":{"line":43,"column":0},"end":{"line":43,"column":31}},"43":{"start":{"line":44,"column":0},"end":{"line":44,"column":38}},"44":{"start":{"line":45,"column":0},"end":{"line":45,"column":12}},"45":{"start":{"line":46,"column":0},"end":{"line":46,"column":41}},"46":{"start":{"line":47,"column":0},"end":{"line":47,"column":55}},"47":{"start":{"line":48,"column":0},"end":{"line":48,"column":16}},"48":{"start":{"line":49,"column":0},"end":{"line":49,"column":14}},"49":{"start":{"line":50,"column":0},"end":{"line":50,"column":55}},"50":{"start":{"line":51,"column":0},"end":{"line":51,"column":12}},"52":{"start":{"line":53,"column":0},"end":{"line":53,"column":64}},"53":{"start":{"line":54,"column":0},"end":{"line":54,"column":71}},"54":{"start":{"line":55,"column":0},"end":{"line":55,"column":10}},"56":{"start":{"line":57,"column":0},"end":{"line":57,"column":2}}},"s":{"0":1,"13":1,"14":37,"15":37,"16":37,"17":37,"18":37,"19":37,"20":37,"21":37,"22":37,"23":37,"24":37,"25":37,"27":37,"28":7,"29":6,"30":6,"31":7,"33":37,"34":37,"35":37,"36":37,"37":37,"38":37,"39":37,"40":37,"41":37,"42":37,"43":37,"44":37,"45":37,"46":37,"47":37,"48":37,"49":37,"50":37,"52":37,"53":37,"54":37,"56":37},"branchMap":{"0":{"type":"branch","line":14,"loc":{"start":{"line":14,"column":57},"end":{"line":57,"column":2}},"locations":[{"start":{"line":14,"column":57},"end":{"line":57,"column":2}}]},"1":{"type":"branch","line":23,"loc":{"start":{"line":23,"column":46},"end":{"line":23,"column":68}},"locations":[{"start":{"line":23,"column":46},"end":{"line":23,"column":68}}]},"2":{"type":"branch","line":24,"loc":{"start":{"line":24,"column":44},"end":{"line":24,"column":66}},"locations":[{"start":{"line":24,"column":44},"end":{"line":24,"column":66}}]},"3":{"type":"branch","line":24,"loc":{"start":{"line":24,"column":66},"end":{"line":24,"column":88}},"locations":[{"start":{"line":24,"column":66},"end":{"line":24,"column":88}}]},"4":{"type":"branch","line":25,"loc":{"start":{"line":25,"column":50},"end":{"line":25,"column":70}},"locations":[{"start":{"line":25,"column":50},"end":{"line":25,"column":70}}]},"5":{"type":"branch","line":26,"loc":{"start":{"line":26,"column":42},"end":{"line":26,"column":60}},"locations":[{"start":{"line":26,"column":42},"end":{"line":26,"column":60}}]},"6":{"type":"branch","line":26,"loc":{"start":{"line":26,"column":60},"end":{"line":26,"column":82}},"locations":[{"start":{"line":26,"column":60},"end":{"line":26,"column":82}}]},"7":{"type":"branch","line":53,"loc":{"start":{"line":53,"column":7},"end":{"line":53,"column":64}},"locations":[{"start":{"line":53,"column":7},"end":{"line":53,"column":64}}]},"8":{"type":"branch","line":54,"loc":{"start":{"line":54,"column":7},"end":{"line":54,"column":25}},"locations":[{"start":{"line":54,"column":7},"end":{"line":54,"column":25}}]},"9":{"type":"branch","line":54,"loc":{"start":{"line":54,"column":16},"end":{"line":54,"column":71}},"locations":[{"start":{"line":54,"column":16},"end":{"line":54,"column":71}}]},"10":{"type":"branch","line":28,"loc":{"start":{"line":28,"column":22},"end":{"line":32,"column":4}},"locations":[{"start":{"line":28,"column":22},"end":{"line":32,"column":4}}]},"11":{"type":"branch","line":29,"loc":{"start":{"line":29,"column":19},"end":{"line":31,"column":5}},"locations":[{"start":{"line":29,"column":19},"end":{"line":31,"column":5}}]},"12":{"type":"branch","line":42,"loc":{"start":{"line":42,"column":22},"end":{"line":42,"column":53}},"locations":[{"start":{"line":42,"column":22},"end":{"line":42,"column":53}}]}},"b":{"0":[37],"1":[6],"2":[6],"3":[6],"4":[6],"5":[4],"6":[6],"7":[4],"8":[5],"9":[3],"10":[7],"11":[6],"12":[2]},"fnMap":{"0":{"name":"FormCheckbox","decl":{"start":{"line":14,"column":57},"end":{"line":57,"column":2}},"loc":{"start":{"line":14,"column":57},"end":{"line":57,"column":2}},"line":14},"1":{"name":"handleClick","decl":{"start":{"line":28,"column":22},"end":{"line":32,"column":4}},"loc":{"start":{"line":28,"column":22},"end":{"line":32,"column":4}},"line":28},"2":{"name":"onChange","decl":{"start":{"line":42,"column":22},"end":{"line":42,"column":53}},"loc":{"start":{"line":42,"column":22},"end":{"line":42,"column":53}},"line":42}},"f":{"0":37,"1":7,"2":2}}
,"/Users/summer/Documents/Repositories/front_7th_chapter3-1/packages/before/src/components/molecules/FormInput.tsx": {"path":"/Users/summer/Documents/Repositories/front_7th_chapter3-1/packages/before/src/components/molecules/FormInput.tsx","all":false,"statementMap":{"0":{"start":{"line":1,"column":0},"end":{"line":1,"column":40}},"22":{"start":{"line":23,"column":0},"end":{"line":23,"column":53}},"23":{"start":{"line":24,"column":0},"end":{"line":24,"column":7}},"24":{"start":{"line":25,"column":0},"end":{"line":25,"column":8}},"25":{"start":{"line":26,"column":0},"end":{"line":26,"column":11}},"26":{"start":{"line":27,"column":0},"end":{"line":27,"column":8}},"27":{"start":{"line":28,"column":0},"end":{"line":28,"column":16}},"28":{"start":{"line":29,"column":0},"end":{"line":29,"column":14}},"29":{"start":{"line":30,"column":0},"end":{"line":30,"column":19}},"30":{"start":{"line":31,"column":0},"end":{"line":31,"column":19}},"31":{"start":{"line":32,"column":0},"end":{"line":32,"column":8}},"32":{"start":{"line":33,"column":0},"end":{"line":33,"column":11}},"33":{"start":{"line":34,"column":0},"end":{"line":34,"column":17}},"34":{"start":{"line":35,"column":0},"end":{"line":35,"column":23}},"35":{"start":{"line":36,"column":0},"end":{"line":36,"column":13}},"36":{"start":{"line":37,"column":0},"end":{"line":37,"column":29}},"37":{"start":{"line":38,"column":0},"end":{"line":38,"column":7}},"38":{"start":{"line":39,"column":0},"end":{"line":39,"column":57}},"41":{"start":{"line":42,"column":0},"end":{"line":42,"column":42}},"42":{"start":{"line":43,"column":0},"end":{"line":43,"column":25}},"44":{"start":{"line":45,"column":0},"end":{"line":45,"column":21}},"47":{"start":{"line":48,"column":0},"end":{"line":48,"column":35}},"48":{"start":{"line":49,"column":0},"end":{"line":49,"column":27}},"49":{"start":{"line":50,"column":0},"end":{"line":50,"column":47}},"50":{"start":{"line":51,"column":0},"end":{"line":51,"column":48}},"51":{"start":{"line":52,"column":0},"end":{"line":52,"column":52}},"52":{"start":{"line":53,"column":0},"end":{"line":53,"column":35}},"53":{"start":{"line":54,"column":0},"end":{"line":54,"column":47}},"54":{"start":{"line":55,"column":0},"end":{"line":55,"column":7}},"57":{"start":{"line":58,"column":0},"end":{"line":58,"column":31}},"58":{"start":{"line":59,"column":0},"end":{"line":59,"column":75}},"59":{"start":{"line":60,"column":0},"end":{"line":60,"column":56}},"60":{"start":{"line":61,"column":0},"end":{"line":61,"column":42}},"61":{"start":{"line":62,"column":0},"end":{"line":62,"column":9}},"62":{"start":{"line":63,"column":0},"end":{"line":63,"column":7}},"63":{"start":{"line":64,"column":0},"end":{"line":64,"column":39}},"64":{"start":{"line":65,"column":0},"end":{"line":65,"column":52}},"65":{"start":{"line":66,"column":0},"end":{"line":66,"column":45}},"66":{"start":{"line":67,"column":0},"end":{"line":67,"column":7}},"69":{"start":{"line":70,"column":0},"end":{"line":70,"column":56}},"70":{"start":{"line":71,"column":0},"end":{"line":71,"column":77}},"71":{"start":{"line":72,"column":0},"end":{"line":72,"column":77}},"72":{"start":{"line":73,"column":0},"end":{"line":73,"column":9}},"73":{"start":{"line":74,"column":0},"end":{"line":74,"column":7}},"74":{"start":{"line":75,"column":0},"end":{"line":75,"column":43}},"75":{"start":{"line":76,"column":0},"end":{"line":76,"column":27}},"76":{"start":{"line":77,"column":0},"end":{"line":77,"column":45}},"77":{"start":{"line":78,"column":0},"end":{"line":78,"column":36}},"78":{"start":{"line":79,"column":0},"end":{"line":79,"column":46}},"79":{"start":{"line":80,"column":0},"end":{"line":80,"column":7}},"82":{"start":{"line":83,"column":0},"end":{"line":83,"column":56}},"83":{"start":{"line":84,"column":0},"end":{"line":84,"column":47}},"84":{"start":{"line":85,"column":0},"end":{"line":85,"column":75}},"85":{"start":{"line":86,"column":0},"end":{"line":86,"column":28}},"86":{"start":{"line":87,"column":0},"end":{"line":87,"column":52}},"87":{"start":{"line":88,"column":0},"end":{"line":88,"column":9}},"88":{"start":{"line":89,"column":0},"end":{"line":89,"column":7}},"89":{"start":{"line":90,"column":0},"end":{"line":90,"column":5}},"90":{"start":{"line":91,"column":0},"end":{"line":91,"column":4}},"92":{"start":{"line":93,"column":0},"end":{"line":93,"column":68}},"93":{"start":{"line":94,"column":0},"end":{"line":94,"column":36}},"94":{"start":{"line":95,"column":0},"end":{"line":95,"column":23}},"95":{"start":{"line":96,"column":0},"end":{"line":96,"column":28}},"96":{"start":{"line":97,"column":0},"end":{"line":97,"column":4}},"98":{"start":{"line":99,"column":0},"end":{"line":99,"column":46}},"99":{"start":{"line":100,"column":0},"end":{"line":100,"column":113}},"100":{"start":{"line":101,"column":0},"end":{"line":101,"column":96}},"102":{"start":{"line":103,"column":0},"end":{"line":103,"column":10}},"103":{"start":{"line":104,"column":0},"end":{"line":104,"column":32}},"104":{"start":{"line":105,"column":0},"end":{"line":105,"column":17}},"105":{"start":{"line":106,"column":0},"end":{"line":106,"column":53}},"106":{"start":{"line":107,"column":0},"end":{"line":107,"column":17}},"107":{"start":{"line":108,"column":0},"end":{"line":108,"column":67}},"108":{"start":{"line":109,"column":0},"end":{"line":109,"column":16}},"111":{"start":{"line":112,"column":0},"end":{"line":112,"column":12}},"112":{"start":{"line":113,"column":0},"end":{"line":113,"column":17}},"113":{"start":{"line":114,"column":0},"end":{"line":114,"column":19}},"114":{"start":{"line":115,"column":0},"end":{"line":115,"column":19}},"115":{"start":{"line":116,"column":0},"end":{"line":116,"column":21}},"116":{"start":{"line":117,"column":0},"end":{"line":117,"column":31}},"117":{"start":{"line":118,"column":0},"end":{"line":118,"column":33}},"118":{"start":{"line":119,"column":0},"end":{"line":119,"column":27}},"119":{"start":{"line":120,"column":0},"end":{"line":120,"column":27}},"120":{"start":{"line":121,"column":0},"end":{"line":121,"column":32}},"121":{"start":{"line":122,"column":0},"end":{"line":122,"column":8}},"123":{"start":{"line":124,"column":0},"end":{"line":124,"column":77}},"124":{"start":{"line":125,"column":0},"end":{"line":125,"column":89}},"125":{"start":{"line":126,"column":0},"end":{"line":126,"column":10}},"127":{"start":{"line":128,"column":0},"end":{"line":128,"column":2}}},"s":{"0":1,"22":1,"23":215,"24":215,"25":215,"26":215,"27":215,"28":215,"29":215,"30":215,"31":215,"32":215,"33":215,"34":215,"35":215,"36":215,"37":215,"38":215,"41":215,"42":119,"44":119,"47":119,"48":27,"49":13,"50":27,"51":1,"52":14,"53":1,"54":1,"57":27,"58":5,"59":5,"60":5,"61":5,"62":5,"63":119,"64":78,"65":70,"66":70,"69":78,"70":16,"71":14,"72":14,"73":16,"74":90,"75":7,"76":1,"77":7,"78":1,"79":1,"82":7,"83":5,"84":5,"85":5,"86":4,"87":4,"88":5,"89":7,"90":119,"92":215,"93":119,"94":119,"95":119,"96":119,"98":215,"99":215,"100":215,"102":215,"103":215,"104":215,"105":97,"106":97,"107":97,"108":97,"111":215,"112":215,"113":215,"114":215,"115":215,"116":215,"117":215,"118":215,"119":215,"120":215,"121":215,"123":215,"124":215,"125":215,"127":215},"branchMap":{"0":{"type":"branch","line":23,"loc":{"start":{"line":23,"column":51},"end":{"line":128,"column":2}},"locations":[{"start":{"line":23,"column":51},"end":{"line":128,"column":2}}]},"1":{"type":"branch","line":99,"loc":{"start":{"line":99,"column":23},"end":{"line":99,"column":46}},"locations":[{"start":{"line":99,"column":23},"end":{"line":99,"column":46}}]},"2":{"type":"branch","line":100,"loc":{"start":{"line":100,"column":38},"end":{"line":100,"column":63}},"locations":[{"start":{"line":100,"column":38},"end":{"line":100,"column":63}}]},"3":{"type":"branch","line":101,"loc":{"start":{"line":101,"column":45},"end":{"line":101,"column":68}},"locations":[{"start":{"line":101,"column":45},"end":{"line":101,"column":68}}]},"4":{"type":"branch","line":105,"loc":{"start":{"line":105,"column":7},"end":{"line":109,"column":16}},"locations":[{"start":{"line":105,"column":7},"end":{"line":109,"column":16}}]},"5":{"type":"branch","line":108,"loc":{"start":{"line":108,"column":11},"end":{"line":108,"column":67}},"locations":[{"start":{"line":108,"column":11},"end":{"line":108,"column":67}}]},"6":{"type":"branch","line":124,"loc":{"start":{"line":124,"column":7},"end":{"line":124,"column":77}},"locations":[{"start":{"line":124,"column":7},"end":{"line":124,"column":77}}]},"7":{"type":"branch","line":125,"loc":{"start":{"line":125,"column":7},"end":{"line":125,"column":36}},"locations":[{"start":{"line":125,"column":7},"end":{"line":125,"column":36}}]},"8":{"type":"branch","line":125,"loc":{"start":{"line":125,"column":20},"end":{"line":125,"column":89}},"locations":[{"start":{"line":125,"column":20},"end":{"line":125,"column":89}}]},"9":{"type":"branch","line":42,"loc":{"start":{"line":42,"column":24},"end":{"line":91,"column":4}},"locations":[{"start":{"line":42,"column":24},"end":{"line":91,"column":4}}]},"10":{"type":"branch","line":45,"loc":{"start":{"line":45,"column":14},"end":{"line":45,"column":21}},"locations":[{"start":{"line":45,"column":14},"end":{"line":45,"column":21}}]},"11":{"type":"branch","line":45,"loc":{"start":{"line":45,"column":14},"end":{"line":48,"column":34}},"locations":[{"start":{"line":45,"column":14},"end":{"line":48,"column":34}}]},"12":{"type":"branch","line":48,"loc":{"start":{"line":48,"column":34},"end":{"line":64,"column":15}},"locations":[{"start":{"line":48,"column":34},"end":{"line":64,"column":15}}]},"13":{"type":"branch","line":49,"loc":{"start":{"line":49,"column":26},"end":{"line":51,"column":17}},"locations":[{"start":{"line":49,"column":26},"end":{"line":51,"column":17}}]},"14":{"type":"branch","line":51,"loc":{"start":{"line":51,"column":6},"end":{"line":55,"column":7}},"locations":[{"start":{"line":51,"column":6},"end":{"line":55,"column":7}}]},"15":{"type":"branch","line":51,"loc":{"start":{"line":51,"column":47},"end":{"line":53,"column":17}},"locations":[{"start":{"line":51,"column":47},"end":{"line":53,"column":17}}]},"16":{"type":"branch","line":53,"loc":{"start":{"line":53,"column":6},"end":{"line":55,"column":7}},"locations":[{"start":{"line":53,"column":6},"end":{"line":55,"column":7}}]},"17":{"type":"branch","line":53,"loc":{"start":{"line":53,"column":34},"end":{"line":55,"column":7}},"locations":[{"start":{"line":53,"column":34},"end":{"line":55,"column":7}}]},"18":{"type":"branch","line":58,"loc":{"start":{"line":58,"column":30},"end":{"line":63,"column":7}},"locations":[{"start":{"line":58,"column":30},"end":{"line":63,"column":7}}]},"19":{"type":"branch","line":64,"loc":{"start":{"line":64,"column":4},"end":{"line":90,"column":5}},"locations":[{"start":{"line":64,"column":4},"end":{"line":90,"column":5}}]},"20":{"type":"branch","line":64,"loc":{"start":{"line":64,"column":38},"end":{"line":75,"column":15}},"locations":[{"start":{"line":64,"column":38},"end":{"line":75,"column":15}}]},"21":{"type":"branch","line":65,"loc":{"start":{"line":65,"column":51},"end":{"line":67,"column":7}},"locations":[{"start":{"line":65,"column":51},"end":{"line":67,"column":7}}]},"22":{"type":"branch","line":70,"loc":{"start":{"line":70,"column":10},"end":{"line":70,"column":55}},"locations":[{"start":{"line":70,"column":10},"end":{"line":70,"column":55}}]},"23":{"type":"branch","line":70,"loc":{"start":{"line":70,"column":55},"end":{"line":74,"column":7}},"locations":[{"start":{"line":70,"column":55},"end":{"line":74,"column":7}}]},"24":{"type":"branch","line":71,"loc":{"start":{"line":71,"column":40},"end":{"line":71,"column":76}},"locations":[{"start":{"line":71,"column":40},"end":{"line":71,"column":76}}]},"25":{"type":"branch","line":71,"loc":{"start":{"line":71,"column":76},"end":{"line":73,"column":9}},"locations":[{"start":{"line":71,"column":76},"end":{"line":73,"column":9}}]},"26":{"type":"branch","line":75,"loc":{"start":{"line":75,"column":4},"end":{"line":90,"column":5}},"locations":[{"start":{"line":75,"column":4},"end":{"line":90,"column":5}}]},"27":{"type":"branch","line":75,"loc":{"start":{"line":75,"column":42},"end":{"line":90,"column":5}},"locations":[{"start":{"line":75,"column":42},"end":{"line":90,"column":5}}]},"28":{"type":"branch","line":76,"loc":{"start":{"line":76,"column":26},"end":{"line":78,"column":17}},"locations":[{"start":{"line":76,"column":26},"end":{"line":78,"column":17}}]},"29":{"type":"branch","line":78,"loc":{"start":{"line":78,"column":6},"end":{"line":80,"column":7}},"locations":[{"start":{"line":78,"column":6},"end":{"line":80,"column":7}}]},"30":{"type":"branch","line":78,"loc":{"start":{"line":78,"column":35},"end":{"line":80,"column":7}},"locations":[{"start":{"line":78,"column":35},"end":{"line":80,"column":7}}]},"31":{"type":"branch","line":83,"loc":{"start":{"line":83,"column":10},"end":{"line":83,"column":55}},"locations":[{"start":{"line":83,"column":10},"end":{"line":83,"column":55}}]},"32":{"type":"branch","line":83,"loc":{"start":{"line":83,"column":55},"end":{"line":89,"column":7}},"locations":[{"start":{"line":83,"column":55},"end":{"line":89,"column":7}}]},"33":{"type":"branch","line":86,"loc":{"start":{"line":86,"column":27},"end":{"line":88,"column":9}},"locations":[{"start":{"line":86,"column":27},"end":{"line":88,"column":9}}]},"34":{"type":"branch","line":85,"loc":{"start":{"line":85,"column":47},"end":{"line":85,"column":73}},"locations":[{"start":{"line":85,"column":47},"end":{"line":85,"column":73}}]},"35":{"type":"branch","line":93,"loc":{"start":{"line":93,"column":23},"end":{"line":97,"column":4}},"locations":[{"start":{"line":93,"column":23},"end":{"line":97,"column":4}}]}},"b":{"0":[215],"1":[209],"2":[100],"3":[100],"4":[97],"5":[95],"6":[100],"7":[3],"8":[2],"9":[119],"10":[2],"11":[117],"12":[27],"13":[13],"14":[14],"15":[1],"16":[13],"17":[1],"18":[5],"19":[90],"20":[78],"21":[70],"22":[16],"23":[16],"24":[15],"25":[14],"26":[12],"27":[7],"28":[1],"29":[6],"30":[1],"31":[5],"32":[5],"33":[4],"34":[10],"35":[119]},"fnMap":{"0":{"name":"FormInput","decl":{"start":{"line":23,"column":51},"end":{"line":128,"column":2}},"loc":{"start":{"line":23,"column":51},"end":{"line":128,"column":2}},"line":23},"1":{"name":"validateField","decl":{"start":{"line":42,"column":24},"end":{"line":91,"column":4}},"loc":{"start":{"line":42,"column":24},"end":{"line":91,"column":4}},"line":42},"2":{"name":"handleChange","decl":{"start":{"line":93,"column":23},"end":{"line":97,"column":4}},"loc":{"start":{"line":93,"column":23},"end":{"line":97,"column":4}},"line":93}},"f":{"0":215,"1":119,"2":119}}
,"/Users/summer/Documents/Repositories/front_7th_chapter3-1/packages/before/src/components/molecules/FormSelect.tsx": {"path":"/Users/summer/Documents/Repositories/front_7th_chapter3-1/packages/before/src/components/molecules/FormSelect.tsx","all":false,"statementMap":{"0":{"start":{"line":1,"column":0},"end":{"line":1,"column":26}},"22":{"start":{"line":23,"column":0},"end":{"line":23,"column":55}},"23":{"start":{"line":24,"column":0},"end":{"line":24,"column":7}},"24":{"start":{"line":25,"column":0},"end":{"line":25,"column":8}},"25":{"start":{"line":26,"column":0},"end":{"line":26,"column":11}},"26":{"start":{"line":27,"column":0},"end":{"line":27,"column":10}},"27":{"start":{"line":28,"column":0},"end":{"line":28,"column":8}},"28":{"start":{"line":29,"column":0},"end":{"line":29,"column":38}},"29":{"start":{"line":30,"column":0},"end":{"line":30,"column":19}},"30":{"start":{"line":31,"column":0},"end":{"line":31,"column":19}},"31":{"start":{"line":32,"column":0},"end":{"line":32,"column":8}},"32":{"start":{"line":33,"column":0},"end":{"line":33,"column":11}},"33":{"start":{"line":34,"column":0},"end":{"line":34,"column":14}},"34":{"start":{"line":35,"column":0},"end":{"line":35,"column":7}},"36":{"start":{"line":37,"column":0},"end":{"line":37,"column":84}},"37":{"start":{"line":38,"column":0},"end":{"line":38,"column":89}},"39":{"start":{"line":40,"column":0},"end":{"line":40,"column":10}},"40":{"start":{"line":41,"column":0},"end":{"line":41,"column":32}},"41":{"start":{"line":42,"column":0},"end":{"line":42,"column":17}},"42":{"start":{"line":43,"column":0},"end":{"line":43,"column":38}},"43":{"start":{"line":44,"column":0},"end":{"line":44,"column":17}},"44":{"start":{"line":45,"column":0},"end":{"line":45,"column":67}},"45":{"start":{"line":46,"column":0},"end":{"line":46,"column":16}},"48":{"start":{"line":49,"column":0},"end":{"line":49,"column":13}},"49":{"start":{"line":50,"column":0},"end":{"line":50,"column":19}},"50":{"start":{"line":51,"column":0},"end":{"line":51,"column":21}},"51":{"start":{"line":52,"column":0},"end":{"line":52,"column":50}},"52":{"start":{"line":53,"column":0},"end":{"line":53,"column":27}},"53":{"start":{"line":54,"column":0},"end":{"line":54,"column":27}},"54":{"start":{"line":55,"column":0},"end":{"line":55,"column":33}},"56":{"start":{"line":57,"column":0},"end":{"line":57,"column":34}},"57":{"start":{"line":58,"column":0},"end":{"line":58,"column":23}},"58":{"start":{"line":59,"column":0},"end":{"line":59,"column":17}},"59":{"start":{"line":60,"column":0},"end":{"line":60,"column":34}},"60":{"start":{"line":61,"column":0},"end":{"line":61,"column":58}},"61":{"start":{"line":62,"column":0},"end":{"line":62,"column":26}},"62":{"start":{"line":63,"column":0},"end":{"line":63,"column":19}},"63":{"start":{"line":64,"column":0},"end":{"line":64,"column":11}},"64":{"start":{"line":65,"column":0},"end":{"line":65,"column":15}},"66":{"start":{"line":67,"column":0},"end":{"line":67,"column":63}},"67":{"start":{"line":68,"column":0},"end":{"line":68,"column":82}},"68":{"start":{"line":69,"column":0},"end":{"line":69,"column":10}},"70":{"start":{"line":71,"column":0},"end":{"line":71,"column":2}}},"s":{"0":1,"22":1,"23":126,"24":126,"25":126,"26":126,"27":126,"28":126,"29":126,"30":126,"31":126,"32":126,"33":126,"34":126,"36":126,"37":126,"39":126,"40":126,"41":126,"42":97,"43":97,"44":97,"45":97,"48":126,"49":126,"50":126,"51":126,"52":126,"53":126,"54":126,"56":126,"57":126,"58":126,"59":126,"60":375,"61":375,"62":375,"63":126,"64":126,"66":126,"67":126,"68":126,"70":126},"branchMap":{"0":{"type":"branch","line":23,"loc":{"start":{"line":23,"column":53},"end":{"line":71,"column":2}},"locations":[{"start":{"line":23,"column":53},"end":{"line":71,"column":2}}]},"1":{"type":"branch","line":37,"loc":{"start":{"line":37,"column":40},"end":{"line":37,"column":56}},"locations":[{"start":{"line":37,"column":40},"end":{"line":37,"column":56}}]},"2":{"type":"branch","line":38,"loc":{"start":{"line":38,"column":45},"end":{"line":38,"column":61}},"locations":[{"start":{"line":38,"column":45},"end":{"line":38,"column":61}}]},"3":{"type":"branch","line":42,"loc":{"start":{"line":42,"column":7},"end":{"line":46,"column":16}},"locations":[{"start":{"line":42,"column":7},"end":{"line":46,"column":16}}]},"4":{"type":"branch","line":45,"loc":{"start":{"line":45,"column":11},"end":{"line":45,"column":67}},"locations":[{"start":{"line":45,"column":11},"end":{"line":45,"column":67}}]},"5":{"type":"branch","line":67,"loc":{"start":{"line":67,"column":7},"end":{"line":67,"column":63}},"locations":[{"start":{"line":67,"column":7},"end":{"line":67,"column":63}}]},"6":{"type":"branch","line":68,"loc":{"start":{"line":68,"column":7},"end":{"line":68,"column":29}},"locations":[{"start":{"line":68,"column":7},"end":{"line":68,"column":29}}]},"7":{"type":"branch","line":68,"loc":{"start":{"line":68,"column":20},"end":{"line":68,"column":82}},"locations":[{"start":{"line":68,"column":20},"end":{"line":68,"column":82}}]},"8":{"type":"branch","line":52,"loc":{"start":{"line":52,"column":18},"end":{"line":52,"column":50}},"locations":[{"start":{"line":52,"column":18},"end":{"line":52,"column":50}}]},"9":{"type":"branch","line":60,"loc":{"start":{"line":60,"column":21},"end":{"line":63,"column":19}},"locations":[{"start":{"line":60,"column":21},"end":{"line":63,"column":19}}]}},"b":{"0":[126],"1":[5],"2":[5],"3":[97],"4":[1],"5":[5],"6":[5],"7":[4],"8":[2],"9":[375]},"fnMap":{"0":{"name":"FormSelect","decl":{"start":{"line":23,"column":53},"end":{"line":71,"column":2}},"loc":{"start":{"line":23,"column":53},"end":{"line":71,"column":2}},"line":23},"1":{"name":"onChange","decl":{"start":{"line":52,"column":18},"end":{"line":52,"column":50}},"loc":{"start":{"line":52,"column":18},"end":{"line":52,"column":50}},"line":52}},"f":{"0":126,"1":2}}
,"/Users/summer/Documents/Repositories/front_7th_chapter3-1/packages/before/src/components/molecules/FormTextarea.tsx": {"path":"/Users/summer/Documents/Repositories/front_7th_chapter3-1/packages/before/src/components/molecules/FormTextarea.tsx","all":false,"statementMap":{"0":{"start":{"line":1,"column":0},"end":{"line":1,"column":26}},"16":{"start":{"line":17,"column":0},"end":{"line":17,"column":59}},"17":{"start":{"line":18,"column":0},"end":{"line":18,"column":7}},"18":{"start":{"line":19,"column":0},"end":{"line":19,"column":8}},"19":{"start":{"line":20,"column":0},"end":{"line":20,"column":11}},"20":{"start":{"line":21,"column":0},"end":{"line":21,"column":8}},"21":{"start":{"line":22,"column":0},"end":{"line":22,"column":14}},"22":{"start":{"line":23,"column":0},"end":{"line":23,"column":19}},"23":{"start":{"line":24,"column":0},"end":{"line":24,"column":19}},"24":{"start":{"line":25,"column":0},"end":{"line":25,"column":8}},"25":{"start":{"line":26,"column":0},"end":{"line":26,"column":11}},"26":{"start":{"line":27,"column":0},"end":{"line":27,"column":11}},"27":{"start":{"line":28,"column":0},"end":{"line":28,"column":7}},"28":{"start":{"line":29,"column":0},"end":{"line":29,"column":88}},"29":{"start":{"line":30,"column":0},"end":{"line":30,"column":89}},"31":{"start":{"line":32,"column":0},"end":{"line":32,"column":10}},"32":{"start":{"line":33,"column":0},"end":{"line":33,"column":32}},"33":{"start":{"line":34,"column":0},"end":{"line":34,"column":17}},"34":{"start":{"line":35,"column":0},"end":{"line":35,"column":38}},"35":{"start":{"line":36,"column":0},"end":{"line":36,"column":17}},"36":{"start":{"line":37,"column":0},"end":{"line":37,"column":67}},"37":{"start":{"line":38,"column":0},"end":{"line":38,"column":16}},"40":{"start":{"line":41,"column":0},"end":{"line":41,"column":15}},"41":{"start":{"line":42,"column":0},"end":{"line":42,"column":19}},"42":{"start":{"line":43,"column":0},"end":{"line":43,"column":21}},"43":{"start":{"line":44,"column":0},"end":{"line":44,"column":50}},"44":{"start":{"line":45,"column":0},"end":{"line":45,"column":33}},"45":{"start":{"line":46,"column":0},"end":{"line":46,"column":27}},"46":{"start":{"line":47,"column":0},"end":{"line":47,"column":27}},"47":{"start":{"line":48,"column":0},"end":{"line":48,"column":19}},"48":{"start":{"line":49,"column":0},"end":{"line":49,"column":35}},"49":{"start":{"line":50,"column":0},"end":{"line":50,"column":8}},"51":{"start":{"line":52,"column":0},"end":{"line":52,"column":63}},"52":{"start":{"line":53,"column":0},"end":{"line":53,"column":82}},"53":{"start":{"line":54,"column":0},"end":{"line":54,"column":10}},"55":{"start":{"line":56,"column":0},"end":{"line":56,"column":2}}},"s":{"0":1,"16":1,"17":29,"18":29,"19":29,"20":29,"21":29,"22":29,"23":29,"24":29,"25":29,"26":29,"27":29,"28":29,"29":29,"31":29,"32":29,"33":29,"34":3,"35":3,"36":3,"37":3,"40":29,"41":29,"42":29,"43":29,"44":29,"45":29,"46":29,"47":29,"48":29,"49":29,"51":29,"52":29,"53":29,"55":29},"branchMap":{"0":{"type":"branch","line":17,"loc":{"start":{"line":17,"column":57},"end":{"line":56,"column":2}},"locations":[{"start":{"line":17,"column":57},"end":{"line":56,"column":2}}]},"1":{"type":"branch","line":29,"loc":{"start":{"line":29,"column":44},"end":{"line":29,"column":60}},"locations":[{"start":{"line":29,"column":44},"end":{"line":29,"column":60}}]},"2":{"type":"branch","line":30,"loc":{"start":{"line":30,"column":45},"end":{"line":30,"column":61}},"locations":[{"start":{"line":30,"column":45},"end":{"line":30,"column":61}}]},"3":{"type":"branch","line":34,"loc":{"start":{"line":34,"column":7},"end":{"line":38,"column":16}},"locations":[{"start":{"line":34,"column":7},"end":{"line":38,"column":16}}]},"4":{"type":"branch","line":37,"loc":{"start":{"line":37,"column":11},"end":{"line":37,"column":67}},"locations":[{"start":{"line":37,"column":11},"end":{"line":37,"column":67}}]},"5":{"type":"branch","line":52,"loc":{"start":{"line":52,"column":7},"end":{"line":52,"column":63}},"locations":[{"start":{"line":52,"column":7},"end":{"line":52,"column":63}}]},"6":{"type":"branch","line":53,"loc":{"start":{"line":53,"column":7},"end":{"line":53,"column":29}},"locations":[{"start":{"line":53,"column":7},"end":{"line":53,"column":29}}]},"7":{"type":"branch","line":53,"loc":{"start":{"line":53,"column":20},"end":{"line":53,"column":82}},"locations":[{"start":{"line":53,"column":20},"end":{"line":53,"column":82}}]},"8":{"type":"branch","line":44,"loc":{"start":{"line":44,"column":18},"end":{"line":44,"column":50}},"locations":[{"start":{"line":44,"column":18},"end":{"line":44,"column":50}}]}},"b":{"0":[29],"1":[5],"2":[5],"3":[3],"4":[1],"5":[5],"6":[5],"7":[4],"8":[1015]},"fnMap":{"0":{"name":"FormTextarea","decl":{"start":{"line":17,"column":57},"end":{"line":56,"column":2}},"loc":{"start":{"line":17,"column":57},"end":{"line":56,"column":2}},"line":17},"1":{"name":"onChange","decl":{"start":{"line":44,"column":18},"end":{"line":44,"column":50}},"loc":{"start":{"line":44,"column":18},"end":{"line":44,"column":50}},"line":44}},"f":{"0":29,"1":1015}}
,"/Users/summer/Documents/Repositories/front_7th_chapter3-1/packages/before/src/components/molecules/index.ts": {"path":"/Users/summer/Documents/Repositories/front_7th_chapter3-1/packages/before/src/components/molecules/index.ts","all":false,"statementMap":{"0":{"start":{"line":1,"column":0},"end":{"line":1,"column":40}}},"s":{"0":1},"branchMap":{},"b":{},"fnMap":{},"f":{}}
,"/Users/summer/Documents/Repositories/front_7th_chapter3-1/packages/before/src/components/organisms/Alert.tsx": {"path":"/Users/summer/Documents/Repositories/front_7th_chapter3-1/packages/before/src/components/organisms/Alert.tsx","all":false,"statementMap":{"0":{"start":{"line":1,"column":0},"end":{"line":1,"column":26}},"11":{"start":{"line":12,"column":0},"end":{"line":12,"column":45}},"12":{"start":{"line":13,"column":0},"end":{"line":13,"column":11}},"13":{"start":{"line":14,"column":0},"end":{"line":14,"column":22}},"14":{"start":{"line":15,"column":0},"end":{"line":15,"column":8}},"15":{"start":{"line":16,"column":0},"end":{"line":16,"column":10}},"16":{"start":{"line":17,"column":0},"end":{"line":17,"column":18}},"17":{"start":{"line":18,"column":0},"end":{"line":18,"column":7}},"18":{"start":{"line":19,"column":0},"end":{"line":19,"column":25}},"19":{"start":{"line":20,"column":0},"end":{"line":20,"column":22}},"20":{"start":{"line":21,"column":0},"end":{"line":21,"column":31}},"21":{"start":{"line":22,"column":0},"end":{"line":22,"column":33}},"22":{"start":{"line":23,"column":0},"end":{"line":23,"column":34}},"23":{"start":{"line":24,"column":0},"end":{"line":24,"column":31}},"24":{"start":{"line":25,"column":0},"end":{"line":25,"column":26}},"25":{"start":{"line":26,"column":0},"end":{"line":26,"column":5}},"26":{"start":{"line":27,"column":0},"end":{"line":27,"column":4}},"28":{"start":{"line":29,"column":0},"end":{"line":29,"column":63}},"30":{"start":{"line":31,"column":0},"end":{"line":31,"column":10}},"31":{"start":{"line":32,"column":0},"end":{"line":32,"column":34}},"32":{"start":{"line":33,"column":0},"end":{"line":33,"column":65}},"33":{"start":{"line":34,"column":0},"end":{"line":34,"column":37}},"34":{"start":{"line":35,"column":0},"end":{"line":35,"column":61}},"35":{"start":{"line":36,"column":0},"end":{"line":36,"column":52}},"36":{"start":{"line":37,"column":0},"end":{"line":37,"column":12}},"37":{"start":{"line":38,"column":0},"end":{"line":38,"column":19}},"38":{"start":{"line":39,"column":0},"end":{"line":39,"column":58}},"40":{"start":{"line":41,"column":0},"end":{"line":41,"column":17}},"42":{"start":{"line":43,"column":0},"end":{"line":43,"column":10}},"44":{"start":{"line":45,"column":0},"end":{"line":45,"column":2}}},"s":{"0":1,"11":1,"12":76,"13":76,"14":76,"15":76,"16":76,"17":76,"18":76,"19":69,"20":69,"21":69,"22":69,"23":69,"24":69,"25":69,"26":69,"28":76,"30":76,"31":76,"32":76,"33":76,"34":76,"35":76,"36":76,"37":76,"38":30,"40":30,"42":76,"44":76},"branchMap":{"0":{"type":"branch","line":12,"loc":{"start":{"line":12,"column":43},"end":{"line":45,"column":2}},"locations":[{"start":{"line":12,"column":43},"end":{"line":45,"column":2}}]},"1":{"type":"branch","line":33,"loc":{"start":{"line":33,"column":7},"end":{"line":33,"column":65}},"locations":[{"start":{"line":33,"column":7},"end":{"line":33,"column":65}}]},"2":{"type":"branch","line":35,"loc":{"start":{"line":35,"column":9},"end":{"line":35,"column":61}},"locations":[{"start":{"line":35,"column":9},"end":{"line":35,"column":61}}]},"3":{"type":"branch","line":38,"loc":{"start":{"line":38,"column":7},"end":{"line":41,"column":17}},"locations":[{"start":{"line":38,"column":7},"end":{"line":41,"column":17}}]},"4":{"type":"branch","line":19,"loc":{"start":{"line":19,"column":18},"end":{"line":27,"column":4}},"locations":[{"start":{"line":19,"column":18},"end":{"line":27,"column":4}}]},"5":{"type":"branch","line":21,"loc":{"start":{"line":21,"column":6},"end":{"line":21,"column":31}},"locations":[{"start":{"line":21,"column":6},"end":{"line":21,"column":31}}]},"6":{"type":"branch","line":22,"loc":{"start":{"line":22,"column":6},"end":{"line":22,"column":33}},"locations":[{"start":{"line":22,"column":6},"end":{"line":22,"column":33}}]},"7":{"type":"branch","line":23,"loc":{"start":{"line":23,"column":6},"end":{"line":23,"column":34}},"locations":[{"start":{"line":23,"column":6},"end":{"line":23,"column":34}}]},"8":{"type":"branch","line":24,"loc":{"start":{"line":24,"column":6},"end":{"line":24,"column":31}},"locations":[{"start":{"line":24,"column":6},"end":{"line":24,"column":31}}]},"9":{"type":"branch","line":25,"loc":{"start":{"line":25,"column":6},"end":{"line":25,"column":26}},"locations":[{"start":{"line":25,"column":6},"end":{"line":25,"column":26}}]}},"b":{"0":[76],"1":[69],"2":[29],"3":[30],"4":[69],"5":[23],"6":[25],"7":[2],"8":[2],"9":[17]},"fnMap":{"0":{"name":"Alert","decl":{"start":{"line":12,"column":43},"end":{"line":45,"column":2}},"loc":{"start":{"line":12,"column":43},"end":{"line":45,"column":2}},"line":12},"1":{"name":"getIcon","decl":{"start":{"line":19,"column":18},"end":{"line":27,"column":4}},"loc":{"start":{"line":19,"column":18},"end":{"line":27,"column":4}},"line":19}},"f":{"0":76,"1":69}}
,"/Users/summer/Documents/Repositories/front_7th_chapter3-1/packages/before/src/components/organisms/Card.tsx": {"path":"/Users/summer/Documents/Repositories/front_7th_chapter3-1/packages/before/src/components/organisms/Card.tsx","all":false,"statementMap":{"0":{"start":{"line":1,"column":0},"end":{"line":1,"column":26}},"10":{"start":{"line":11,"column":0},"end":{"line":11,"column":43}},"11":{"start":{"line":12,"column":0},"end":{"line":12,"column":11}},"12":{"start":{"line":13,"column":0},"end":{"line":13,"column":8}},"13":{"start":{"line":14,"column":0},"end":{"line":14,"column":11}},"14":{"start":{"line":15,"column":0},"end":{"line":15,"column":22}},"15":{"start":{"line":16,"column":0},"end":{"line":16,"column":16}},"16":{"start":{"line":17,"column":0},"end":{"line":17,"column":7}},"17":{"start":{"line":18,"column":0},"end":{"line":18,"column":60}},"19":{"start":{"line":20,"column":0},"end":{"line":20,"column":10}},"20":{"start":{"line":21,"column":0},"end":{"line":21,"column":33}},"21":{"start":{"line":22,"column":0},"end":{"line":22,"column":48}},"22":{"start":{"line":23,"column":0},"end":{"line":23,"column":37}},"23":{"start":{"line":24,"column":0},"end":{"line":24,"column":15}},"24":{"start":{"line":25,"column":0},"end":{"line":25,"column":62}},"25":{"start":{"line":26,"column":0},"end":{"line":26,"column":69}},"26":{"start":{"line":27,"column":0},"end":{"line":27,"column":16}},"27":{"start":{"line":28,"column":0},"end":{"line":28,"column":55}},"28":{"start":{"line":29,"column":0},"end":{"line":29,"column":14}},"30":{"start":{"line":31,"column":0},"end":{"line":31,"column":49}},"31":{"start":{"line":32,"column":0},"end":{"line":32,"column":10}},"33":{"start":{"line":34,"column":0},"end":{"line":34,"column":2}}},"s":{"0":1,"10":1,"11":30,"12":30,"13":30,"14":30,"15":30,"16":30,"17":30,"19":30,"20":30,"21":30,"22":17,"23":17,"24":17,"25":17,"26":17,"27":17,"28":17,"30":30,"31":30,"33":30},"branchMap":{"0":{"type":"branch","line":11,"loc":{"start":{"line":11,"column":41},"end":{"line":34,"column":2}},"locations":[{"start":{"line":11,"column":41},"end":{"line":34,"column":2}}]},"1":{"type":"branch","line":22,"loc":{"start":{"line":22,"column":8},"end":{"line":22,"column":29}},"locations":[{"start":{"line":22,"column":8},"end":{"line":22,"column":29}}]},"2":{"type":"branch","line":22,"loc":{"start":{"line":22,"column":17},"end":{"line":22,"column":48}},"locations":[{"start":{"line":22,"column":17},"end":{"line":22,"column":48}}]},"3":{"type":"branch","line":22,"loc":{"start":{"line":22,"column":29},"end":{"line":29,"column":14}},"locations":[{"start":{"line":22,"column":29},"end":{"line":29,"column":14}}]},"4":{"type":"branch","line":25,"loc":{"start":{"line":25,"column":13},"end":{"line":25,"column":62}},"locations":[{"start":{"line":25,"column":13},"end":{"line":25,"column":62}}]},"5":{"type":"branch","line":26,"loc":{"start":{"line":26,"column":13},"end":{"line":26,"column":69}},"locations":[{"start":{"line":26,"column":13},"end":{"line":26,"column":69}}]},"6":{"type":"branch","line":28,"loc":{"start":{"line":28,"column":11},"end":{"line":28,"column":55}},"locations":[{"start":{"line":28,"column":11},"end":{"line":28,"column":55}}]}},"b":{"0":[30],"1":[19],"2":[16],"3":[17],"4":[11],"5":[7],"6":[7]},"fnMap":{"0":{"name":"Card","decl":{"start":{"line":11,"column":41},"end":{"line":34,"column":2}},"loc":{"start":{"line":11,"column":41},"end":{"line":34,"column":2}},"line":11}},"f":{"0":30}}
,"/Users/summer/Documents/Repositories/front_7th_chapter3-1/packages/before/src/components/organisms/Header.tsx": {"path":"/Users/summer/Documents/Repositories/front_7th_chapter3-1/packages/before/src/components/organisms/Header.tsx","all":false,"statementMap":{"0":{"start":{"line":1,"column":0},"end":{"line":1,"column":26}},"2":{"start":{"line":3,"column":0},"end":{"line":3,"column":39}},"3":{"start":{"line":4,"column":0},"end":{"line":4,"column":10}},"4":{"start":{"line":5,"column":0},"end":{"line":5,"column":20}},"5":{"start":{"line":6,"column":0},"end":{"line":6,"column":33}},"6":{"start":{"line":7,"column":0},"end":{"line":7,"column":40}},"7":{"start":{"line":8,"column":0},"end":{"line":8,"column":50}},"8":{"start":{"line":9,"column":0},"end":{"line":9,"column":25}},"9":{"start":{"line":10,"column":0},"end":{"line":10,"column":13}},"10":{"start":{"line":11,"column":0},"end":{"line":11,"column":19}},"11":{"start":{"line":12,"column":0},"end":{"line":12,"column":7}},"12":{"start":{"line":13,"column":0},"end":{"line":13,"column":19}},"13":{"start":{"line":14,"column":0},"end":{"line":14,"column":27}},"14":{"start":{"line":15,"column":0},"end":{"line":15,"column":25}},"15":{"start":{"line":16,"column":0},"end":{"line":16,"column":26}},"16":{"start":{"line":17,"column":0},"end":{"line":17,"column":24}},"17":{"start":{"line":18,"column":0},"end":{"line":18,"column":40}},"18":{"start":{"line":19,"column":0},"end":{"line":19,"column":29}},"19":{"start":{"line":20,"column":0},"end":{"line":20,"column":23}},"20":{"start":{"line":21,"column":0},"end":{"line":21,"column":9}},"22":{"start":{"line":23,"column":0},"end":{"line":23,"column":21}},"23":{"start":{"line":24,"column":0},"end":{"line":24,"column":26}},"24":{"start":{"line":25,"column":0},"end":{"line":25,"column":31}},"25":{"start":{"line":26,"column":0},"end":{"line":26,"column":22}},"26":{"start":{"line":27,"column":0},"end":{"line":27,"column":11}},"27":{"start":{"line":28,"column":0},"end":{"line":28,"column":23}},"28":{"start":{"line":29,"column":0},"end":{"line":29,"column":26}},"29":{"start":{"line":30,"column":0},"end":{"line":30,"column":27}},"30":{"start":{"line":31,"column":0},"end":{"line":31,"column":39}},"31":{"start":{"line":32,"column":0},"end":{"line":32,"column":32}},"32":{"start":{"line":33,"column":0},"end":{"line":33,"column":28}},"33":{"start":{"line":34,"column":0},"end":{"line":34,"column":33}},"34":{"start":{"line":35,"column":0},"end":{"line":35,"column":37}},"35":{"start":{"line":36,"column":0},"end":{"line":36,"column":29}},"36":{"start":{"line":37,"column":0},"end":{"line":37,"column":31}},"37":{"start":{"line":38,"column":0},"end":{"line":38,"column":29}},"38":{"start":{"line":39,"column":0},"end":{"line":39,"column":13}},"40":{"start":{"line":41,"column":0},"end":{"line":41,"column":16}},"41":{"start":{"line":42,"column":0},"end":{"line":42,"column":15}},"42":{"start":{"line":43,"column":0},"end":{"line":43,"column":24}},"43":{"start":{"line":44,"column":0},"end":{"line":44,"column":31}},"44":{"start":{"line":45,"column":0},"end":{"line":45,"column":32}},"45":{"start":{"line":46,"column":0},"end":{"line":46,"column":31}},"46":{"start":{"line":47,"column":0},"end":{"line":47,"column":24}},"47":{"start":{"line":48,"column":0},"end":{"line":48,"column":28}},"48":{"start":{"line":49,"column":0},"end":{"line":49,"column":15}},"50":{"start":{"line":51,"column":0},"end":{"line":51,"column":17}},"51":{"start":{"line":52,"column":0},"end":{"line":52,"column":23}},"52":{"start":{"line":53,"column":0},"end":{"line":53,"column":31}},"53":{"start":{"line":54,"column":0},"end":{"line":54,"column":31}},"54":{"start":{"line":55,"column":0},"end":{"line":55,"column":24}},"55":{"start":{"line":56,"column":0},"end":{"line":56,"column":28}},"56":{"start":{"line":57,"column":0},"end":{"line":57,"column":31}},"57":{"start":{"line":58,"column":0},"end":{"line":58,"column":15}},"59":{"start":{"line":60,"column":0},"end":{"line":60,"column":16}},"60":{"start":{"line":61,"column":0},"end":{"line":61,"column":16}},"61":{"start":{"line":62,"column":0},"end":{"line":62,"column":14}},"65":{"start":{"line":66,"column":0},"end":{"line":66,"column":21}},"66":{"start":{"line":67,"column":0},"end":{"line":67,"column":26}},"67":{"start":{"line":68,"column":0},"end":{"line":68,"column":31}},"68":{"start":{"line":69,"column":0},"end":{"line":69,"column":22}},"69":{"start":{"line":70,"column":0},"end":{"line":70,"column":11}},"70":{"start":{"line":71,"column":0},"end":{"line":71,"column":23}},"71":{"start":{"line":72,"column":0},"end":{"line":72,"column":31}},"72":{"start":{"line":73,"column":0},"end":{"line":73,"column":13}},"73":{"start":{"line":74,"column":0},"end":{"line":74,"column":25}},"74":{"start":{"line":75,"column":0},"end":{"line":75,"column":31}},"75":{"start":{"line":76,"column":0},"end":{"line":76,"column":32}},"76":{"start":{"line":77,"column":0},"end":{"line":77,"column":31}},"77":{"start":{"line":78,"column":0},"end":{"line":78,"column":15}},"79":{"start":{"line":80,"column":0},"end":{"line":80,"column":18}},"80":{"start":{"line":81,"column":0},"end":{"line":81,"column":25}},"81":{"start":{"line":82,"column":0},"end":{"line":82,"column":31}},"82":{"start":{"line":83,"column":0},"end":{"line":83,"column":31}},"83":{"start":{"line":84,"column":0},"end":{"line":84,"column":15}},"85":{"start":{"line":86,"column":0},"end":{"line":86,"column":18}},"86":{"start":{"line":87,"column":0},"end":{"line":87,"column":16}},"87":{"start":{"line":88,"column":0},"end":{"line":88,"column":23}},"88":{"start":{"line":89,"column":0},"end":{"line":89,"column":26}},"89":{"start":{"line":90,"column":0},"end":{"line":90,"column":27}},"90":{"start":{"line":91,"column":0},"end":{"line":91,"column":32}},"91":{"start":{"line":92,"column":0},"end":{"line":92,"column":39}},"92":{"start":{"line":93,"column":0},"end":{"line":93,"column":28}},"93":{"start":{"line":94,"column":0},"end":{"line":94,"column":33}},"94":{"start":{"line":95,"column":0},"end":{"line":95,"column":37}},"95":{"start":{"line":96,"column":0},"end":{"line":96,"column":29}},"96":{"start":{"line":97,"column":0},"end":{"line":97,"column":30}},"97":{"start":{"line":98,"column":0},"end":{"line":98,"column":29}},"98":{"start":{"line":99,"column":0},"end":{"line":99,"column":13}},"100":{"start":{"line":101,"column":0},"end":{"line":101,"column":16}},"101":{"start":{"line":102,"column":0},"end":{"line":102,"column":14}},"102":{"start":{"line":103,"column":0},"end":{"line":103,"column":12}},"103":{"start":{"line":104,"column":0},"end":{"line":104,"column":13}},"105":{"start":{"line":106,"column":0},"end":{"line":106,"column":2}}},"s":{"0":1,"2":1,"3":24,"4":24,"5":24,"6":24,"7":24,"8":24,"9":24,"10":24,"11":24,"12":24,"13":24,"14":24,"15":24,"16":24,"17":24,"18":24,"19":24,"20":24,"22":24,"23":24,"24":24,"25":24,"26":24,"27":24,"28":24,"29":24,"30":24,"31":24,"32":24,"33":24,"34":24,"35":24,"36":24,"37":24,"38":24,"40":24,"41":24,"42":24,"43":24,"44":24,"45":24,"46":24,"47":24,"48":24,"50":24,"51":24,"52":24,"53":24,"54":24,"55":24,"56":24,"57":24,"59":24,"60":24,"61":24,"65":24,"66":24,"67":24,"68":24,"69":24,"70":24,"71":24,"72":24,"73":24,"74":24,"75":24,"76":24,"77":24,"79":24,"80":24,"81":24,"82":24,"83":24,"85":24,"86":24,"87":24,"88":24,"89":24,"90":24,"91":24,"92":24,"93":24,"94":24,"95":24,"96":24,"97":24,"98":24,"100":24,"101":24,"102":24,"103":24,"105":24},"branchMap":{"0":{"type":"branch","line":3,"loc":{"start":{"line":3,"column":32},"end":{"line":106,"column":2}},"locations":[{"start":{"line":3,"column":32},"end":{"line":106,"column":2}}]}},"b":{"0":[24]},"fnMap":{"0":{"name":"Header","decl":{"start":{"line":3,"column":32},"end":{"line":106,"column":2}},"loc":{"start":{"line":3,"column":32},"end":{"line":106,"column":2}},"line":3}},"f":{"0":24}}
,"/Users/summer/Documents/Repositories/front_7th_chapter3-1/packages/before/src/components/organisms/Modal.tsx": {"path":"/Users/summer/Documents/Repositories/front_7th_chapter3-1/packages/before/src/components/organisms/Modal.tsx","all":false,"statementMap":{"0":{"start":{"line":1,"column":0},"end":{"line":1,"column":41}},"12":{"start":{"line":13,"column":0},"end":{"line":13,"column":45}},"13":{"start":{"line":14,"column":0},"end":{"line":14,"column":9}},"14":{"start":{"line":15,"column":0},"end":{"line":15,"column":10}},"15":{"start":{"line":16,"column":0},"end":{"line":16,"column":8}},"16":{"start":{"line":17,"column":0},"end":{"line":17,"column":11}},"17":{"start":{"line":18,"column":0},"end":{"line":18,"column":18}},"18":{"start":{"line":19,"column":0},"end":{"line":19,"column":21}},"19":{"start":{"line":20,"column":0},"end":{"line":20,"column":16}},"20":{"start":{"line":21,"column":0},"end":{"line":21,"column":7}},"21":{"start":{"line":22,"column":0},"end":{"line":22,"column":19}},"22":{"start":{"line":23,"column":0},"end":{"line":23,"column":17}},"23":{"start":{"line":24,"column":0},"end":{"line":24,"column":46}},"24":{"start":{"line":25,"column":0},"end":{"line":25,"column":12}},"25":{"start":{"line":26,"column":0},"end":{"line":26,"column":45}},"26":{"start":{"line":27,"column":0},"end":{"line":27,"column":5}},"27":{"start":{"line":28,"column":0},"end":{"line":28,"column":18}},"28":{"start":{"line":29,"column":0},"end":{"line":29,"column":45}},"29":{"start":{"line":30,"column":0},"end":{"line":30,"column":6}},"30":{"start":{"line":31,"column":0},"end":{"line":31,"column":15}},"32":{"start":{"line":33,"column":0},"end":{"line":33,"column":27}},"34":{"start":{"line":35,"column":0},"end":{"line":35,"column":68}},"36":{"start":{"line":37,"column":0},"end":{"line":37,"column":10}},"37":{"start":{"line":38,"column":0},"end":{"line":38,"column":53}},"38":{"start":{"line":39,"column":0},"end":{"line":39,"column":73}},"39":{"start":{"line":40,"column":0},"end":{"line":40,"column":19}},"40":{"start":{"line":41,"column":0},"end":{"line":41,"column":40}},"41":{"start":{"line":42,"column":0},"end":{"line":42,"column":52}},"42":{"start":{"line":43,"column":0},"end":{"line":43,"column":62}},"44":{"start":{"line":45,"column":0},"end":{"line":45,"column":21}},"45":{"start":{"line":46,"column":0},"end":{"line":46,"column":16}},"47":{"start":{"line":48,"column":0},"end":{"line":48,"column":36}},"48":{"start":{"line":49,"column":0},"end":{"line":49,"column":20}},"49":{"start":{"line":50,"column":0},"end":{"line":50,"column":14}},"50":{"start":{"line":51,"column":0},"end":{"line":51,"column":41}},"51":{"start":{"line":52,"column":0},"end":{"line":52,"column":40}},"52":{"start":{"line":53,"column":0},"end":{"line":53,"column":27}},"53":{"start":{"line":54,"column":0},"end":{"line":54,"column":16}},"55":{"start":{"line":56,"column":0},"end":{"line":56,"column":12}},"56":{"start":{"line":57,"column":0},"end":{"line":57,"column":10}},"58":{"start":{"line":59,"column":0},"end":{"line":59,"column":2}}},"s":{"0":1,"12":1,"13":159,"14":159,"15":159,"16":159,"17":159,"18":159,"19":159,"20":159,"21":159,"22":49,"23":38,"24":49,"25":11,"26":11,"27":49,"28":49,"29":49,"30":159,"32":159,"34":83,"36":83,"37":83,"38":83,"39":83,"40":54,"41":54,"42":54,"44":54,"45":54,"47":159,"48":159,"49":159,"50":159,"51":52,"52":52,"53":52,"55":159,"56":159,"58":159},"branchMap":{"0":{"type":"branch","line":13,"loc":{"start":{"line":13,"column":43},"end":{"line":59,"column":2}},"locations":[{"start":{"line":13,"column":43},"end":{"line":59,"column":2}}]},"1":{"type":"branch","line":33,"loc":{"start":{"line":33,"column":15},"end":{"line":33,"column":27}},"locations":[{"start":{"line":33,"column":15},"end":{"line":33,"column":27}}]},"2":{
[...]
:33,"column":4}},"34":{"start":{"line":35,"column":0},"end":{"line":35,"column":51}},"35":{"start":{"line":36,"column":0},"end":{"line":36,"column":29}},"36":{"start":{"line":37,"column":0},"end":{"line":37,"column":48}},"37":{"start":{"line":38,"column":0},"end":{"line":38,"column":4}},"39":{"start":{"line":40,"column":0},"end":{"line":40,"column":83}},"41":{"start":{"line":42,"column":0},"end":{"line":42,"column":29}},"43":{"start":{"line":44,"column":0},"end":{"line":44,"column":36}},"44":{"start":{"line":45,"column":0},"end":{"line":45,"column":61}},"45":{"start":{"line":46,"column":0},"end":{"line":46,"column":5}},"47":{"start":{"line":48,"column":0},"end":{"line":48,"column":27}},"48":{"start":{"line":49,"column":0},"end":{"line":49,"column":51}},"49":{"start":{"line":50,"column":0},"end":{"line":50,"column":18}},"50":{"start":{"line":51,"column":0},"end":{"line":51,"column":15}},"51":{"start":{"line":52,"column":0},"end":{"line":52,"column":56}},"52":{"start":{"line":53,"column":0},"end":{"line":53,"column":6}},"54":{"start":{"line":55,"column":0},"end":{"line":55,"column":24}},"55":{"start":{"line":56,"column":0},"end":{"line":56,"column":21}},"56":{"start":{"line":57,"column":0},"end":{"line":57,"column":19}},"57":{"start":{"line":58,"column":0},"end":{"line":58,"column":4}},"59":{"start":{"line":60,"column":0},"end":{"line":60,"column":104}},"60":{"start":{"line":61,"column":0},"end":{"line":61,"column":29}},"61":{"start":{"line":62,"column":0},"end":{"line":62,"column":52}},"63":{"start":{"line":64,"column":0},"end":{"line":64,"column":23}},"64":{"start":{"line":65,"column":0},"end":{"line":65,"column":40}},"65":{"start":{"line":66,"column":0},"end":{"line":66,"column":5}},"67":{"start":{"line":68,"column":0},"end":{"line":68,"column":20}},"68":{"start":{"line":69,"column":0},"end":{"line":69,"column":22}},"69":{"start":{"line":70,"column":0},"end":{"line":70,"column":18}},"70":{"start":{"line":71,"column":0},"end":{"line":71,"column":56}},"71":{"start":{"line":72,"column":0},"end":{"line":72,"column":6}},"72":{"start":{"line":73,"column":0},"end":{"line":73,"column":21}},"73":{"start":{"line":74,"column":0},"end":{"line":74,"column":24}},"74":{"start":{"line":75,"column":0},"end":{"line":75,"column":4}},"76":{"start":{"line":77,"column":0},"end":{"line":77,"column":43}},"77":{"start":{"line":78,"column":0},"end":{"line":78,"column":29}},"78":{"start":{"line":79,"column":0},"end":{"line":79,"column":52}},"80":{"start":{"line":81,"column":0},"end":{"line":81,"column":43}},"81":{"start":{"line":82,"column":0},"end":{"line":82,"column":40}},"82":{"start":{"line":83,"column":0},"end":{"line":83,"column":5}},"84":{"start":{"line":85,"column":0},"end":{"line":85,"column":24}},"85":{"start":{"line":86,"column":0},"end":{"line":86,"column":4}},"87":{"start":{"line":88,"column":0},"end":{"line":88,"column":44}},"88":{"start":{"line":89,"column":0},"end":{"line":89,"column":29}},"89":{"start":{"line":90,"column":0},"end":{"line":90,"column":52}},"91":{"start":{"line":92,"column":0},"end":{"line":92,"column":23}},"92":{"start":{"line":93,"column":0},"end":{"line":93,"column":40}},"93":{"start":{"line":94,"column":0},"end":{"line":94,"column":5}},"95":{"start":{"line":96,"column":0},"end":{"line":96,"column":46}},"96":{"start":{"line":97,"column":0},"end":{"line":97,"column":51}},"97":{"start":{"line":98,"column":0},"end":{"line":98,"column":5}},"99":{"start":{"line":100,"column":0},"end":{"line":100,"column":38}},"100":{"start":{"line":101,"column":0},"end":{"line":101,"column":21}},"101":{"start":{"line":102,"column":0},"end":{"line":102,"column":24}},"102":{"start":{"line":103,"column":0},"end":{"line":103,"column":4}},"104":{"start":{"line":105,"column":0},"end":{"line":105,"column":44}},"105":{"start":{"line":106,"column":0},"end":{"line":106,"column":29}},"106":{"start":{"line":107,"column":0},"end":{"line":107,"column":52}},"108":{"start":{"line":109,"column":0},"end":{"line":109,"column":23}},"109":{"start":{"line":110,"column":0},"end":{"line":110,"column":40}},"110":{"start":{"line":111,"column":0},"end":{"line":111,"column":5}},"112":{"start":{"line":113,"column":0},"end":{"line":113,"column":37}},"113":{"start":{"line":114,"column":0},"end":{"line":114,"column":21}},"114":{"start":{"line":115,"column":0},"end":{"line":115,"column":24}},"115":{"start":{"line":116,"column":0},"end":{"line":116,"column":4}},"117":{"start":{"line":118,"column":0},"end":{"line":118,"column":44}},"118":{"start":{"line":119,"column":0},"end":{"line":119,"column":29}},"119":{"start":{"line":120,"column":0},"end":{"line":120,"column":52}},"121":{"start":{"line":122,"column":0},"end":{"line":122,"column":23}},"122":{"start":{"line":123,"column":0},"end":{"line":123,"column":40}},"123":{"start":{"line":124,"column":0},"end":{"line":124,"column":5}},"125":{"start":{"line":126,"column":0},"end":{"line":126,"column":45}},"126":{"start":{"line":127,"column":0},"end":{"line":127,"column":61}},"127":{"start":{"line":128,"column":0},"end":{"line":128,"column":5}},"129":{"start":{"line":130,"column":0},"end":{"line":130,"column":38}},"130":{"start":{"line":131,"column":0},"end":{"line":131,"column":21}},"131":{"start":{"line":132,"column":0},"end":{"line":132,"column":24}},"132":{"start":{"line":133,"column":0},"end":{"line":133,"column":4}},"133":{"start":{"line":134,"column":0},"end":{"line":134,"column":2}}},"s":{"12":1,"14":1,"15":2,"16":2,"17":2,"18":2,"19":2,"20":2,"21":2,"22":2,"23":2,"25":1,"26":0,"27":0,"29":1,"30":1,"31":2,"32":2,"34":1,"35":0,"36":0,"37":0,"39":1,"41":0,"43":0,"44":0,"45":0,"47":0,"48":0,"49":0,"50":0,"51":0,"52":0,"54":0,"55":0,"56":0,"57":0,"59":1,"60":0,"61":0,"63":0,"64":0,"65":0,"67":0,"68":0,"69":0,"70":0,"71":0,"72":0,"73":0,"74":0,"76":1,"77":0,"78":0,"80":0,"81":0,"82":0,"84":0,"85":0,"87":1,"88":0,"89":0,"91":0,"92":0,"93":0,"95":0,"96":0,"97":0,"99":0,"100":0,"101":0,"102":0,"104":1,"105":0,"106":0,"108":0,"109":0,"110":0,"112":0,"113":0,"114":0,"115":0,"117":1,"118":0,"119":0,"121":0,"122":0,"123":0,"125":0,"126":0,"127":0,"129":0,"130":0,"131":0,"132":0,"133":1},"branchMap":{"0":{"type":"branch","line":15,"loc":{"start":{"line":15,"column":17},"end":{"line":24,"column":2}},"locations":[{"start":{"line":15,"column":17},"end":{"line":24,"column":2}}]},"1":{"type":"branch","line":17,"loc":{"start":{"line":17,"column":9},"end":{"line":17,"column":35}},"locations":[{"start":{"line":17,"column":9},"end":{"line":17,"column":35}}]},"2":{"type":"branch","line":31,"loc":{"start":{"line":31,"column":2},"end":{"line":33,"column":4}},"locations":[{"start":{"line":31,"column":2},"end":{"line":33,"column":4}}]}},"b":{"0":[2],"1":[0],"2":[2]},"fnMap":{"0":{"name":"getPosts","decl":{"start":{"line":15,"column":17},"end":{"line":24,"column":2}},"loc":{"start":{"line":15,"column":17},"end":{"line":24,"column":2}},"line":15},"1":{"name":"savePosts","decl":{"start":{"line":26,"column":18},"end":{"line":28,"column":2}},"loc":{"start":{"line":26,"column":18},"end":{"line":28,"column":2}},"line":26},"2":{"name":"getAll","decl":{"start":{"line":31,"column":2},"end":{"line":33,"column":4}},"loc":{"start":{"line":31,"column":2},"end":{"line":33,"column":4}},"line":31},"3":{"name":"getById","decl":{"start":{"line":35,"column":2},"end":{"line":38,"column":4}},"loc":{"start":{"line":35,"column":2},"end":{"line":38,"column":4}},"line":35},"4":{"name":"create","decl":{"start":{"line":40,"column":2},"end":{"line":58,"column":4}},"loc":{"start":{"line":40,"column":2},"end":{"line":58,"column":4}},"line":40},"5":{"name":"update","decl":{"start":{"line":60,"column":2},"end":{"line":75,"column":4}},"loc":{"start":{"line":60,"column":2},"end":{"line":75,"column":4}},"line":60},"6":{"name":"delete","decl":{"start":{"line":77,"column":2},"end":{"line":86,"column":4}},"loc":{"start":{"line":77,"column":2},"end":{"line":86,"column":4}},"line":77},"7":{"name":"publish","decl":{"start":{"line":88,"column":2},"end":{"line":103,"column":4}},"loc":{"start":{"line":88,"column":2},"end":{"line":103,"column":4}},"line":88},"8":{"name":"archive","decl":{"start":{"line":105,"column":2},"end":{"line":116,"column":4}},"loc":{"start":{"line":105,"column":2},"end":{"line":116,"column":4}},"line":105},"9":{"name":"restore","decl":{"start":{"line":118,"column":2},"end":{"line":133,"column":4}},"loc":{"start":{"line":118,"column":2},"end":{"line":133,"column":4}},"line":118}},"f":{"0":2,"1":0,"2":2,"3":0,"4":0,"5":0,"6":0,"7":0,"8":0,"9":0}}
,"/Users/summer/Documents/Repositories/front_7th_chapter3-1/packages/before/src/services/userService.ts": {"path":"/Users/summer/Documents/Repositories/front_7th_chapter3-1/packages/before/src/services/userService.ts","all":false,"statementMap":{"10":{"start":{"line":11,"column":0},"end":{"line":11,"column":33}},"12":{"start":{"line":13,"column":0},"end":{"line":13,"column":32}},"13":{"start":{"line":14,"column":0},"end":{"line":14,"column":49}},"14":{"start":{"line":15,"column":0},"end":{"line":15,"column":36}},"15":{"start":{"line":16,"column":0},"end":{"line":16,"column":144}},"16":{"start":{"line":17,"column":0},"end":{"line":17,"column":145}},"17":{"start":{"line":18,"column":0},"end":{"line":18,"column":127}},"18":{"start":{"line":19,"column":0},"end":{"line":19,"column":117}},"19":{"start":{"line":20,"column":0},"end":{"line":20,"column":4}},"20":{"start":{"line":21,"column":0},"end":{"line":21,"column":2}},"22":{"start":{"line":23,"column":0},"end":{"line":23,"column":38}},"23":{"start":{"line":24,"column":0},"end":{"line":24,"column":59}},"24":{"start":{"line":25,"column":0},"end":{"line":25,"column":2}},"26":{"start":{"line":27,"column":0},"end":{"line":27,"column":28}},"27":{"start":{"line":28,"column":0},"end":{"line":28,"column":35}},"28":{"start":{"line":29,"column":0},"end":{"line":29,"column":22}},"29":{"start":{"line":30,"column":0},"end":{"line":30,"column":4}},"31":{"start":{"line":32,"column":0},"end":{"line":32,"column":51}},"32":{"start":{"line":33,"column":0},"end":{"line":33,"column":29}},"33":{"start":{"line":34,"column":0},"end":{"line":34,"column":48}},"34":{"start":{"line":35,"column":0},"end":{"line":35,"column":4}},"36":{"start":{"line":37,"column":0},"end":{"line":37,"column":73}},"38":{"start":{"line":39,"column":0},"end":{"line":39,"column":29}},"40":{"start":{"line":41,"column":0},"end":{"line":41,"column":60}},"41":{"start":{"line":42,"column":0},"end":{"line":42,"column":49}},"42":{"start":{"line":43,"column":0},"end":{"line":43,"column":5}},"44":{"start":{"line":45,"column":0},"end":{"line":45,"column":54}},"45":{"start":{"line":46,"column":0},"end":{"line":46,"column":46}},"46":{"start":{"line":47,"column":0},"end":{"line":47,"column":5}},"48":{"start":{"line":49,"column":0},"end":{"line":49,"column":27}},"49":{"start":{"line":50,"column":0},"end":{"line":50,"column":51}},"50":{"start":{"line":51,"column":0},"end":{"line":51,"column":18}},"51":{"start":{"line":52,"column":0},"end":{"line":52,"column":56}},"52":{"start":{"line":53,"column":0},"end":{"line":53,"column":6}},"54":{"start":{"line":55,"column":0},"end":{"line":55,"column":24}},"55":{"start":{"line":56,"column":0},"end":{"line":56,"column":21}},"56":{"start":{"line":57,"column":0},"end":{"line":57,"column":19}},"57":{"start":{"line":58,"column":0},"end":{"line":58,"column":4}},"59":{"start":{"line":60,"column":0},"end":{"line":60,"column":94}},"60":{"start":{"line":61,"column":0},"end":{"line":61,"column":29}},"61":{"start":{"line":62,"column":0},"end":{"line":62,"column":52}},"63":{"start":{"line":64,"column":0},"end":{"line":64,"column":23}},"64":{"start":{"line":65,"column":0},"end":{"line":65,"column":40}},"65":{"start":{"line":66,"column":0},"end":{"line":66,"column":5}},"67":{"start":{"line":68,"column":0},"end":{"line":68,"column":96}},"68":{"start":{"line":69,"column":0},"end":{"line":69,"column":49}},"69":{"start":{"line":70,"column":0},"end":{"line":70,"column":5}},"71":{"start":{"line":72,"column":0},"end":{"line":72,"column":87}},"72":{"start":{"line":73,"column":0},"end":{"line":73,"column":46}},"73":{"start":{"line":74,"column":0},"end":{"line":74,"column":5}},"75":{"start":{"line":76,"column":0},"end":{"line":76,"column":52}},"76":{"start":{"line":77,"column":0},"end":{"line":77,"column":21}},"77":{"start":{"line":78,"column":0},"end":{"line":78,"column":24}},"78":{"start":{"line":79,"column":0},"end":{"line":79,"column":4}},"80":{"start":{"line":81,"column":0},"end":{"line":81,"column":43}},"81":{"start":{"line":82,"column":0},"end":{"line":82,"column":29}},"82":{"start":{"line":83,"column":0},"end":{"line":83,"column":52}},"84":{"start":{"line":85,"column":0},"end":{"line":85,"column":43}},"85":{"start":{"line":86,"column":0},"end":{"line":86,"column":40}},"86":{"start":{"line":87,"column":0},"end":{"line":87,"column":5}},"88":{"start":{"line":89,"column":0},"end":{"line":89,"column":24}},"89":{"start":{"line":90,"column":0},"end":{"line":90,"column":4}},"91":{"start":{"line":92,"column":0},"end":{"line":92,"column":68}},"92":{"start":{"line":93,"column":0},"end":{"line":93,"column":29}},"93":{"start":{"line":94,"column":0},"end":{"line":94,"column":81}},"94":{"start":{"line":95,"column":0},"end":{"line":95,"column":4}},"96":{"start":{"line":97,"column":0},"end":{"line":97,"column":62}},"97":{"start":{"line":98,"column":0},"end":{"line":98,"column":29}},"98":{"start":{"line":99,"column":0},"end":{"line":99,"column":75}},"99":{"start":{"line":100,"column":0},"end":{"line":100,"column":4}},"100":{"start":{"line":101,"column":0},"end":{"line":101,"column":2}}},"s":{"10":1,"12":1,"13":7,"14":7,"15":2,"16":2,"17":2,"18":2,"19":2,"20":7,"22":1,"23":3,"24":3,"26":1,"27":1,"28":4,"29":4,"31":1,"32":0,"33":0,"34":0,"36":1,"38":1,"40":1,"41":0,"42":0,"44":1,"45":0,"46":0,"48":1,"49":1,"50":1,"51":1,"52":1,"54":1,"55":1,"56":1,"57":1,"59":1,"60":1,"61":1,"63":1,"64":0,"65":0,"67":1,"68":0,"69":0,"71":1,"72":0,"73":0,"75":1,"76":1,"77":1,"78":1,"80":1,"81":1,"82":1,"84":1,"85":0,"86":0,"88":1,"89":1,"91":1,"92":0,"93":0,"94":0,"96":1,"97":0,"98":0,"99":0,"100":1},"branchMap":{"0":{"type":"branch","line":13,"loc":{"start":{"line":13,"column":17},"end":{"line":21,"column":2}},"locations":[{"start":{"line":13,"column":17},"end":{"line":21,"column":2}}]},"1":{"type":"branch","line":15,"loc":{"start":{"line":15,"column":9},"end":{"line":15,"column":35}},"locations":[{"start":{"line":15,"column":9},"end":{"line":15,"column":35}}]},"2":{"type":"branch","line":15,"loc":{"start":{"line":15,"column":31},"end":{"line":20,"column":4}},"locations":[{"start":{"line":15,"column":31},"end":{"line":20,"column":4}}]},"3":{"type":"branch","line":23,"loc":{"start":{"line":23,"column":18},"end":{"line":25,"column":2}},"locations":[{"start":{"line":23,"column":18},"end":{"line":25,"column":2}}]},"4":{"type":"branch","line":28,"loc":{"start":{"line":28,"column":2},"end":{"line":30,"column":4}},"locations":[{"start":{"line":28,"column":2},"end":{"line":30,"column":4}}]},"5":{"type":"branch","line":37,"loc":{"start":{"line":37,"column":2},"end":{"line":58,"column":4}},"locations":[{"start":{"line":37,"column":2},"end":{"line":58,"column":4}}]},"6":{"type":"branch","line":41,"loc":{"start":{"line":41,"column":59},"end":{"line":43,"column":5}},"locations":[{"start":{"line":41,"column":59},"end":{"line":43,"column":5}}]},"7":{"type":"branch","line":45,"loc":{"start":{"line":45,"column":53},"end":{"line":47,"column":5}},"locations":[{"start":{"line":45,"column":53},"end":{"line":47,"column":5}}]},"8":{"type":"branch","line":41,"loc":{"start":{"line":41,"column":19},"end":{"line":41,"column":56}},"locations":[{"start":{"line":41,"column":19},"end":{"line":41,"column":56}}]},"9":{"type":"branch","line":45,"loc":{"start":{"line":45,"column":19},"end":{"line":45,"column":50}},"locations":[{"start":{"line":45,"column":19},"end":{"line":45,"column":50}}]},"10":{"type":"branch","line":50,"loc":{"start":{"line":50,"column":32},"end":{"line":50,"column":41}},"locations":[{"start":{"line":50,"column":32},"end":{"line":50,"column":41}}]},"11":{"type":"branch","line":60,"loc":{"start":{"line":60,"column":2},"end":{"line":79,"column":4}},"locations":[{"start":{"line":60,"column":2},"end":{"line":79,"column":4}}]},"12":{"type":"branch","line":64,"loc":{"start":{"line":64,"column":22},"end":{"line":66,"column":5}},"locations":[{"start":{"line":64,"column":22},"end":{"line":66,"column":5}}]},"13":{"type":"branch","line":68,"loc":{"start":{"line":68,"column":95},"end":{"line":70,"column":5}},"locations":[{"start":{"line":68,"column":95},"end":{"line":70,"column":5}}]},"14":{"type":"branch","line":72,"loc":{"start":{"line":72,"column":86},"end":{"line":74,"column":5}},"locations":[{"start":{"line":72,"column":86},"end":{"line":74,"column":5}}]},"15":{"type":"branch","line":62,"loc":{"start":{"line":62,"column":34},"end":{"line":62,"column":50}},"locations":[{"start":{"line":62,"column":34},"end":{"line":62,"column":50}}]},"16":{"type":"branch","line":68,"loc":{"start":{"line":68,"column":40},"end":{"line":68,"column":92}},"locations":[{"start":{"line":68,"column":40},"end":{"line":68,"column":92}}]},"17":{"type":"branch","line":68,"loc":{"start":{"line":68,"column":69},"end":{"line":68,"column":92}},"locations":[{"start":{"line":68,"column":69},"end":{"line":68,"column":92}}]},"18":{"type":"branch","line":72,"loc":{"start":{"line":72,"column":37},"end":{"line":72,"column":83}},"locations":[{"start":{"line":72,"column":37},"end":{"line":72,"column":83}}]},"19":{"type":"branch","line":72,"loc":{"start":{"line":72,"column":63},"end":{"line":72,"column":83}},"locations":[{"start":{"line":72,"column":63},"end":{"line":72,"column":83}}]},"20":{"type":"branch","line":81,"loc":{"start":{"line":81,"column":2},"end":{"line":90,"column":4}},"locations":[{"start":{"line":81,"column":2},"end":{"line":90,"column":4}}]},"21":{"type":"branch","line":85,"loc":{"start":{"line":85,"column":42},"end":{"line":87,"column":5}},"locations":[{"start":{"line":85,"column":42},"end":{"line":87,"column":5}}]},"22":{"type":"branch","line":83,"loc":{"start":{"line":83,"column":34},"end":{"line":83,"column":50}},"locations":[{"start":{"line":83,"column":34},"end":{"line":83,"column":50}}]}},"b":{"0":[7],"1":[5],"2":[2],"3":[3],"4":[4],"5":[1],"6":[0],"7":[0],"8":[4],"9":[4],"10":[4],"11":[1],"12":[0],"13":[0],"14":[0],"15":[5],"16":[5],"17":[1],"18":[5],"19":[0],"20":[1],"21":[0],"22":[5]},"fnMap":{"0":{"name":"getUsers","decl":{"start":{"line":13,"column":17},"end":{"line":21,"column":2}},"loc":{"start":{"line":13,"column":17},"end":{"line":21,"column":2}},"line":13},"1":{"name":"saveUsers","decl":{"start":{"line":23,"column":18},"end":{"line":25,"column":2}},"loc":{"start":{"line":23,"column":18},"end":{"line":25,"column":2}},"line":23},"2":{"name":"getAll","decl":{"start":{"line":28,"column":2},"end":{"line":30,"column":4}},"loc":{"start":{"line":28,"column":2},"end":{"line":30,"column":4}},"line":28},"3":{"name":"getById","decl":{"start":{"line":32,"column":2},"end":{"line":35,"column":4}},"loc":{"start":{"line":32,"column":2},"end":{"line":35,"column":4}},"line":32},"4":{"name":"create","decl":{"start":{"line":37,"column":2},"end":{"line":58,"column":4}},"loc":{"start":{"line":37,"column":2},"end":{"line":58,"column":4}},"line":37},"5":{"name":"update","decl":{"start":{"line":60,"column":2},"end":{"line":79,"column":4}},"loc":{"start":{"line":60,"column":2},"end":{"line":79,"column":4}},"line":60},"6":{"name":"delete","decl":{"start":{"line":81,"column":2},"end":{"line":90,"column":4}},"loc":{"start":{"line":81,"column":2},"end":{"line":90,"column":4}},"line":81},"7":{"name":"checkUsernameAvailable","decl":{"start":{"line":92,"column":2},"end":{"line":95,"column":4}},"loc":{"start":{"line":92,"column":2},"end":{"line":95,"column":4}},"line":92},"8":{"name":"checkEmailAvailable","decl":{"start":{"line":97,"column":2},"end":{"line":100,"column":4}},"loc":{"start":{"line":97,"column":2},"end":{"line":100,"column":4}},"line":97}},"f":{"0":7,"1":3,"2":4,"3":0,"4":1,"5":1,"6":1,"7":0,"8":0}}
}
